{"/Users/mak/Desktop/cursor/js/amoCRM_api/src/config/constants.js": {"path":"/Users/mak/Desktop/cursor/js/amoCRM_api/src/config/constants.js","statementMap":{"0":{"start":{"line":2,"column":20},"end":{"line":10,"column":1}},"1":{"start":{"line":13,"column":18},"end":{"line":18,"column":1}},"2":{"start":{"line":21,"column":21},"end":{"line":29,"column":1}},"3":{"start":{"line":32,"column":16},"end":{"line":36,"column":1}},"4":{"start":{"line":39,"column":21},"end":{"line":42,"column":1}},"5":{"start":{"line":45,"column":26},"end":{"line":49,"column":1}},"6":{"start":{"line":52,"column":23},"end":{"line":63,"column":1}},"7":{"start":{"line":66,"column":19},"end":{"line":68,"column":1}},"8":{"start":{"line":70,"column":0},"end":{"line":79,"column":2}}},"fnMap":{},"branchMap":{},"s":{"0":16,"1":16,"2":16,"3":16,"4":16,"5":16,"6":16,"7":16,"8":16},"f":{},"b":{},"_coverageSchema":"1a1c01bbd47fc00a2c39e90264f33305004495a9","hash":"5ae37828d4f21071765b513b027ca7b799f64724"}
,"/Users/mak/Desktop/cursor/js/amoCRM_api/src/controllers/contactController.js": {"path":"/Users/mak/Desktop/cursor/js/amoCRM_api/src/controllers/contactController.js","statementMap":{"0":{"start":{"line":1,"column":18},"end":{"line":1,"column":48}},"1":{"start":{"line":5,"column":8},"end":{"line":5,"column":45}},"2":{"start":{"line":9,"column":8},"end":{"line":15,"column":9}},"3":{"start":{"line":10,"column":27},"end":{"line":10,"column":37}},"4":{"start":{"line":11,"column":28},"end":{"line":11,"column":72}},"5":{"start":{"line":12,"column":12},"end":{"line":12,"column":30}},"6":{"start":{"line":14,"column":12},"end":{"line":14,"column":24}},"7":{"start":{"line":19,"column":8},"end":{"line":32,"column":9}},"8":{"start":{"line":20,"column":40},"end":{"line":20,"column":68}},"9":{"start":{"line":21,"column":24},"end":{"line":21,"column":55}},"10":{"start":{"line":22,"column":12},"end":{"line":27,"column":13}},"11":{"start":{"line":23,"column":16},"end":{"line":26,"column":19}},"12":{"start":{"line":28,"column":28},"end":{"line":28,"column":78}},"13":{"start":{"line":29,"column":12},"end":{"line":29,"column":79}},"14":{"start":{"line":31,"column":12},"end":{"line":31,"column":24}},"15":{"start":{"line":36,"column":8},"end":{"line":53,"column":9}},"16":{"start":{"line":37,"column":27},"end":{"line":37,"column":37}},"17":{"start":{"line":38,"column":40},"end":{"line":38,"column":68}},"18":{"start":{"line":39,"column":24},"end":{"line":39,"column":55}},"19":{"start":{"line":40,"column":12},"end":{"line":45,"column":13}},"20":{"start":{"line":41,"column":16},"end":{"line":44,"column":19}},"21":{"start":{"line":46,"column":28},"end":{"line":49,"column":13}},"22":{"start":{"line":50,"column":12},"end":{"line":50,"column":30}},"23":{"start":{"line":52,"column":12},"end":{"line":52,"column":24}},"24":{"start":{"line":57,"column":0},"end":{"line":57,"column":35}}},"fnMap":{"0":{"name":"(anonymous_0)","decl":{"start":{"line":4,"column":4},"end":{"line":4,"column":5}},"loc":{"start":{"line":4,"column":32},"end":{"line":6,"column":5}},"line":4},"1":{"name":"(anonymous_1)","decl":{"start":{"line":8,"column":4},"end":{"line":8,"column":5}},"loc":{"start":{"line":8,"column":41},"end":{"line":16,"column":5}},"line":8},"2":{"name":"(anonymous_2)","decl":{"start":{"line":18,"column":4},"end":{"line":18,"column":5}},"loc":{"start":{"line":18,"column":40},"end":{"line":33,"column":5}},"line":18},"3":{"name":"(anonymous_3)","decl":{"start":{"line":35,"column":4},"end":{"line":35,"column":5}},"loc":{"start":{"line":35,"column":40},"end":{"line":54,"column":5}},"line":35}},"branchMap":{"0":{"loc":{"start":{"line":21,"column":40},"end":{"line":21,"column":54}},"type":"binary-expr","locations":[{"start":{"line":21,"column":40},"end":{"line":21,"column":48}},{"start":{"line":21,"column":52},"end":{"line":21,"column":54}}],"line":21},"1":{"loc":{"start":{"line":22,"column":12},"end":{"line":27,"column":13}},"type":"if","locations":[{"start":{"line":22,"column":12},"end":{"line":27,"column":13}},{"start":{},"end":{}}],"line":22},"2":{"loc":{"start":{"line":39,"column":40},"end":{"line":39,"column":54}},"type":"binary-expr","locations":[{"start":{"line":39,"column":40},"end":{"line":39,"column":48}},{"start":{"line":39,"column":52},"end":{"line":39,"column":54}}],"line":39},"3":{"loc":{"start":{"line":40,"column":12},"end":{"line":45,"column":13}},"type":"if","locations":[{"start":{"line":40,"column":12},"end":{"line":45,"column":13}},{"start":{},"end":{}}],"line":40}},"s":{"0":1,"1":4,"2":1,"3":1,"4":1,"5":1,"6":0,"7":2,"8":2,"9":2,"10":2,"11":1,"12":1,"13":1,"14":0,"15":1,"16":1,"17":1,"18":1,"19":1,"20":0,"21":1,"22":1,"23":0,"24":1},"f":{"0":4,"1":1,"2":2,"3":1},"b":{"0":[2,0],"1":[1,1],"2":[1,0],"3":[0,1]},"_coverageSchema":"1a1c01bbd47fc00a2c39e90264f33305004495a9","hash":"c946447e21bc613daaa8f098aa1ee32f20ce4b67"}
,"/Users/mak/Desktop/cursor/js/amoCRM_api/src/controllers/leadController.js": {"path":"/Users/mak/Desktop/cursor/js/amoCRM_api/src/controllers/leadController.js","statementMap":{"0":{"start":{"line":1,"column":18},"end":{"line":1,"column":48}},"1":{"start":{"line":5,"column":8},"end":{"line":5,"column":39}},"2":{"start":{"line":9,"column":8},"end":{"line":15,"column":9}},"3":{"start":{"line":10,"column":27},"end":{"line":10,"column":37}},"4":{"start":{"line":11,"column":25},"end":{"line":11,"column":63}},"5":{"start":{"line":12,"column":12},"end":{"line":12,"column":27}},"6":{"start":{"line":14,"column":12},"end":{"line":14,"column":24}},"7":{"start":{"line":19,"column":8},"end":{"line":32,"column":9}},"8":{"start":{"line":20,"column":37},"end":{"line":20,"column":62}},"9":{"start":{"line":21,"column":24},"end":{"line":21,"column":52}},"10":{"start":{"line":22,"column":12},"end":{"line":27,"column":13}},"11":{"start":{"line":23,"column":16},"end":{"line":26,"column":19}},"12":{"start":{"line":28,"column":25},"end":{"line":28,"column":69}},"13":{"start":{"line":29,"column":12},"end":{"line":29,"column":76}},"14":{"start":{"line":31,"column":12},"end":{"line":31,"column":24}},"15":{"start":{"line":36,"column":8},"end":{"line":50,"column":9}},"16":{"start":{"line":37,"column":27},"end":{"line":37,"column":37}},"17":{"start":{"line":38,"column":37},"end":{"line":38,"column":62}},"18":{"start":{"line":39,"column":24},"end":{"line":39,"column":52}},"19":{"start":{"line":40,"column":12},"end":{"line":45,"column":13}},"20":{"start":{"line":41,"column":16},"end":{"line":44,"column":19}},"21":{"start":{"line":46,"column":25},"end":{"line":46,"column":73}},"22":{"start":{"line":47,"column":12},"end":{"line":47,"column":27}},"23":{"start":{"line":49,"column":12},"end":{"line":49,"column":24}},"24":{"start":{"line":54,"column":0},"end":{"line":54,"column":32}}},"fnMap":{"0":{"name":"(anonymous_0)","decl":{"start":{"line":4,"column":4},"end":{"line":4,"column":5}},"loc":{"start":{"line":4,"column":29},"end":{"line":6,"column":5}},"line":4},"1":{"name":"(anonymous_1)","decl":{"start":{"line":8,"column":4},"end":{"line":8,"column":5}},"loc":{"start":{"line":8,"column":38},"end":{"line":16,"column":5}},"line":8},"2":{"name":"(anonymous_2)","decl":{"start":{"line":18,"column":4},"end":{"line":18,"column":5}},"loc":{"start":{"line":18,"column":37},"end":{"line":33,"column":5}},"line":18},"3":{"name":"(anonymous_3)","decl":{"start":{"line":35,"column":4},"end":{"line":35,"column":5}},"loc":{"start":{"line":35,"column":37},"end":{"line":51,"column":5}},"line":35}},"branchMap":{"0":{"loc":{"start":{"line":21,"column":37},"end":{"line":21,"column":51}},"type":"binary-expr","locations":[{"start":{"line":21,"column":37},"end":{"line":21,"column":45}},{"start":{"line":21,"column":49},"end":{"line":21,"column":51}}],"line":21},"1":{"loc":{"start":{"line":22,"column":12},"end":{"line":27,"column":13}},"type":"if","locations":[{"start":{"line":22,"column":12},"end":{"line":27,"column":13}},{"start":{},"end":{}}],"line":22},"2":{"loc":{"start":{"line":39,"column":37},"end":{"line":39,"column":51}},"type":"binary-expr","locations":[{"start":{"line":39,"column":37},"end":{"line":39,"column":45}},{"start":{"line":39,"column":49},"end":{"line":39,"column":51}}],"line":39},"3":{"loc":{"start":{"line":40,"column":12},"end":{"line":45,"column":13}},"type":"if","locations":[{"start":{"line":40,"column":12},"end":{"line":45,"column":13}},{"start":{},"end":{}}],"line":40}},"s":{"0":1,"1":6,"2":2,"3":2,"4":2,"5":1,"6":1,"7":2,"8":2,"9":2,"10":2,"11":0,"12":2,"13":1,"14":1,"15":2,"16":2,"17":2,"18":2,"19":2,"20":0,"21":2,"22":1,"23":1,"24":1},"f":{"0":6,"1":2,"2":2,"3":2},"b":{"0":[2,0],"1":[0,2],"2":[2,0],"3":[0,2]},"_coverageSchema":"1a1c01bbd47fc00a2c39e90264f33305004495a9","hash":"0101d0ea86bce96cdb327ac5c2a0bac78fafa5b4"}
,"/Users/mak/Desktop/cursor/js/amoCRM_api/src/controllers/linkController.js": {"path":"/Users/mak/Desktop/cursor/js/amoCRM_api/src/controllers/linkController.js","statementMap":{"0":{"start":{"line":1,"column":18},"end":{"line":1,"column":48}},"1":{"start":{"line":5,"column":8},"end":{"line":5,"column":39}},"2":{"start":{"line":9,"column":8},"end":{"line":25,"column":9}},"3":{"start":{"line":10,"column":37},"end":{"line":10,"column":62}},"4":{"start":{"line":11,"column":24},"end":{"line":11,"column":52}},"5":{"start":{"line":12,"column":12},"end":{"line":17,"column":13}},"6":{"start":{"line":13,"column":16},"end":{"line":16,"column":19}},"7":{"start":{"line":18,"column":44},"end":{"line":18,"column":53}},"8":{"start":{"line":19,"column":12},"end":{"line":19,"column":76}},"9":{"start":{"line":20,"column":12},"end":{"line":22,"column":15}},"10":{"start":{"line":24,"column":12},"end":{"line":24,"column":24}},"11":{"start":{"line":29,"column":8},"end":{"line":45,"column":9}},"12":{"start":{"line":30,"column":37},"end":{"line":30,"column":62}},"13":{"start":{"line":31,"column":24},"end":{"line":31,"column":52}},"14":{"start":{"line":32,"column":12},"end":{"line":37,"column":13}},"15":{"start":{"line":33,"column":16},"end":{"line":36,"column":19}},"16":{"start":{"line":38,"column":44},"end":{"line":38,"column":53}},"17":{"start":{"line":39,"column":12},"end":{"line":39,"column":78}},"18":{"start":{"line":40,"column":12},"end":{"line":42,"column":15}},"19":{"start":{"line":44,"column":12},"end":{"line":44,"column":24}},"20":{"start":{"line":49,"column":0},"end":{"line":49,"column":32}}},"fnMap":{"0":{"name":"(anonymous_0)","decl":{"start":{"line":4,"column":4},"end":{"line":4,"column":5}},"loc":{"start":{"line":4,"column":29},"end":{"line":6,"column":5}},"line":4},"1":{"name":"(anonymous_1)","decl":{"start":{"line":8,"column":4},"end":{"line":8,"column":5}},"loc":{"start":{"line":8,"column":46},"end":{"line":26,"column":5}},"line":8},"2":{"name":"(anonymous_2)","decl":{"start":{"line":28,"column":4},"end":{"line":28,"column":5}},"loc":{"start":{"line":28,"column":48},"end":{"line":46,"column":5}},"line":28}},"branchMap":{"0":{"loc":{"start":{"line":11,"column":37},"end":{"line":11,"column":51}},"type":"binary-expr","locations":[{"start":{"line":11,"column":37},"end":{"line":11,"column":45}},{"start":{"line":11,"column":49},"end":{"line":11,"column":51}}],"line":11},"1":{"loc":{"start":{"line":12,"column":12},"end":{"line":17,"column":13}},"type":"if","locations":[{"start":{"line":12,"column":12},"end":{"line":17,"column":13}},{"start":{},"end":{}}],"line":12},"2":{"loc":{"start":{"line":31,"column":37},"end":{"line":31,"column":51}},"type":"binary-expr","locations":[{"start":{"line":31,"column":37},"end":{"line":31,"column":45}},{"start":{"line":31,"column":49},"end":{"line":31,"column":51}}],"line":31},"3":{"loc":{"start":{"line":32,"column":12},"end":{"line":37,"column":13}},"type":"if","locations":[{"start":{"line":32,"column":12},"end":{"line":37,"column":13}},{"start":{},"end":{}}],"line":32}},"s":{"0":1,"1":3,"2":2,"3":2,"4":2,"5":2,"6":1,"7":1,"8":1,"9":1,"10":0,"11":1,"12":1,"13":1,"14":1,"15":0,"16":1,"17":1,"18":1,"19":0,"20":1},"f":{"0":3,"1":2,"2":1},"b":{"0":[2,0],"1":[1,1],"2":[1,0],"3":[0,1]},"_coverageSchema":"1a1c01bbd47fc00a2c39e90264f33305004495a9","hash":"3eb766eb3ecb97f3c6bb579cd0f1ac291d72e77e"}
,"/Users/mak/Desktop/cursor/js/amoCRM_api/src/dto/contactDto.js": {"path":"/Users/mak/Desktop/cursor/js/amoCRM_api/src/dto/contactDto.js","statementMap":{"0":{"start":{"line":2,"column":4},"end":{"line":2,"column":56}},"1":{"start":{"line":6,"column":4},"end":{"line":6,"column":74}},"2":{"start":{"line":6,"column":36},"end":{"line":6,"column":74}},"3":{"start":{"line":7,"column":4},"end":{"line":8,"column":80}},"4":{"start":{"line":8,"column":8},"end":{"line":8,"column":80}},"5":{"start":{"line":9,"column":4},"end":{"line":9,"column":45}},"6":{"start":{"line":13,"column":19},"end":{"line":13,"column":21}},"7":{"start":{"line":15,"column":17},"end":{"line":15,"column":27}},"8":{"start":{"line":16,"column":4},"end":{"line":18,"column":5}},"9":{"start":{"line":17,"column":8},"end":{"line":17,"column":71}},"10":{"start":{"line":20,"column":15},"end":{"line":20,"column":63}},"11":{"start":{"line":21,"column":4},"end":{"line":21,"column":51}},"12":{"start":{"line":21,"column":25},"end":{"line":21,"column":51}},"13":{"start":{"line":23,"column":4},"end":{"line":23,"column":56}},"14":{"start":{"line":23,"column":27},"end":{"line":23,"column":56}},"15":{"start":{"line":25,"column":16},"end":{"line":25,"column":45}},"16":{"start":{"line":26,"column":4},"end":{"line":26,"column":68}},"17":{"start":{"line":26,"column":32},"end":{"line":26,"column":68}},"18":{"start":{"line":28,"column":4},"end":{"line":28,"column":36}},"19":{"start":{"line":31,"column":0},"end":{"line":31,"column":37}}},"fnMap":{"0":{"name":"isNonEmptyString","decl":{"start":{"line":1,"column":9},"end":{"line":1,"column":25}},"loc":{"start":{"line":1,"column":29},"end":{"line":3,"column":1}},"line":1},"1":{"name":"validateCustomFields","decl":{"start":{"line":5,"column":9},"end":{"line":5,"column":29}},"loc":{"start":{"line":5,"column":44},"end":{"line":10,"column":1}},"line":5},"2":{"name":"buildContactDTO","decl":{"start":{"line":12,"column":9},"end":{"line":12,"column":24}},"loc":{"start":{"line":12,"column":32},"end":{"line":29,"column":1}},"line":12}},"branchMap":{"0":{"loc":{"start":{"line":2,"column":11},"end":{"line":2,"column":55}},"type":"binary-expr","locations":[{"start":{"line":2,"column":11},"end":{"line":2,"column":32}},{"start":{"line":2,"column":36},"end":{"line":2,"column":55}}],"line":2},"1":{"loc":{"start":{"line":6,"column":4},"end":{"line":6,"column":74}},"type":"if","locations":[{"start":{"line":6,"column":4},"end":{"line":6,"column":74}},{"start":{},"end":{}}],"line":6},"2":{"loc":{"start":{"line":7,"column":4},"end":{"line":8,"column":80}},"type":"if","locations":[{"start":{"line":7,"column":4},"end":{"line":8,"column":80}},{"start":{},"end":{}}],"line":7},"3":{"loc":{"start":{"line":16,"column":4},"end":{"line":18,"column":5}},"type":"if","locations":[{"start":{"line":16,"column":4},"end":{"line":18,"column":5}},{"start":{},"end":{}}],"line":16},"4":{"loc":{"start":{"line":21,"column":4},"end":{"line":21,"column":51}},"type":"if","locations":[{"start":{"line":21,"column":4},"end":{"line":21,"column":51}},{"start":{},"end":{}}],"line":21},"5":{"loc":{"start":{"line":23,"column":4},"end":{"line":23,"column":56}},"type":"if","locations":[{"start":{"line":23,"column":4},"end":{"line":23,"column":56}},{"start":{},"end":{}}],"line":23},"6":{"loc":{"start":{"line":26,"column":4},"end":{"line":26,"column":68}},"type":"if","locations":[{"start":{"line":26,"column":4},"end":{"line":26,"column":68}},{"start":{},"end":{}}],"line":26}},"s":{"0":5,"1":5,"2":3,"3":2,"4":1,"5":1,"6":5,"7":5,"8":5,"9":2,"10":5,"11":5,"12":1,"13":5,"14":2,"15":3,"16":3,"17":1,"18":3,"19":2},"f":{"0":5,"1":5,"2":5},"b":{"0":[5,5],"1":[3,2],"2":[1,1],"3":[2,3],"4":[1,4],"5":[2,3],"6":[1,2]},"_coverageSchema":"1a1c01bbd47fc00a2c39e90264f33305004495a9","hash":"926c285663d975d5cc8b94ce145be1fe56b0becd"}
,"/Users/mak/Desktop/cursor/js/amoCRM_api/src/dto/leadDto.js": {"path":"/Users/mak/Desktop/cursor/js/amoCRM_api/src/dto/leadDto.js","statementMap":{"0":{"start":{"line":2,"column":4},"end":{"line":2,"column":75}},"1":{"start":{"line":2,"column":63},"end":{"line":2,"column":75}},"2":{"start":{"line":3,"column":14},"end":{"line":3,"column":27}},"3":{"start":{"line":4,"column":4},"end":{"line":4,"column":41}},"4":{"start":{"line":8,"column":4},"end":{"line":8,"column":56}},"5":{"start":{"line":12,"column":4},"end":{"line":12,"column":74}},"6":{"start":{"line":12,"column":36},"end":{"line":12,"column":74}},"7":{"start":{"line":13,"column":4},"end":{"line":14,"column":80}},"8":{"start":{"line":14,"column":8},"end":{"line":14,"column":80}},"9":{"start":{"line":15,"column":4},"end":{"line":15,"column":45}},"10":{"start":{"line":19,"column":19},"end":{"line":19,"column":21}},"11":{"start":{"line":21,"column":17},"end":{"line":21,"column":27}},"12":{"start":{"line":22,"column":4},"end":{"line":24,"column":5}},"13":{"start":{"line":23,"column":8},"end":{"line":23,"column":71}},"14":{"start":{"line":26,"column":18},"end":{"line":26,"column":45}},"15":{"start":{"line":27,"column":4},"end":{"line":29,"column":5}},"16":{"start":{"line":28,"column":8},"end":{"line":28,"column":46}},"17":{"start":{"line":30,"column":4},"end":{"line":32,"column":5}},"18":{"start":{"line":31,"column":8},"end":{"line":31,"column":42}},"19":{"start":{"line":34,"column":23},"end":{"line":34,"column":56}},"20":{"start":{"line":35,"column":4},"end":{"line":37,"column":5}},"21":{"start":{"line":36,"column":8},"end":{"line":36,"column":52}},"22":{"start":{"line":39,"column":21},"end":{"line":39,"column":52}},"23":{"start":{"line":40,"column":4},"end":{"line":42,"column":5}},"24":{"start":{"line":41,"column":8},"end":{"line":41,"column":50}},"25":{"start":{"line":44,"column":15},"end":{"line":44,"column":63}},"26":{"start":{"line":45,"column":4},"end":{"line":47,"column":5}},"27":{"start":{"line":46,"column":8},"end":{"line":46,"column":34}},"28":{"start":{"line":49,"column":4},"end":{"line":51,"column":5}},"29":{"start":{"line":50,"column":8},"end":{"line":50,"column":37}},"30":{"start":{"line":53,"column":16},"end":{"line":53,"column":45}},"31":{"start":{"line":54,"column":4},"end":{"line":54,"column":42}},"32":{"start":{"line":54,"column":24},"end":{"line":54,"column":42}},"33":{"start":{"line":55,"column":4},"end":{"line":55,"column":58}},"34":{"start":{"line":55,"column":29},"end":{"line":55,"column":58}},"35":{"start":{"line":56,"column":4},"end":{"line":56,"column":52}},"36":{"start":{"line":56,"column":27},"end":{"line":56,"column":52}},"37":{"start":{"line":57,"column":4},"end":{"line":57,"column":68}},"38":{"start":{"line":57,"column":32},"end":{"line":57,"column":68}},"39":{"start":{"line":59,"column":4},"end":{"line":59,"column":36}},"40":{"start":{"line":62,"column":0},"end":{"line":62,"column":34}}},"fnMap":{"0":{"name":"toNumberOrNull","decl":{"start":{"line":1,"column":9},"end":{"line":1,"column":23}},"loc":{"start":{"line":1,"column":31},"end":{"line":5,"column":1}},"line":1},"1":{"name":"isNonEmptyString","decl":{"start":{"line":7,"column":9},"end":{"line":7,"column":25}},"loc":{"start":{"line":7,"column":29},"end":{"line":9,"column":1}},"line":7},"2":{"name":"validateCustomFields","decl":{"start":{"line":11,"column":9},"end":{"line":11,"column":29}},"loc":{"start":{"line":11,"column":44},"end":{"line":16,"column":1}},"line":11},"3":{"name":"buildLeadDTO","decl":{"start":{"line":18,"column":9},"end":{"line":18,"column":21}},"loc":{"start":{"line":18,"column":29},"end":{"line":60,"column":1}},"line":18}},"branchMap":{"0":{"loc":{"start":{"line":2,"column":4},"end":{"line":2,"column":75}},"type":"if","locations":[{"start":{"line":2,"column":4},"end":{"line":2,"column":75}},{"start":{},"end":{}}],"line":2},"1":{"loc":{"start":{"line":2,"column":8},"end":{"line":2,"column":61}},"type":"binary-expr","locations":[{"start":{"line":2,"column":8},"end":{"line":2,"column":27}},{"start":{"line":2,"column":31},"end":{"line":2,"column":45}},{"start":{"line":2,"column":49},"end":{"line":2,"column":61}}],"line":2},"2":{"loc":{"start":{"line":4,"column":11},"end":{"line":4,"column":40}},"type":"cond-expr","locations":[{"start":{"line":4,"column":32},"end":{"line":4,"column":33}},{"start":{"line":4,"column":36},"end":{"line":4,"column":40}}],"line":4},"3":{"loc":{"start":{"line":8,"column":11},"end":{"line":8,"column":55}},"type":"binary-expr","locations":[{"start":{"line":8,"column":11},"end":{"line":8,"column":32}},{"start":{"line":8,"column":36},"end":{"line":8,"column":55}}],"line":8},"4":{"loc":{"start":{"line":12,"column":4},"end":{"line":12,"column":74}},"type":"if","locations":[{"start":{"line":12,"column":4},"end":{"line":12,"column":74}},{"start":{},"end":{}}],"line":12},"5":{"loc":{"start":{"line":13,"column":4},"end":{"line":14,"column":80}},"type":"if","locations":[{"start":{"line":13,"column":4},"end":{"line":14,"column":80}},{"start":{},"end":{}}],"line":13},"6":{"loc":{"start":{"line":22,"column":4},"end":{"line":24,"column":5}},"type":"if","locations":[{"start":{"line":22,"column":4},"end":{"line":24,"column":5}},{"start":{},"end":{}}],"line":22},"7":{"loc":{"start":{"line":27,"column":4},"end":{"line":29,"column":5}},"type":"if","locations":[{"start":{"line":27,"column":4},"end":{"line":29,"column":5}},{"start":{},"end":{}}],"line":27},"8":{"loc":{"start":{"line":27,"column":8},"end":{"line":27,"column":51}},"type":"binary-expr","locations":[{"start":{"line":27,"column":8},"end":{"line":27,"column":33}},{"start":{"line":27,"column":37},"end":{"line":27,"column":51}}],"line":27},"9":{"loc":{"start":{"line":30,"column":4},"end":{"line":32,"column":5}},"type":"if","locations":[{"start":{"line":30,"column":4},"end":{"line":32,"column":5}},{"start":{},"end":{}}],"line":30},"10":{"loc":{"start":{"line":30,"column":8},"end":{"line":30,"column":35}},"type":"binary-expr","locations":[{"start":{"line":30,"column":8},"end":{"line":30,"column":22}},{"start":{"line":30,"column":26},"end":{"line":30,"column":35}}],"line":30},"11":{"loc":{"start":{"line":35,"column":4},"end":{"line":37,"column":5}},"type":"if","locations":[{"start":{"line":35,"column":4},"end":{"line":37,"column":5}},{"start":{},"end":{}}],"line":35},"12":{"loc":{"start":{"line":35,"column":8},"end":{"line":35,"column":62}},"type":"binary-expr","locations":[{"start":{"line":35,"column":8},"end":{"line":35,"column":39}},{"start":{"line":35,"column":43},"end":{"line":35,"column":62}}],"line":35},"13":{"loc":{"start":{"line":40,"column":4},"end":{"line":42,"column":5}},"type":"if","locations":[{"start":{"line":40,"column":4},"end":{"line":42,"column":5}},{"start":{},"end":{}}],"line":40},"14":{"loc":{"start":{"line":40,"column":8},"end":{"line":40,"column":58}},"type":"binary-expr","locations":[{"start":{"line":40,"column":8},"end":{"line":40,"column":37}},{"start":{"line":40,"column":41},"end":{"line":40,"column":58}}],"line":40},"15":{"loc":{"start":{"line":45,"column":4},"end":{"line":47,"column":5}},"type":"if","locations":[{"start":{"line":45,"column":4},"end":{"line":47,"column":5}},{"start":{},"end":{}}],"line":45},"16":{"loc":{"start":{"line":49,"column":4},"end":{"line":51,"column":5}},"type":"if","locations":[{"start":{"line":49,"column":4},"end":{"line":51,"column":5}},{"start":{},"end":{}}],"line":49},"17":{"loc":{"start":{"line":54,"column":4},"end":{"line":54,"column":42}},"type":"if","locations":[{"start":{"line":54,"column":4},"end":{"line":54,"column":42}},{"start":{},"end":{}}],"line":54},"18":{"loc":{"start":{"line":55,"column":4},"end":{"line":55,"column":58}},"type":"if","locations":[{"start":{"line":55,"column":4},"end":{"line":55,"column":58}},{"start":{},"end":{}}],"line":55},"19":{"loc":{"start":{"line":56,"column":4},"end":{"line":56,"column":52}},"type":"if","locations":[{"start":{"line":56,"column":4},"end":{"line":56,"column":52}},{"start":{},"end":{}}],"line":56},"20":{"loc":{"start":{"line":57,"column":4},"end":{"line":57,"column":68}},"type":"if","locations":[{"start":{"line":57,"column":4},"end":{"line":57,"column":68}},{"start":{},"end":{}}],"line":57}},"s":{"0":18,"1":15,"2":3,"3":3,"4":6,"5":6,"6":5,"7":1,"8":1,"9":0,"10":6,"11":6,"12":6,"13":1,"14":6,"15":6,"16":1,"17":6,"18":0,"19":6,"20":6,"21":1,"22":6,"23":6,"24":1,"25":6,"26":6,"27":1,"28":6,"29":1,"30":5,"31":5,"32":0,"33":5,"34":0,"35":5,"36":0,"37":5,"38":0,"39":5,"40":2},"f":{"0":18,"1":6,"2":6,"3":6},"b":{"0":[15,3],"1":[18,3,3],"2":[0,3],"3":[6,6],"4":[5,1],"5":[1,0],"6":[1,5],"7":[1,5],"8":[6,1],"9":[0,6],"10":[6,0],"11":[1,5],"12":[6,1],"13":[1,5],"14":[6,1],"15":[1,5],"16":[1,5],"17":[0,5],"18":[0,5],"19":[0,5],"20":[0,5]},"_coverageSchema":"1a1c01bbd47fc00a2c39e90264f33305004495a9","hash":"2085adbc7b1ffe99ae79553ce54a2002d0d0de0f"}
,"/Users/mak/Desktop/cursor/js/amoCRM_api/src/dto/linkDto.js": {"path":"/Users/mak/Desktop/cursor/js/amoCRM_api/src/dto/linkDto.js","statementMap":{"0":{"start":{"line":2,"column":4},"end":{"line":2,"column":75}},"1":{"start":{"line":2,"column":63},"end":{"line":2,"column":75}},"2":{"start":{"line":3,"column":14},"end":{"line":3,"column":27}},"3":{"start":{"line":4,"column":4},"end":{"line":4,"column":41}},"4":{"start":{"line":8,"column":19},"end":{"line":8,"column":21}},"5":{"start":{"line":9,"column":19},"end":{"line":9,"column":48}},"6":{"start":{"line":10,"column":22},"end":{"line":10,"column":54}},"7":{"start":{"line":12,"column":4},"end":{"line":13,"column":64}},"8":{"start":{"line":13,"column":8},"end":{"line":13,"column":64}},"9":{"start":{"line":14,"column":4},"end":{"line":15,"column":67}},"10":{"start":{"line":15,"column":8},"end":{"line":15,"column":67}},"11":{"start":{"line":17,"column":4},"end":{"line":17,"column":56}},"12":{"start":{"line":17,"column":27},"end":{"line":17,"column":56}},"13":{"start":{"line":19,"column":4},"end":{"line":19,"column":75}},"14":{"start":{"line":22,"column":0},"end":{"line":22,"column":34}}},"fnMap":{"0":{"name":"toNumberOrNull","decl":{"start":{"line":1,"column":9},"end":{"line":1,"column":23}},"loc":{"start":{"line":1,"column":31},"end":{"line":5,"column":1}},"line":1},"1":{"name":"buildLinkDTO","decl":{"start":{"line":7,"column":9},"end":{"line":7,"column":21}},"loc":{"start":{"line":7,"column":29},"end":{"line":20,"column":1}},"line":7}},"branchMap":{"0":{"loc":{"start":{"line":2,"column":4},"end":{"line":2,"column":75}},"type":"if","locations":[{"start":{"line":2,"column":4},"end":{"line":2,"column":75}},{"start":{},"end":{}}],"line":2},"1":{"loc":{"start":{"line":2,"column":8},"end":{"line":2,"column":61}},"type":"binary-expr","locations":[{"start":{"line":2,"column":8},"end":{"line":2,"column":27}},{"start":{"line":2,"column":31},"end":{"line":2,"column":45}},{"start":{"line":2,"column":49},"end":{"line":2,"column":61}}],"line":2},"2":{"loc":{"start":{"line":4,"column":11},"end":{"line":4,"column":40}},"type":"cond-expr","locations":[{"start":{"line":4,"column":32},"end":{"line":4,"column":33}},{"start":{"line":4,"column":36},"end":{"line":4,"column":40}}],"line":4},"3":{"loc":{"start":{"line":12,"column":4},"end":{"line":13,"column":64}},"type":"if","locations":[{"start":{"line":12,"column":4},"end":{"line":13,"column":64}},{"start":{},"end":{}}],"line":12},"4":{"loc":{"start":{"line":14,"column":4},"end":{"line":15,"column":67}},"type":"if","locations":[{"start":{"line":14,"column":4},"end":{"line":15,"column":67}},{"start":{},"end":{}}],"line":14},"5":{"loc":{"start":{"line":17,"column":4},"end":{"line":17,"column":56}},"type":"if","locations":[{"start":{"line":17,"column":4},"end":{"line":17,"column":56}},{"start":{},"end":{}}],"line":17}},"s":{"0":10,"1":2,"2":8,"3":8,"4":5,"5":5,"6":5,"7":5,"8":2,"9":5,"10":2,"11":5,"12":2,"13":3,"14":2},"f":{"0":10,"1":5},"b":{"0":[2,8],"1":[10,9,8],"2":[6,2],"3":[2,3],"4":[2,3],"5":[2,3]},"_coverageSchema":"1a1c01bbd47fc00a2c39e90264f33305004495a9","hash":"f04171eda005d9b3e102f7cea3e6b58aaa24fa13"}
,"/Users/mak/Desktop/cursor/js/amoCRM_api/src/models/contactModel.js": {"path":"/Users/mak/Desktop/cursor/js/amoCRM_api/src/models/contactModel.js","statementMap":{"0":{"start":{"line":3,"column":4},"end":{"line":3,"column":30}},"1":{"start":{"line":4,"column":4},"end":{"line":4,"column":32}},"2":{"start":{"line":5,"column":4},"end":{"line":5,"column":44}},"3":{"start":{"line":6,"column":4},"end":{"line":6,"column":42}},"4":{"start":{"line":7,"column":4},"end":{"line":7,"column":61}},"5":{"start":{"line":8,"column":4},"end":{"line":8,"column":43}},"6":{"start":{"line":9,"column":4},"end":{"line":9,"column":43}},"7":{"start":{"line":10,"column":4},"end":{"line":10,"column":71}},"8":{"start":{"line":11,"column":4},"end":{"line":11,"column":71}},"9":{"start":{"line":12,"column":4},"end":{"line":12,"column":64}},"10":{"start":{"line":16,"column":17},"end":{"line":16,"column":19}},"11":{"start":{"line":18,"column":4},"end":{"line":18,"column":41}},"12":{"start":{"line":18,"column":19},"end":{"line":18,"column":41}},"13":{"start":{"line":19,"column":4},"end":{"line":19,"column":59}},"14":{"start":{"line":19,"column":25},"end":{"line":19,"column":59}},"15":{"start":{"line":20,"column":4},"end":{"line":20,"column":56}},"16":{"start":{"line":20,"column":24},"end":{"line":20,"column":56}},"17":{"start":{"line":21,"column":4},"end":{"line":21,"column":86}},"18":{"start":{"line":21,"column":34},"end":{"line":21,"column":86}},"19":{"start":{"line":22,"column":4},"end":{"line":24,"column":5}},"20":{"start":{"line":23,"column":6},"end":{"line":23,"column":60}},"21":{"start":{"line":26,"column":4},"end":{"line":26,"column":16}},"22":{"start":{"line":30,"column":4},"end":{"line":30,"column":34}},"23":{"start":{"line":34,"column":0},"end":{"line":34,"column":30}}},"fnMap":{"0":{"name":"(anonymous_0)","decl":{"start":{"line":2,"column":2},"end":{"line":2,"column":3}},"loc":{"start":{"line":2,"column":25},"end":{"line":13,"column":3}},"line":2},"1":{"name":"(anonymous_1)","decl":{"start":{"line":15,"column":2},"end":{"line":15,"column":3}},"loc":{"start":{"line":15,"column":11},"end":{"line":27,"column":3}},"line":15},"2":{"name":"(anonymous_2)","decl":{"start":{"line":29,"column":2},"end":{"line":29,"column":3}},"loc":{"start":{"line":29,"column":31},"end":{"line":31,"column":3}},"line":29}},"branchMap":{"0":{"loc":{"start":{"line":2,"column":14},"end":{"line":2,"column":23}},"type":"default-arg","locations":[{"start":{"line":2,"column":21},"end":{"line":2,"column":23}}],"line":2},"1":{"loc":{"start":{"line":3,"column":14},"end":{"line":3,"column":29}},"type":"binary-expr","locations":[{"start":{"line":3,"column":14},"end":{"line":3,"column":21}},{"start":{"line":3,"column":25},"end":{"line":3,"column":29}}],"line":3},"2":{"loc":{"start":{"line":4,"column":16},"end":{"line":4,"column":31}},"type":"binary-expr","locations":[{"start":{"line":4,"column":16},"end":{"line":4,"column":25}},{"start":{"line":4,"column":29},"end":{"line":4,"column":31}}],"line":4},"3":{"loc":{"start":{"line":5,"column":22},"end":{"line":5,"column":43}},"type":"binary-expr","locations":[{"start":{"line":5,"column":22},"end":{"line":5,"column":37}},{"start":{"line":5,"column":41},"end":{"line":5,"column":43}}],"line":5},"4":{"loc":{"start":{"line":6,"column":21},"end":{"line":6,"column":41}},"type":"binary-expr","locations":[{"start":{"line":6,"column":21},"end":{"line":6,"column":35}},{"start":{"line":6,"column":39},"end":{"line":6,"column":41}}],"line":6},"5":{"loc":{"start":{"line":7,"column":31},"end":{"line":7,"column":60}},"type":"binary-expr","locations":[{"start":{"line":7,"column":31},"end":{"line":7,"column":55}},{"start":{"line":7,"column":59},"end":{"line":7,"column":60}}],"line":7},"6":{"loc":{"start":{"line":8,"column":22},"end":{"line":8,"column":42}},"type":"binary-expr","locations":[{"start":{"line":8,"column":22},"end":{"line":8,"column":37}},{"start":{"line":8,"column":41},"end":{"line":8,"column":42}}],"line":8},"7":{"loc":{"start":{"line":9,"column":22},"end":{"line":9,"column":42}},"type":"binary-expr","locations":[{"start":{"line":9,"column":22},"end":{"line":9,"column":37}},{"start":{"line":9,"column":41},"end":{"line":9,"column":42}}],"line":9},"8":{"loc":{"start":{"line":10,"column":22},"end":{"line":10,"column":70}},"type":"binary-expr","locations":[{"start":{"line":10,"column":22},"end":{"line":10,"column":37}},{"start":{"line":10,"column":41},"end":{"line":10,"column":70}}],"line":10},"9":{"loc":{"start":{"line":11,"column":22},"end":{"line":11,"column":70}},"type":"binary-expr","locations":[{"start":{"line":11,"column":22},"end":{"line":11,"column":37}},{"start":{"line":11,"column":41},"end":{"line":11,"column":70}}],"line":11},"10":{"loc":{"start":{"line":12,"column":32},"end":{"line":12,"column":63}},"type":"binary-expr","locations":[{"start":{"line":12,"column":32},"end":{"line":12,"column":57}},{"start":{"line":12,"column":61},"end":{"line":12,"column":63}}],"line":12},"11":{"loc":{"start":{"line":18,"column":4},"end":{"line":18,"column":41}},"type":"if","locations":[{"start":{"line":18,"column":4},"end":{"line":18,"column":41}},{"start":{},"end":{}}],"line":18},"12":{"loc":{"start":{"line":19,"column":4},"end":{"line":19,"column":59}},"type":"if","locations":[{"start":{"line":19,"column":4},"end":{"line":19,"column":59}},{"start":{},"end":{}}],"line":19},"13":{"loc":{"start":{"line":20,"column":4},"end":{"line":20,"column":56}},"type":"if","locations":[{"start":{"line":20,"column":4},"end":{"line":20,"column":56}},{"start":{},"end":{}}],"line":20},"14":{"loc":{"start":{"line":21,"column":4},"end":{"line":21,"column":86}},"type":"if","locations":[{"start":{"line":21,"column":4},"end":{"line":21,"column":86}},{"start":{},"end":{}}],"line":21},"15":{"loc":{"start":{"line":22,"column":4},"end":{"line":24,"column":5}},"type":"if","locations":[{"start":{"line":22,"column":4},"end":{"line":24,"column":5}},{"start":{},"end":{}}],"line":22},"16":{"loc":{"start":{"line":22,"column":8},"end":{"line":22,"column":73}},"type":"binary-expr","locations":[{"start":{"line":22,"column":8},"end":{"line":22,"column":33}},{"start":{"line":22,"column":37},"end":{"line":22,"column":73}}],"line":22}},"s":{"0":16,"1":16,"2":16,"3":16,"4":16,"5":16,"6":16,"7":16,"8":16,"9":16,"10":3,"11":3,"12":2,"13":3,"14":1,"15":3,"16":2,"17":3,"18":1,"19":3,"20":1,"21":3,"22":8,"23":4},"f":{"0":16,"1":3,"2":8},"b":{"0":[10],"1":[16,11],"2":[16,11],"3":[16,14],"4":[16,14],"5":[16,15],"6":[16,15],"7":[16,15],"8":[16,16],"9":[16,16],"10":[16,15],"11":[2,1],"12":[1,2],"13":[2,1],"14":[1,2],"15":[1,2],"16":[3,3]},"_coverageSchema":"1a1c01bbd47fc00a2c39e90264f33305004495a9","hash":"9e9a4c7825387aaec85e49526950e34815b177d7"}
,"/Users/mak/Desktop/cursor/js/amoCRM_api/src/models/leadModel.js": {"path":"/Users/mak/Desktop/cursor/js/amoCRM_api/src/models/leadModel.js","statementMap":{"0":{"start":{"line":3,"column":4},"end":{"line":3,"column":30}},"1":{"start":{"line":4,"column":4},"end":{"line":4,"column":32}},"2":{"start":{"line":5,"column":4},"end":{"line":5,"column":33}},"3":{"start":{"line":6,"column":4},"end":{"line":6,"column":44}},"4":{"start":{"line":7,"column":4},"end":{"line":7,"column":48}},"5":{"start":{"line":8,"column":4},"end":{"line":8,"column":43}},"6":{"start":{"line":9,"column":4},"end":{"line":9,"column":43}},"7":{"start":{"line":10,"column":4},"end":{"line":10,"column":71}},"8":{"start":{"line":11,"column":4},"end":{"line":11,"column":71}},"9":{"start":{"line":12,"column":4},"end":{"line":12,"column":64}},"10":{"start":{"line":16,"column":17},"end":{"line":16,"column":19}},"11":{"start":{"line":18,"column":4},"end":{"line":18,"column":41}},"12":{"start":{"line":18,"column":19},"end":{"line":18,"column":41}},"13":{"start":{"line":19,"column":4},"end":{"line":19,"column":44}},"14":{"start":{"line":19,"column":20},"end":{"line":19,"column":44}},"15":{"start":{"line":20,"column":4},"end":{"line":20,"column":56}},"16":{"start":{"line":20,"column":24},"end":{"line":20,"column":56}},"17":{"start":{"line":21,"column":4},"end":{"line":21,"column":62}},"18":{"start":{"line":21,"column":26},"end":{"line":21,"column":62}},"19":{"start":{"line":22,"column":4},"end":{"line":24,"column":5}},"20":{"start":{"line":23,"column":6},"end":{"line":23,"column":60}},"21":{"start":{"line":26,"column":4},"end":{"line":26,"column":16}},"22":{"start":{"line":30,"column":4},"end":{"line":30,"column":31}},"23":{"start":{"line":34,"column":0},"end":{"line":34,"column":27}}},"fnMap":{"0":{"name":"(anonymous_0)","decl":{"start":{"line":2,"column":2},"end":{"line":2,"column":3}},"loc":{"start":{"line":2,"column":25},"end":{"line":13,"column":3}},"line":2},"1":{"name":"(anonymous_1)","decl":{"start":{"line":15,"column":2},"end":{"line":15,"column":3}},"loc":{"start":{"line":15,"column":11},"end":{"line":27,"column":3}},"line":15},"2":{"name":"(anonymous_2)","decl":{"start":{"line":29,"column":2},"end":{"line":29,"column":3}},"loc":{"start":{"line":29,"column":31},"end":{"line":31,"column":3}},"line":29}},"branchMap":{"0":{"loc":{"start":{"line":2,"column":14},"end":{"line":2,"column":23}},"type":"default-arg","locations":[{"start":{"line":2,"column":21},"end":{"line":2,"column":23}}],"line":2},"1":{"loc":{"start":{"line":3,"column":14},"end":{"line":3,"column":29}},"type":"binary-expr","locations":[{"start":{"line":3,"column":14},"end":{"line":3,"column":21}},{"start":{"line":3,"column":25},"end":{"line":3,"column":29}}],"line":3},"2":{"loc":{"start":{"line":4,"column":16},"end":{"line":4,"column":31}},"type":"binary-expr","locations":[{"start":{"line":4,"column":16},"end":{"line":4,"column":25}},{"start":{"line":4,"column":29},"end":{"line":4,"column":31}}],"line":4},"3":{"loc":{"start":{"line":5,"column":17},"end":{"line":5,"column":32}},"type":"binary-expr","locations":[{"start":{"line":5,"column":17},"end":{"line":5,"column":27}},{"start":{"line":5,"column":31},"end":{"line":5,"column":32}}],"line":5},"4":{"loc":{"start":{"line":6,"column":21},"end":{"line":6,"column":43}},"type":"binary-expr","locations":[{"start":{"line":6,"column":21},"end":{"line":6,"column":35}},{"start":{"line":6,"column":39},"end":{"line":6,"column":43}}],"line":6},"5":{"loc":{"start":{"line":7,"column":23},"end":{"line":7,"column":47}},"type":"binary-expr","locations":[{"start":{"line":7,"column":23},"end":{"line":7,"column":39}},{"start":{"line":7,"column":43},"end":{"line":7,"column":47}}],"line":7},"6":{"loc":{"start":{"line":8,"column":22},"end":{"line":8,"column":42}},"type":"binary-expr","locations":[{"start":{"line":8,"column":22},"end":{"line":8,"column":37}},{"start":{"line":8,"column":41},"end":{"line":8,"column":42}}],"line":8},"7":{"loc":{"start":{"line":9,"column":22},"end":{"line":9,"column":42}},"type":"binary-expr","locations":[{"start":{"line":9,"column":22},"end":{"line":9,"column":37}},{"start":{"line":9,"column":41},"end":{"line":9,"column":42}}],"line":9},"8":{"loc":{"start":{"line":10,"column":22},"end":{"line":10,"column":70}},"type":"binary-expr","locations":[{"start":{"line":10,"column":22},"end":{"line":10,"column":37}},{"start":{"line":10,"column":41},"end":{"line":10,"column":70}}],"line":10},"9":{"loc":{"start":{"line":11,"column":22},"end":{"line":11,"column":70}},"type":"binary-expr","locations":[{"start":{"line":11,"column":22},"end":{"line":11,"column":37}},{"start":{"line":11,"column":41},"end":{"line":11,"column":70}}],"line":11},"10":{"loc":{"start":{"line":12,"column":32},"end":{"line":12,"column":63}},"type":"binary-expr","locations":[{"start":{"line":12,"column":32},"end":{"line":12,"column":57}},{"start":{"line":12,"column":61},"end":{"line":12,"column":63}}],"line":12},"11":{"loc":{"start":{"line":18,"column":4},"end":{"line":18,"column":41}},"type":"if","locations":[{"start":{"line":18,"column":4},"end":{"line":18,"column":41}},{"start":{},"end":{}}],"line":18},"12":{"loc":{"start":{"line":19,"column":4},"end":{"line":19,"column":44}},"type":"if","locations":[{"start":{"line":19,"column":4},"end":{"line":19,"column":44}},{"start":{},"end":{}}],"line":19},"13":{"loc":{"start":{"line":20,"column":4},"end":{"line":20,"column":56}},"type":"if","locations":[{"start":{"line":20,"column":4},"end":{"line":20,"column":56}},{"start":{},"end":{}}],"line":20},"14":{"loc":{"start":{"line":21,"column":4},"end":{"line":21,"column":62}},"type":"if","locations":[{"start":{"line":21,"column":4},"end":{"line":21,"column":62}},{"start":{},"end":{}}],"line":21},"15":{"loc":{"start":{"line":22,"column":4},"end":{"line":24,"column":5}},"type":"if","locations":[{"start":{"line":22,"column":4},"end":{"line":24,"column":5}},{"start":{},"end":{}}],"line":22},"16":{"loc":{"start":{"line":22,"column":8},"end":{"line":22,"column":73}},"type":"binary-expr","locations":[{"start":{"line":22,"column":8},"end":{"line":22,"column":33}},{"start":{"line":22,"column":37},"end":{"line":22,"column":73}}],"line":22}},"s":{"0":13,"1":13,"2":13,"3":13,"4":13,"5":13,"6":13,"7":13,"8":13,"9":13,"10":6,"11":6,"12":5,"13":6,"14":0,"15":6,"16":1,"17":6,"18":1,"19":6,"20":1,"21":6,"22":7,"23":3},"f":{"0":13,"1":6,"2":7},"b":{"0":[0],"1":[13,4],"2":[13,3],"3":[13,13],"4":[13,12],"5":[13,12],"6":[13,13],"7":[13,13],"8":[13,13],"9":[13,13],"10":[13,11],"11":[5,1],"12":[0,6],"13":[1,5],"14":[1,5],"15":[1,5],"16":[6,6]},"_coverageSchema":"1a1c01bbd47fc00a2c39e90264f33305004495a9","hash":"a87e9cd3681971abf262d792392c08d482d986d2"}
,"/Users/mak/Desktop/cursor/js/amoCRM_api/src/services/contactService.js": {"path":"/Users/mak/Desktop/cursor/js/amoCRM_api/src/services/contactService.js","statementMap":{"0":{"start":{"line":1,"column":21},"end":{"line":1,"column":54}},"1":{"start":{"line":2,"column":18},"end":{"line":2,"column":48}},"2":{"start":{"line":6,"column":4},"end":{"line":6,"column":25}},"3":{"start":{"line":10,"column":4},"end":{"line":15,"column":5}},"4":{"start":{"line":11,"column":23},"end":{"line":11,"column":59}},"5":{"start":{"line":12,"column":6},"end":{"line":12,"column":52}},"6":{"start":{"line":14,"column":6},"end":{"line":14,"column":18}},"7":{"start":{"line":19,"column":4},"end":{"line":57,"column":5}},"8":{"start":{"line":20,"column":6},"end":{"line":42,"column":7}},"9":{"start":{"line":21,"column":27},"end":{"line":21,"column":103}},"10":{"start":{"line":21,"column":74},"end":{"line":21,"column":102}},"11":{"start":{"line":22,"column":27},"end":{"line":22,"column":103}},"12":{"start":{"line":22,"column":74},"end":{"line":22,"column":102}},"13":{"start":{"line":24,"column":8},"end":{"line":41,"column":9}},"14":{"start":{"line":25,"column":23},"end":{"line":25,"column":25}},"15":{"start":{"line":27,"column":10},"end":{"line":31,"column":11}},"16":{"start":{"line":28,"column":12},"end":{"line":28,"column":54}},"17":{"start":{"line":29,"column":17},"end":{"line":31,"column":11}},"18":{"start":{"line":30,"column":12},"end":{"line":30,"column":54}},"19":{"start":{"line":33,"column":35},"end":{"line":33,"column":83}},"20":{"start":{"line":35,"column":10},"end":{"line":40,"column":11}},"21":{"start":{"line":39,"column":12},"end":{"line":39,"column":145}},"22":{"start":{"line":44,"column":27},"end":{"line":44,"column":56}},"23":{"start":{"line":45,"column":23},"end":{"line":45,"column":77}},"24":{"start":{"line":47,"column":6},"end":{"line":52,"column":7}},"25":{"start":{"line":51,"column":8},"end":{"line":51,"column":133}},"26":{"start":{"line":54,"column":6},"end":{"line":54,"column":70}},"27":{"start":{"line":56,"column":6},"end":{"line":56,"column":18}},"28":{"start":{"line":61,"column":4},"end":{"line":77,"column":5}},"29":{"start":{"line":62,"column":6},"end":{"line":62,"column":36}},"30":{"start":{"line":64,"column":27},"end":{"line":64,"column":67}},"31":{"start":{"line":65,"column":23},"end":{"line":65,"column":81}},"32":{"start":{"line":67,"column":6},"end":{"line":72,"column":7}},"33":{"start":{"line":71,"column":8},"end":{"line":71,"column":133}},"34":{"start":{"line":74,"column":6},"end":{"line":74,"column":70}},"35":{"start":{"line":76,"column":6},"end":{"line":76,"column":18}},"36":{"start":{"line":81,"column":0},"end":{"line":81,"column":32}}},"fnMap":{"0":{"name":"(anonymous_0)","decl":{"start":{"line":5,"column":2},"end":{"line":5,"column":3}},"loc":{"start":{"line":5,"column":22},"end":{"line":7,"column":3}},"line":5},"1":{"name":"(anonymous_1)","decl":{"start":{"line":9,"column":2},"end":{"line":9,"column":3}},"loc":{"start":{"line":9,"column":27},"end":{"line":16,"column":3}},"line":9},"2":{"name":"(anonymous_2)","decl":{"start":{"line":18,"column":2},"end":{"line":18,"column":3}},"loc":{"start":{"line":18,"column":35},"end":{"line":58,"column":3}},"line":18},"3":{"name":"(anonymous_3)","decl":{"start":{"line":21,"column":65},"end":{"line":21,"column":66}},"loc":{"start":{"line":21,"column":74},"end":{"line":21,"column":102}},"line":21},"4":{"name":"(anonymous_4)","decl":{"start":{"line":22,"column":65},"end":{"line":22,"column":66}},"loc":{"start":{"line":22,"column":74},"end":{"line":22,"column":102}},"line":22},"5":{"name":"(anonymous_5)","decl":{"start":{"line":60,"column":2},"end":{"line":60,"column":3}},"loc":{"start":{"line":60,"column":39},"end":{"line":78,"column":3}},"line":60}},"branchMap":{"0":{"loc":{"start":{"line":20,"column":6},"end":{"line":42,"column":7}},"type":"if","locations":[{"start":{"line":20,"column":6},"end":{"line":42,"column":7}},{"start":{},"end":{}}],"line":20},"1":{"loc":{"start":{"line":24,"column":8},"end":{"line":41,"column":9}},"type":"if","locations":[{"start":{"line":24,"column":8},"end":{"line":41,"column":9}},{"start":{},"end":{}}],"line":24},"2":{"loc":{"start":{"line":24,"column":12},"end":{"line":24,"column":36}},"type":"binary-expr","locations":[{"start":{"line":24,"column":12},"end":{"line":24,"column":22}},{"start":{"line":24,"column":26},"end":{"line":24,"column":36}}],"line":24},"3":{"loc":{"start":{"line":27,"column":10},"end":{"line":31,"column":11}},"type":"if","locations":[{"start":{"line":27,"column":10},"end":{"line":31,"column":11}},{"start":{"line":29,"column":17},"end":{"line":31,"column":11}}],"line":27},"4":{"loc":{"start":{"line":29,"column":17},"end":{"line":31,"column":11}},"type":"if","locations":[{"start":{"line":29,"column":17},"end":{"line":31,"column":11}},{"start":{},"end":{}}],"line":29},"5":{"loc":{"start":{"line":35,"column":10},"end":{"line":40,"column":11}},"type":"if","locations":[{"start":{"line":35,"column":10},"end":{"line":40,"column":11}},{"start":{},"end":{}}],"line":35},"6":{"loc":{"start":{"line":35,"column":14},"end":{"line":38,"column":117}},"type":"binary-expr","locations":[{"start":{"line":35,"column":14},"end":{"line":35,"column":30}},{"start":{"line":36,"column":14},"end":{"line":36,"column":68}},{"start":{"line":37,"column":14},"end":{"line":37,"column":106}},{"start":{"line":38,"column":14},"end":{"line":38,"column":117}}],"line":35},"7":{"loc":{"start":{"line":47,"column":6},"end":{"line":52,"column":7}},"type":"if","locations":[{"start":{"line":47,"column":6},"end":{"line":52,"column":7}},{"start":{},"end":{}}],"line":47},"8":{"loc":{"start":{"line":47,"column":10},"end":{"line":50,"column":105}},"type":"binary-expr","locations":[{"start":{"line":47,"column":10},"end":{"line":47,"column":18}},{"start":{"line":48,"column":10},"end":{"line":48,"column":56}},{"start":{"line":49,"column":10},"end":{"line":49,"column":94}},{"start":{"line":50,"column":10},"end":{"line":50,"column":105}}],"line":47},"9":{"loc":{"start":{"line":67,"column":6},"end":{"line":72,"column":7}},"type":"if","locations":[{"start":{"line":67,"column":6},"end":{"line":72,"column":7}},{"start":{},"end":{}}],"line":67},"10":{"loc":{"start":{"line":67,"column":10},"end":{"line":70,"column":105}},"type":"binary-expr","locations":[{"start":{"line":67,"column":10},"end":{"line":67,"column":18}},{"start":{"line":68,"column":10},"end":{"line":68,"column":56}},{"start":{"line":69,"column":10},"end":{"line":69,"column":94}},{"start":{"line":70,"column":10},"end":{"line":70,"column":105}}],"line":67}},"s":{"0":2,"1":2,"2":9,"3":5,"4":5,"5":4,"6":1,"7":3,"8":3,"9":0,"10":0,"11":0,"12":0,"13":0,"14":0,"15":0,"16":0,"17":0,"18":0,"19":0,"20":0,"21":0,"22":3,"23":3,"24":2,"25":1,"26":1,"27":2,"28":3,"29":3,"30":3,"31":3,"32":2,"33":1,"34":1,"35":2,"36":2},"f":{"0":9,"1":5,"2":3,"3":0,"4":0,"5":3},"b":{"0":[0,3],"1":[0,0],"2":[0,0],"3":[0,0],"4":[0,0],"5":[0,0],"6":[0,0,0,0],"7":[1,1],"8":[2,2,1,1],"9":[1,1],"10":[2,2,1,1]},"_coverageSchema":"1a1c01bbd47fc00a2c39e90264f33305004495a9","hash":"6f72d65715a58aef1bea304fee7740978c38094d"}
,"/Users/mak/Desktop/cursor/js/amoCRM_api/src/services/leadService.js": {"path":"/Users/mak/Desktop/cursor/js/amoCRM_api/src/services/leadService.js","statementMap":{"0":{"start":{"line":1,"column":18},"end":{"line":1,"column":48}},"1":{"start":{"line":2,"column":18},"end":{"line":2,"column":48}},"2":{"start":{"line":6,"column":4},"end":{"line":6,"column":25}},"3":{"start":{"line":10,"column":4},"end":{"line":15,"column":5}},"4":{"start":{"line":11,"column":23},"end":{"line":11,"column":56}},"5":{"start":{"line":12,"column":6},"end":{"line":12,"column":49}},"6":{"start":{"line":14,"column":6},"end":{"line":14,"column":18}},"7":{"start":{"line":19,"column":4},"end":{"line":45,"column":5}},"8":{"start":{"line":20,"column":6},"end":{"line":30,"column":7}},"9":{"start":{"line":21,"column":23},"end":{"line":21,"column":46}},"10":{"start":{"line":22,"column":30},"end":{"line":22,"column":75}},"11":{"start":{"line":24,"column":8},"end":{"line":29,"column":9}},"12":{"start":{"line":28,"column":10},"end":{"line":28,"column":134}},"13":{"start":{"line":32,"column":24},"end":{"line":32,"column":47}},"14":{"start":{"line":33,"column":23},"end":{"line":33,"column":71}},"15":{"start":{"line":35,"column":6},"end":{"line":40,"column":7}},"16":{"start":{"line":39,"column":8},"end":{"line":39,"column":127}},"17":{"start":{"line":42,"column":6},"end":{"line":42,"column":67}},"18":{"start":{"line":44,"column":6},"end":{"line":44,"column":18}},"19":{"start":{"line":49,"column":4},"end":{"line":65,"column":5}},"20":{"start":{"line":50,"column":6},"end":{"line":50,"column":33}},"21":{"start":{"line":52,"column":24},"end":{"line":52,"column":58}},"22":{"start":{"line":53,"column":23},"end":{"line":53,"column":75}},"23":{"start":{"line":55,"column":6},"end":{"line":60,"column":7}},"24":{"start":{"line":59,"column":8},"end":{"line":59,"column":127}},"25":{"start":{"line":62,"column":6},"end":{"line":62,"column":67}},"26":{"start":{"line":64,"column":6},"end":{"line":64,"column":18}},"27":{"start":{"line":69,"column":0},"end":{"line":69,"column":29}}},"fnMap":{"0":{"name":"(anonymous_0)","decl":{"start":{"line":5,"column":2},"end":{"line":5,"column":3}},"loc":{"start":{"line":5,"column":22},"end":{"line":7,"column":3}},"line":5},"1":{"name":"(anonymous_1)","decl":{"start":{"line":9,"column":2},"end":{"line":9,"column":3}},"loc":{"start":{"line":9,"column":24},"end":{"line":16,"column":3}},"line":9},"2":{"name":"(anonymous_2)","decl":{"start":{"line":18,"column":2},"end":{"line":18,"column":3}},"loc":{"start":{"line":18,"column":29},"end":{"line":46,"column":3}},"line":18},"3":{"name":"(anonymous_3)","decl":{"start":{"line":48,"column":2},"end":{"line":48,"column":3}},"loc":{"start":{"line":48,"column":33},"end":{"line":66,"column":3}},"line":48}},"branchMap":{"0":{"loc":{"start":{"line":20,"column":6},"end":{"line":30,"column":7}},"type":"if","locations":[{"start":{"line":20,"column":6},"end":{"line":30,"column":7}},{"start":{},"end":{}}],"line":20},"1":{"loc":{"start":{"line":24,"column":8},"end":{"line":29,"column":9}},"type":"if","locations":[{"start":{"line":24,"column":8},"end":{"line":29,"column":9}},{"start":{},"end":{}}],"line":24},"2":{"loc":{"start":{"line":24,"column":12},"end":{"line":27,"column":109}},"type":"binary-expr","locations":[{"start":{"line":24,"column":12},"end":{"line":24,"column":25}},{"start":{"line":25,"column":12},"end":{"line":25,"column":63}},{"start":{"line":26,"column":12},"end":{"line":26,"column":98}},{"start":{"line":27,"column":12},"end":{"line":27,"column":109}}],"line":24},"3":{"loc":{"start":{"line":35,"column":6},"end":{"line":40,"column":7}},"type":"if","locations":[{"start":{"line":35,"column":6},"end":{"line":40,"column":7}},{"start":{},"end":{}}],"line":35},"4":{"loc":{"start":{"line":35,"column":10},"end":{"line":38,"column":102}},"type":"binary-expr","locations":[{"start":{"line":35,"column":10},"end":{"line":35,"column":18}},{"start":{"line":36,"column":10},"end":{"line":36,"column":56}},{"start":{"line":37,"column":10},"end":{"line":37,"column":91}},{"start":{"line":38,"column":10},"end":{"line":38,"column":102}}],"line":35},"5":{"loc":{"start":{"line":55,"column":6},"end":{"line":60,"column":7}},"type":"if","locations":[{"start":{"line":55,"column":6},"end":{"line":60,"column":7}},{"start":{},"end":{}}],"line":55},"6":{"loc":{"start":{"line":55,"column":10},"end":{"line":58,"column":102}},"type":"binary-expr","locations":[{"start":{"line":55,"column":10},"end":{"line":55,"column":18}},{"start":{"line":56,"column":10},"end":{"line":56,"column":56}},{"start":{"line":57,"column":10},"end":{"line":57,"column":91}},{"start":{"line":58,"column":10},"end":{"line":58,"column":102}}],"line":55}},"s":{"0":2,"1":2,"2":7,"3":4,"4":4,"5":3,"6":1,"7":3,"8":3,"9":3,"10":3,"11":3,"12":1,"13":2,"14":2,"15":2,"16":1,"17":1,"18":1,"19":2,"20":2,"21":2,"22":2,"23":2,"24":1,"25":1,"26":1,"27":2},"f":{"0":7,"1":4,"2":3,"3":2},"b":{"0":[3,0],"1":[1,2],"2":[3,3,3,3],"3":[1,1],"4":[2,2,2,2],"5":[1,1],"6":[2,2,2,2]},"_coverageSchema":"1a1c01bbd47fc00a2c39e90264f33305004495a9","hash":"447052907966c2903ede827b1052774eca7f3e51"}
,"/Users/mak/Desktop/cursor/js/amoCRM_api/src/services/linkService.js": {"path":"/Users/mak/Desktop/cursor/js/amoCRM_api/src/services/linkService.js","statementMap":{"0":{"start":{"line":1,"column":18},"end":{"line":1,"column":48}},"1":{"start":{"line":5,"column":4},"end":{"line":5,"column":25}},"2":{"start":{"line":6,"column":4},"end":{"line":6,"column":35}},"3":{"start":{"line":7,"column":4},"end":{"line":7,"column":41}},"4":{"start":{"line":11,"column":4},"end":{"line":19,"column":5}},"5":{"start":{"line":12,"column":6},"end":{"line":12,"column":49}},"6":{"start":{"line":13,"column":6},"end":{"line":13,"column":58}},"7":{"start":{"line":15,"column":23},"end":{"line":15,"column":79}},"8":{"start":{"line":16,"column":6},"end":{"line":16,"column":22}},"9":{"start":{"line":18,"column":6},"end":{"line":18,"column":18}},"10":{"start":{"line":23,"column":4},"end":{"line":31,"column":5}},"11":{"start":{"line":24,"column":6},"end":{"line":24,"column":49}},"12":{"start":{"line":25,"column":6},"end":{"line":25,"column":58}},"13":{"start":{"line":27,"column":23},"end":{"line":27,"column":81}},"14":{"start":{"line":28,"column":6},"end":{"line":28,"column":22}},"15":{"start":{"line":30,"column":6},"end":{"line":30,"column":18}},"16":{"start":{"line":35,"column":0},"end":{"line":35,"column":29}}},"fnMap":{"0":{"name":"(anonymous_0)","decl":{"start":{"line":4,"column":2},"end":{"line":4,"column":3}},"loc":{"start":{"line":4,"column":51},"end":{"line":8,"column":3}},"line":4},"1":{"name":"(anonymous_1)","decl":{"start":{"line":10,"column":2},"end":{"line":10,"column":3}},"loc":{"start":{"line":10,"column":47},"end":{"line":20,"column":3}},"line":10},"2":{"name":"(anonymous_2)","decl":{"start":{"line":22,"column":2},"end":{"line":22,"column":3}},"loc":{"start":{"line":22,"column":49},"end":{"line":32,"column":3}},"line":22}},"branchMap":{},"s":{"0":2,"1":9,"2":9,"3":9,"4":4,"5":4,"6":3,"7":2,"8":1,"9":3,"10":4,"11":4,"12":3,"13":2,"14":1,"15":3,"16":2},"f":{"0":9,"1":4,"2":4},"b":{},"_coverageSchema":"1a1c01bbd47fc00a2c39e90264f33305004495a9","hash":"28c3588ba5f68dd601b5192e5c4c4e3a6bc44a39"}
,"/Users/mak/Desktop/cursor/js/amoCRM_api/src/utils/amoApi.js": {"path":"/Users/mak/Desktop/cursor/js/amoCRM_api/src/utils/amoApi.js","statementMap":{"0":{"start":{"line":1,"column":21},"end":{"line":1,"column":46}},"1":{"start":{"line":2,"column":21},"end":{"line":2,"column":46}},"2":{"start":{"line":3,"column":19},"end":{"line":3,"column":42}},"3":{"start":{"line":4,"column":18},"end":{"line":4,"column":48}},"4":{"start":{"line":8,"column":8},"end":{"line":8,"column":47}},"5":{"start":{"line":9,"column":8},"end":{"line":9,"column":72}},"6":{"start":{"line":10,"column":8},"end":{"line":14,"column":10}},"7":{"start":{"line":16,"column":8},"end":{"line":16,"column":53}},"8":{"start":{"line":20,"column":8},"end":{"line":20,"column":58}},"9":{"start":{"line":24,"column":8},"end":{"line":27,"column":10}},"10":{"start":{"line":31,"column":8},"end":{"line":33,"column":11}},"11":{"start":{"line":37,"column":8},"end":{"line":41,"column":10}},"12":{"start":{"line":45,"column":28},"end":{"line":45,"column":49}},"13":{"start":{"line":46,"column":8},"end":{"line":48,"column":9}},"14":{"start":{"line":47,"column":12},"end":{"line":47,"column":53}},"15":{"start":{"line":49,"column":8},"end":{"line":52,"column":10}},"16":{"start":{"line":56,"column":8},"end":{"line":59,"column":10}},"17":{"start":{"line":63,"column":8},"end":{"line":65,"column":11}},"18":{"start":{"line":69,"column":8},"end":{"line":73,"column":10}},"19":{"start":{"line":77,"column":28},"end":{"line":77,"column":49}},"20":{"start":{"line":78,"column":8},"end":{"line":82,"column":9}},"21":{"start":{"line":79,"column":12},"end":{"line":79,"column":54}},"22":{"start":{"line":80,"column":15},"end":{"line":82,"column":9}},"23":{"start":{"line":81,"column":12},"end":{"line":81,"column":54}},"24":{"start":{"line":83,"column":8},"end":{"line":86,"column":10}},"25":{"start":{"line":90,"column":8},"end":{"line":99,"column":10}},"26":{"start":{"line":103,"column":8},"end":{"line":112,"column":10}},"27":{"start":{"line":116,"column":0},"end":{"line":116,"column":24}}},"fnMap":{"0":{"name":"(anonymous_0)","decl":{"start":{"line":7,"column":4},"end":{"line":7,"column":5}},"loc":{"start":{"line":7,"column":24},"end":{"line":17,"column":5}},"line":7},"1":{"name":"(anonymous_1)","decl":{"start":{"line":19,"column":4},"end":{"line":19,"column":5}},"loc":{"start":{"line":19,"column":22},"end":{"line":21,"column":5}},"line":19},"2":{"name":"(anonymous_2)","decl":{"start":{"line":23,"column":4},"end":{"line":23,"column":5}},"loc":{"start":{"line":23,"column":26},"end":{"line":28,"column":5}},"line":23},"3":{"name":"(anonymous_3)","decl":{"start":{"line":30,"column":4},"end":{"line":30,"column":5}},"loc":{"start":{"line":30,"column":31},"end":{"line":34,"column":5}},"line":30},"4":{"name":"(anonymous_4)","decl":{"start":{"line":36,"column":4},"end":{"line":36,"column":5}},"loc":{"start":{"line":36,"column":35},"end":{"line":42,"column":5}},"line":36},"5":{"name":"(anonymous_5)","decl":{"start":{"line":44,"column":4},"end":{"line":44,"column":5}},"loc":{"start":{"line":44,"column":38},"end":{"line":53,"column":5}},"line":44},"6":{"name":"(anonymous_6)","decl":{"start":{"line":55,"column":4},"end":{"line":55,"column":5}},"loc":{"start":{"line":55,"column":29},"end":{"line":60,"column":5}},"line":55},"7":{"name":"(anonymous_7)","decl":{"start":{"line":62,"column":4},"end":{"line":62,"column":5}},"loc":{"start":{"line":62,"column":37},"end":{"line":66,"column":5}},"line":62},"8":{"name":"(anonymous_8)","decl":{"start":{"line":68,"column":4},"end":{"line":68,"column":5}},"loc":{"start":{"line":68,"column":41},"end":{"line":74,"column":5}},"line":68},"9":{"name":"(anonymous_9)","decl":{"start":{"line":76,"column":4},"end":{"line":76,"column":5}},"loc":{"start":{"line":76,"column":41},"end":{"line":87,"column":5}},"line":76},"10":{"name":"(anonymous_10)","decl":{"start":{"line":89,"column":4},"end":{"line":89,"column":5}},"loc":{"start":{"line":89,"column":49},"end":{"line":100,"column":5}},"line":89},"11":{"name":"(anonymous_11)","decl":{"start":{"line":102,"column":4},"end":{"line":102,"column":5}},"loc":{"start":{"line":102,"column":51},"end":{"line":113,"column":5}},"line":102}},"branchMap":{"0":{"loc":{"start":{"line":46,"column":8},"end":{"line":48,"column":9}},"type":"if","locations":[{"start":{"line":46,"column":8},"end":{"line":48,"column":9}},{"start":{},"end":{}}],"line":46},"1":{"loc":{"start":{"line":78,"column":8},"end":{"line":82,"column":9}},"type":"if","locations":[{"start":{"line":78,"column":8},"end":{"line":82,"column":9}},{"start":{"line":80,"column":15},"end":{"line":82,"column":9}}],"line":78},"2":{"loc":{"start":{"line":80,"column":15},"end":{"line":82,"column":9}},"type":"if","locations":[{"start":{"line":80,"column":15},"end":{"line":82,"column":9}},{"start":{},"end":{}}],"line":80}},"s":{"0":1,"1":1,"2":1,"3":1,"4":14,"5":14,"6":14,"7":14,"8":1,"9":1,"10":1,"11":1,"12":1,"13":1,"14":1,"15":1,"16":1,"17":1,"18":1,"19":2,"20":2,"21":1,"22":1,"23":1,"24":2,"25":1,"26":1,"27":1},"f":{"0":14,"1":1,"2":1,"3":1,"4":1,"5":1,"6":1,"7":1,"8":1,"9":2,"10":1,"11":1},"b":{"0":[1,0],"1":[1,1],"2":[1,0]},"_coverageSchema":"1a1c01bbd47fc00a2c39e90264f33305004495a9","hash":"00c7bade5e93d4e076a7b633a532876c9ef2fc6f"}
,"/Users/mak/Desktop/cursor/js/amoCRM_api/src/utils/httpClient.js": {"path":"/Users/mak/Desktop/cursor/js/amoCRM_api/src/utils/httpClient.js","statementMap":{"0":{"start":{"line":1,"column":14},"end":{"line":1,"column":30}},"1":{"start":{"line":2,"column":18},"end":{"line":2,"column":48}},"2":{"start":{"line":6,"column":8},"end":{"line":6,"column":77}},"3":{"start":{"line":7,"column":8},"end":{"line":7,"column":41}},"4":{"start":{"line":8,"column":8},"end":{"line":8,"column":41}},"5":{"start":{"line":12,"column":8},"end":{"line":34,"column":9}},"6":{"start":{"line":13,"column":27},"end":{"line":13,"column":57}},"7":{"start":{"line":14,"column":32},"end":{"line":14,"column":78}},"8":{"start":{"line":16,"column":27},"end":{"line":21,"column":13}},"9":{"start":{"line":22,"column":29},"end":{"line":22,"column":48}},"10":{"start":{"line":23,"column":12},"end":{"line":23,"column":33}},"11":{"start":{"line":25,"column":12},"end":{"line":27,"column":13}},"12":{"start":{"line":26,"column":16},"end":{"line":26,"column":76}},"13":{"start":{"line":29,"column":12},"end":{"line":32,"column":14}},"14":{"start":{"line":33,"column":12},"end":{"line":33,"column":24}},"15":{"start":{"line":38,"column":23},"end":{"line":46,"column":9}},"16":{"start":{"line":48,"column":8},"end":{"line":50,"column":9}},"17":{"start":{"line":49,"column":12},"end":{"line":49,"column":31}},"18":{"start":{"line":52,"column":8},"end":{"line":52,"column":22}},"19":{"start":{"line":56,"column":8},"end":{"line":60,"column":10}},"20":{"start":{"line":64,"column":23},"end":{"line":64,"column":53}},"21":{"start":{"line":65,"column":28},"end":{"line":65,"column":74}},"22":{"start":{"line":67,"column":23},"end":{"line":72,"column":9}},"23":{"start":{"line":73,"column":25},"end":{"line":73,"column":44}},"24":{"start":{"line":74,"column":8},"end":{"line":74,"column":29}},"25":{"start":{"line":78,"column":0},"end":{"line":78,"column":28}}},"fnMap":{"0":{"name":"(anonymous_0)","decl":{"start":{"line":5,"column":4},"end":{"line":5,"column":5}},"loc":{"start":{"line":5,"column":52},"end":{"line":9,"column":5}},"line":5},"1":{"name":"(anonymous_1)","decl":{"start":{"line":11,"column":4},"end":{"line":11,"column":5}},"loc":{"start":{"line":11,"column":49},"end":{"line":35,"column":5}},"line":11},"2":{"name":"(anonymous_2)","decl":{"start":{"line":37,"column":4},"end":{"line":37,"column":5}},"loc":{"start":{"line":37,"column":60},"end":{"line":53,"column":5}},"line":37},"3":{"name":"(anonymous_3)","decl":{"start":{"line":55,"column":4},"end":{"line":55,"column":5}},"loc":{"start":{"line":55,"column":23},"end":{"line":61,"column":5}},"line":55},"4":{"name":"(anonymous_4)","decl":{"start":{"line":63,"column":4},"end":{"line":63,"column":5}},"loc":{"start":{"line":63,"column":52},"end":{"line":75,"column":5}},"line":63}},"branchMap":{"0":{"loc":{"start":{"line":11,"column":36},"end":{"line":11,"column":47}},"type":"default-arg","locations":[{"start":{"line":11,"column":43},"end":{"line":11,"column":47}}],"line":11},"1":{"loc":{"start":{"line":25,"column":12},"end":{"line":27,"column":13}},"type":"if","locations":[{"start":{"line":25,"column":12},"end":{"line":27,"column":13}},{"start":{},"end":{}}],"line":25},"2":{"loc":{"start":{"line":31,"column":16},"end":{"line":31,"column":68}},"type":"cond-expr","locations":[{"start":{"line":31,"column":33},"end":{"line":31,"column":52}},{"start":{"line":31,"column":55},"end":{"line":31,"column":68}}],"line":31},"3":{"loc":{"start":{"line":48,"column":8},"end":{"line":50,"column":9}},"type":"if","locations":[{"start":{"line":48,"column":8},"end":{"line":50,"column":9}},{"start":{},"end":{}}],"line":48},"4":{"loc":{"start":{"line":57,"column":12},"end":{"line":59,"column":74}},"type":"binary-expr","locations":[{"start":{"line":57,"column":12},"end":{"line":57,"column":26}},{"start":{"line":58,"column":13},"end":{"line":58,"column":73}},{"start":{"line":59,"column":16},"end":{"line":59,"column":73}}],"line":57}},"s":{"0":2,"1":2,"2":14,"3":14,"4":14,"5":4,"6":4,"7":4,"8":4,"9":4,"10":2,"11":2,"12":1,"13":1,"14":1,"15":10,"16":10,"17":3,"18":10,"19":6,"20":3,"21":3,"22":3,"23":3,"24":3,"25":2},"f":{"0":14,"1":4,"2":10,"3":6,"4":3},"b":{"0":[3],"1":[1,1],"2":[0,1],"3":[3,7],"4":[6,4,2]},"_coverageSchema":"1a1c01bbd47fc00a2c39e90264f33305004495a9","hash":"7a86f22d5be93bdfd604069b18ff36cd2694ad09"}
,"/Users/mak/Desktop/cursor/js/amoCRM_api/src/utils/oauthService.js": {"path":"/Users/mak/Desktop/cursor/js/amoCRM_api/src/utils/oauthService.js","statementMap":{"0":{"start":{"line":1,"column":14},"end":{"line":1,"column":30}},"1":{"start":{"line":2,"column":18},"end":{"line":2,"column":48}},"2":{"start":{"line":6,"column":8},"end":{"line":6,"column":36}},"3":{"start":{"line":7,"column":8},"end":{"line":7,"column":40}},"4":{"start":{"line":8,"column":8},"end":{"line":8,"column":48}},"5":{"start":{"line":9,"column":8},"end":{"line":9,"column":46}},"6":{"start":{"line":10,"column":8},"end":{"line":10,"column":41}},"7":{"start":{"line":14,"column":8},"end":{"line":16,"column":9}},"8":{"start":{"line":15,"column":12},"end":{"line":15,"column":38}},"9":{"start":{"line":18,"column":8},"end":{"line":20,"column":9}},"10":{"start":{"line":19,"column":12},"end":{"line":19,"column":57}},"11":{"start":{"line":22,"column":8},"end":{"line":24,"column":9}},"12":{"start":{"line":23,"column":12},"end":{"line":23,"column":56}},"13":{"start":{"line":26,"column":8},"end":{"line":26,"column":63}},"14":{"start":{"line":30,"column":8},"end":{"line":34,"column":10}},"15":{"start":{"line":38,"column":8},"end":{"line":77,"column":9}},"16":{"start":{"line":39,"column":27},"end":{"line":39,"column":48}},"17":{"start":{"line":40,"column":12},"end":{"line":40,"column":54}},"18":{"start":{"line":41,"column":12},"end":{"line":41,"column":62}},"19":{"start":{"line":42,"column":12},"end":{"line":45,"column":14}},"20":{"start":{"line":46,"column":12},"end":{"line":46,"column":51}},"21":{"start":{"line":47,"column":12},"end":{"line":47,"column":60}},"22":{"start":{"line":49,"column":29},"end":{"line":57,"column":13}},"23":{"start":{"line":59,"column":30},"end":{"line":67,"column":13}},"24":{"start":{"line":69,"column":12},"end":{"line":69,"column":52}},"25":{"start":{"line":70,"column":12},"end":{"line":70,"column":41}},"26":{"start":{"line":72,"column":12},"end":{"line":75,"column":14}},"27":{"start":{"line":76,"column":12},"end":{"line":76,"column":24}},"28":{"start":{"line":81,"column":8},"end":{"line":125,"column":9}},"29":{"start":{"line":82,"column":27},"end":{"line":82,"column":48}},"30":{"start":{"line":83,"column":12},"end":{"line":83,"column":54}},"31":{"start":{"line":84,"column":12},"end":{"line":84,"column":62}},"32":{"start":{"line":85,"column":12},"end":{"line":88,"column":14}},"33":{"start":{"line":89,"column":12},"end":{"line":89,"column":64}},"34":{"start":{"line":90,"column":12},"end":{"line":90,"column":60}},"35":{"start":{"line":92,"column":29},"end":{"line":100,"column":13}},"36":{"start":{"line":102,"column":30},"end":{"line":110,"column":13}},"37":{"start":{"line":112,"column":12},"end":{"line":112,"column":52}},"38":{"start":{"line":113,"column":12},"end":{"line":113,"column":41}},"39":{"start":{"line":115,"column":12},"end":{"line":118,"column":14}},"40":{"start":{"line":120,"column":12},"end":{"line":123,"column":13}},"41":{"start":{"line":121,"column":16},"end":{"line":121,"column":71}},"42":{"start":{"line":122,"column":16},"end":{"line":122,"column":60}},"43":{"start":{"line":124,"column":12},"end":{"line":124,"column":24}},"44":{"start":{"line":129,"column":23},"end":{"line":129,"column":53}},"45":{"start":{"line":130,"column":30},"end":{"line":134,"column":9}},"46":{"start":{"line":135,"column":8},"end":{"line":135,"column":29}},"47":{"start":{"line":139,"column":0},"end":{"line":139,"column":30}}},"fnMap":{"0":{"name":"(anonymous_0)","decl":{"start":{"line":5,"column":4},"end":{"line":5,"column":5}},"loc":{"start":{"line":5,"column":38},"end":{"line":11,"column":5}},"line":5},"1":{"name":"(anonymous_1)","decl":{"start":{"line":13,"column":4},"end":{"line":13,"column":5}},"loc":{"start":{"line":13,"column":33},"end":{"line":27,"column":5}},"line":13},"2":{"name":"(anonymous_2)","decl":{"start":{"line":29,"column":4},"end":{"line":29,"column":5}},"loc":{"start":{"line":29,"column":25},"end":{"line":35,"column":5}},"line":29},"3":{"name":"(anonymous_3)","decl":{"start":{"line":37,"column":4},"end":{"line":37,"column":5}},"loc":{"start":{"line":37,"column":36},"end":{"line":78,"column":5}},"line":37},"4":{"name":"(anonymous_4)","decl":{"start":{"line":80,"column":4},"end":{"line":80,"column":5}},"loc":{"start":{"line":80,"column":37},"end":{"line":126,"column":5}},"line":80},"5":{"name":"(anonymous_5)","decl":{"start":{"line":128,"column":4},"end":{"line":128,"column":5}},"loc":{"start":{"line":128,"column":22},"end":{"line":136,"column":5}},"line":128}},"branchMap":{"0":{"loc":{"start":{"line":14,"column":8},"end":{"line":16,"column":9}},"type":"if","locations":[{"start":{"line":14,"column":8},"end":{"line":16,"column":9}},{"start":{},"end":{}}],"line":14},"1":{"loc":{"start":{"line":18,"column":8},"end":{"line":20,"column":9}},"type":"if","locations":[{"start":{"line":18,"column":8},"end":{"line":20,"column":9}},{"start":{},"end":{}}],"line":18},"2":{"loc":{"start":{"line":22,"column":8},"end":{"line":24,"column":9}},"type":"if","locations":[{"start":{"line":22,"column":8},"end":{"line":24,"column":9}},{"start":{},"end":{}}],"line":22},"3":{"loc":{"start":{"line":31,"column":12},"end":{"line":33,"column":39}},"type":"binary-expr","locations":[{"start":{"line":31,"column":12},"end":{"line":31,"column":30}},{"start":{"line":32,"column":12},"end":{"line":32,"column":26}},{"start":{"line":33,"column":12},"end":{"line":33,"column":39}}],"line":31},"4":{"loc":{"start":{"line":74,"column":16},"end":{"line":74,"column":68}},"type":"cond-expr","locations":[{"start":{"line":74,"column":33},"end":{"line":74,"column":52}},{"start":{"line":74,"column":55},"end":{"line":74,"column":68}}],"line":74},"5":{"loc":{"start":{"line":117,"column":16},"end":{"line":117,"column":68}},"type":"cond-expr","locations":[{"start":{"line":117,"column":33},"end":{"line":117,"column":52}},{"start":{"line":117,"column":55},"end":{"line":117,"column":68}}],"line":117},"6":{"loc":{"start":{"line":120,"column":12},"end":{"line":123,"column":13}},"type":"if","locations":[{"start":{"line":120,"column":12},"end":{"line":123,"column":13}},{"start":{},"end":{}}],"line":120}},"s":{"0":2,"1":2,"2":15,"3":15,"4":15,"5":15,"6":15,"7":4,"8":1,"9":3,"10":1,"11":2,"12":1,"13":1,"14":8,"15":4,"16":4,"17":4,"18":4,"19":4,"20":4,"21":4,"22":4,"23":3,"24":3,"25":3,"26":1,"27":1,"28":4,"29":4,"30":4,"31":4,"32":4,"33":4,"34":4,"35":4,"36":2,"37":2,"38":2,"39":2,"40":2,"41":1,"42":1,"43":1,"44":1,"45":1,"46":1,"47":2},"f":{"0":15,"1":4,"2":8,"3":4,"4":4,"5":1},"b":{"0":[1,3],"1":[1,2],"2":[1,1],"3":[8,5,4],"4":[1,0],"5":[2,0],"6":[1,1]},"_coverageSchema":"1a1c01bbd47fc00a2c39e90264f33305004495a9","hash":"5575114b70ced78329261b913db46f65542b5053"}
,"/Users/mak/Desktop/cursor/js/amoCRM_api/src/utils/tokenManager.js": {"path":"/Users/mak/Desktop/cursor/js/amoCRM_api/src/utils/tokenManager.js","statementMap":{"0":{"start":{"line":1,"column":11},"end":{"line":1,"column":24}},"1":{"start":{"line":2,"column":13},"end":{"line":2,"column":28}},"2":{"start":{"line":3,"column":18},"end":{"line":3,"column":48}},"3":{"start":{"line":7,"column":8},"end":{"line":7,"column":78}},"4":{"start":{"line":8,"column":8},"end":{"line":8,"column":36}},"5":{"start":{"line":12,"column":25},"end":{"line":12,"column":53}},"6":{"start":{"line":13,"column":8},"end":{"line":15,"column":9}},"7":{"start":{"line":14,"column":12},"end":{"line":14,"column":56}},"8":{"start":{"line":19,"column":8},"end":{"line":28,"column":9}},"9":{"start":{"line":20,"column":12},"end":{"line":23,"column":13}},"10":{"start":{"line":21,"column":29},"end":{"line":21,"column":68}},"11":{"start":{"line":22,"column":16},"end":{"line":22,"column":40}},"12":{"start":{"line":24,"column":12},"end":{"line":24,"column":41}},"13":{"start":{"line":26,"column":12},"end":{"line":26,"column":66}},"14":{"start":{"line":27,"column":12},"end":{"line":27,"column":41}},"15":{"start":{"line":32,"column":8},"end":{"line":36,"column":9}},"16":{"start":{"line":33,"column":12},"end":{"line":33,"column":78}},"17":{"start":{"line":35,"column":12},"end":{"line":35,"column":65}},"18":{"start":{"line":40,"column":8},"end":{"line":45,"column":10}},"19":{"start":{"line":49,"column":30},"end":{"line":49,"column":57}},"20":{"start":{"line":50,"column":8},"end":{"line":50,"column":39}},"21":{"start":{"line":51,"column":8},"end":{"line":51,"column":29}},"22":{"start":{"line":55,"column":0},"end":{"line":55,"column":30}}},"fnMap":{"0":{"name":"(anonymous_0)","decl":{"start":{"line":6,"column":4},"end":{"line":6,"column":5}},"loc":{"start":{"line":6,"column":18},"end":{"line":9,"column":5}},"line":6},"1":{"name":"(anonymous_1)","decl":{"start":{"line":11,"column":4},"end":{"line":11,"column":5}},"loc":{"start":{"line":11,"column":27},"end":{"line":16,"column":5}},"line":11},"2":{"name":"(anonymous_2)","decl":{"start":{"line":18,"column":4},"end":{"line":18,"column":5}},"loc":{"start":{"line":18,"column":17},"end":{"line":29,"column":5}},"line":18},"3":{"name":"(anonymous_3)","decl":{"start":{"line":31,"column":4},"end":{"line":31,"column":5}},"loc":{"start":{"line":31,"column":23},"end":{"line":37,"column":5}},"line":31},"4":{"name":"(anonymous_4)","decl":{"start":{"line":39,"column":4},"end":{"line":39,"column":5}},"loc":{"start":{"line":39,"column":21},"end":{"line":46,"column":5}},"line":39},"5":{"name":"(anonymous_5)","decl":{"start":{"line":48,"column":4},"end":{"line":48,"column":5}},"loc":{"start":{"line":48,"column":36},"end":{"line":52,"column":5}},"line":48}},"branchMap":{"0":{"loc":{"start":{"line":13,"column":8},"end":{"line":15,"column":9}},"type":"if","locations":[{"start":{"line":13,"column":8},"end":{"line":15,"column":9}},{"start":{},"end":{}}],"line":13},"1":{"loc":{"start":{"line":20,"column":12},"end":{"line":23,"column":13}},"type":"if","locations":[{"start":{"line":20,"column":12},"end":{"line":23,"column":13}},{"start":{},"end":{}}],"line":20}},"s":{"0":2,"1":2,"2":2,"3":12,"4":12,"5":12,"6":12,"7":4,"8":3,"9":3,"10":2,"11":1,"12":1,"13":1,"14":1,"15":4,"16":4,"17":3,"18":3,"19":2,"20":2,"21":2,"22":2},"f":{"0":12,"1":12,"2":3,"3":4,"4":3,"5":2},"b":{"0":[4,8],"1":[2,1]},"_coverageSchema":"1a1c01bbd47fc00a2c39e90264f33305004495a9","hash":"4b81cd8fefe487d3425cd49073c9797f3ff62c91"}
}
