TN:
SF:src/config/constants.js
FNF:0
FNH:0
DA:2,16
DA:13,16
DA:21,16
DA:32,16
DA:39,16
DA:45,16
DA:52,16
DA:66,16
DA:70,16
LF:9
LH:9
BRF:0
BRH:0
end_of_record
TN:
SF:src/controllers/contactController.js
FN:4,(anonymous_0)
FN:8,(anonymous_1)
FN:18,(anonymous_2)
FN:35,(anonymous_3)
FNF:4
FNH:4
FNDA:4,(anonymous_0)
FNDA:1,(anonymous_1)
FNDA:2,(anonymous_2)
FNDA:1,(anonymous_3)
DA:1,1
DA:5,4
DA:9,1
DA:10,1
DA:11,1
DA:12,1
DA:14,0
DA:19,2
DA:20,2
DA:21,2
DA:22,2
DA:23,1
DA:28,1
DA:29,1
DA:31,0
DA:36,1
DA:37,1
DA:38,1
DA:39,1
DA:40,1
DA:41,0
DA:46,1
DA:50,1
DA:52,0
DA:57,1
LF:25
LH:21
BRDA:21,0,0,2
BRDA:21,0,1,0
BRDA:22,1,0,1
BRDA:22,1,1,1
BRDA:39,2,0,1
BRDA:39,2,1,0
BRDA:40,3,0,0
BRDA:40,3,1,1
BRF:8
BRH:5
end_of_record
TN:
SF:src/controllers/leadController.js
FN:4,(anonymous_0)
FN:8,(anonymous_1)
FN:18,(anonymous_2)
FN:35,(anonymous_3)
FNF:4
FNH:4
FNDA:6,(anonymous_0)
FNDA:2,(anonymous_1)
FNDA:2,(anonymous_2)
FNDA:2,(anonymous_3)
DA:1,1
DA:5,6
DA:9,2
DA:10,2
DA:11,2
DA:12,1
DA:14,1
DA:19,2
DA:20,2
DA:21,2
DA:22,2
DA:23,0
DA:28,2
DA:29,1
DA:31,1
DA:36,2
DA:37,2
DA:38,2
DA:39,2
DA:40,2
DA:41,0
DA:46,2
DA:47,1
DA:49,1
DA:54,1
LF:25
LH:23
BRDA:21,0,0,2
BRDA:21,0,1,0
BRDA:22,1,0,0
BRDA:22,1,1,2
BRDA:39,2,0,2
BRDA:39,2,1,0
BRDA:40,3,0,0
BRDA:40,3,1,2
BRF:8
BRH:4
end_of_record
TN:
SF:src/controllers/linkController.js
FN:4,(anonymous_0)
FN:8,(anonymous_1)
FN:28,(anonymous_2)
FNF:3
FNH:3
FNDA:3,(anonymous_0)
FNDA:2,(anonymous_1)
FNDA:1,(anonymous_2)
DA:1,1
DA:5,3
DA:9,2
DA:10,2
DA:11,2
DA:12,2
DA:13,1
DA:18,1
DA:19,1
DA:20,1
DA:24,0
DA:29,1
DA:30,1
DA:31,1
DA:32,1
DA:33,0
DA:38,1
DA:39,1
DA:40,1
DA:44,0
DA:49,1
LF:21
LH:18
BRDA:11,0,0,2
BRDA:11,0,1,0
BRDA:12,1,0,1
BRDA:12,1,1,1
BRDA:31,2,0,1
BRDA:31,2,1,0
BRDA:32,3,0,0
BRDA:32,3,1,1
BRF:8
BRH:5
end_of_record
TN:
SF:src/dto/contactDto.js
FN:1,isNonEmptyString
FN:5,validateCustomFields
FN:12,buildContactDTO
FNF:3
FNH:3
FNDA:5,isNonEmptyString
FNDA:5,validateCustomFields
FNDA:5,buildContactDTO
DA:2,5
DA:6,5
DA:7,2
DA:8,1
DA:9,1
DA:13,5
DA:15,5
DA:16,5
DA:17,2
DA:20,5
DA:21,5
DA:23,5
DA:25,3
DA:26,3
DA:28,3
DA:31,2
LF:16
LH:16
BRDA:2,0,0,5
BRDA:2,0,1,5
BRDA:6,1,0,3
BRDA:6,1,1,2
BRDA:7,2,0,1
BRDA:7,2,1,1
BRDA:16,3,0,2
BRDA:16,3,1,3
BRDA:21,4,0,1
BRDA:21,4,1,4
BRDA:23,5,0,2
BRDA:23,5,1,3
BRDA:26,6,0,1
BRDA:26,6,1,2
BRF:14
BRH:14
end_of_record
TN:
SF:src/dto/leadDto.js
FN:1,toNumberOrNull
FN:7,isNonEmptyString
FN:11,validateCustomFields
FN:18,buildLeadDTO
FNF:4
FNH:4
FNDA:18,toNumberOrNull
FNDA:6,isNonEmptyString
FNDA:6,validateCustomFields
FNDA:6,buildLeadDTO
DA:2,18
DA:3,3
DA:4,3
DA:8,6
DA:12,6
DA:13,1
DA:14,1
DA:15,0
DA:19,6
DA:21,6
DA:22,6
DA:23,1
DA:26,6
DA:27,6
DA:28,1
DA:30,6
DA:31,0
DA:34,6
DA:35,6
DA:36,1
DA:39,6
DA:40,6
DA:41,1
DA:44,6
DA:45,6
DA:46,1
DA:49,6
DA:50,1
DA:53,5
DA:54,5
DA:55,5
DA:56,5
DA:57,5
DA:59,5
DA:62,2
LF:35
LH:33
BRDA:2,0,0,15
BRDA:2,0,1,3
BRDA:2,1,0,18
BRDA:2,1,1,3
BRDA:2,1,2,3
BRDA:4,2,0,0
BRDA:4,2,1,3
BRDA:8,3,0,6
BRDA:8,3,1,6
BRDA:12,4,0,5
BRDA:12,4,1,1
BRDA:13,5,0,1
BRDA:13,5,1,0
BRDA:22,6,0,1
BRDA:22,6,1,5
BRDA:27,7,0,1
BRDA:27,7,1,5
BRDA:27,8,0,6
BRDA:27,8,1,1
BRDA:30,9,0,0
BRDA:30,9,1,6
BRDA:30,10,0,6
BRDA:30,10,1,0
BRDA:35,11,0,1
BRDA:35,11,1,5
BRDA:35,12,0,6
BRDA:35,12,1,1
BRDA:40,13,0,1
BRDA:40,13,1,5
BRDA:40,14,0,6
BRDA:40,14,1,1
BRDA:45,15,0,1
BRDA:45,15,1,5
BRDA:49,16,0,1
BRDA:49,16,1,5
BRDA:54,17,0,0
BRDA:54,17,1,5
BRDA:55,18,0,0
BRDA:55,18,1,5
BRDA:56,19,0,0
BRDA:56,19,1,5
BRDA:57,20,0,0
BRDA:57,20,1,5
BRF:43
BRH:35
end_of_record
TN:
SF:src/dto/linkDto.js
FN:1,toNumberOrNull
FN:7,buildLinkDTO
FNF:2
FNH:2
FNDA:10,toNumberOrNull
FNDA:5,buildLinkDTO
DA:2,10
DA:3,8
DA:4,8
DA:8,5
DA:9,5
DA:10,5
DA:12,5
DA:13,2
DA:14,5
DA:15,2
DA:17,5
DA:19,3
DA:22,2
LF:13
LH:13
BRDA:2,0,0,2
BRDA:2,0,1,8
BRDA:2,1,0,10
BRDA:2,1,1,9
BRDA:2,1,2,8
BRDA:4,2,0,6
BRDA:4,2,1,2
BRDA:12,3,0,2
BRDA:12,3,1,3
BRDA:14,4,0,2
BRDA:14,4,1,3
BRDA:17,5,0,2
BRDA:17,5,1,3
BRF:13
BRH:13
end_of_record
TN:
SF:src/models/contactModel.js
FN:2,(anonymous_0)
FN:15,(anonymous_1)
FN:29,(anonymous_2)
FNF:3
FNH:3
FNDA:16,(anonymous_0)
FNDA:3,(anonymous_1)
FNDA:8,(anonymous_2)
DA:3,16
DA:4,16
DA:5,16
DA:6,16
DA:7,16
DA:8,16
DA:9,16
DA:10,16
DA:11,16
DA:12,16
DA:16,3
DA:18,3
DA:19,3
DA:20,3
DA:21,3
DA:22,3
DA:23,1
DA:26,3
DA:30,8
DA:34,4
LF:20
LH:20
BRDA:2,0,0,10
BRDA:3,1,0,16
BRDA:3,1,1,11
BRDA:4,2,0,16
BRDA:4,2,1,11
BRDA:5,3,0,16
BRDA:5,3,1,14
BRDA:6,4,0,16
BRDA:6,4,1,14
BRDA:7,5,0,16
BRDA:7,5,1,15
BRDA:8,6,0,16
BRDA:8,6,1,15
BRDA:9,7,0,16
BRDA:9,7,1,15
BRDA:10,8,0,16
BRDA:10,8,1,16
BRDA:11,9,0,16
BRDA:11,9,1,16
BRDA:12,10,0,16
BRDA:12,10,1,15
BRDA:18,11,0,2
BRDA:18,11,1,1
BRDA:19,12,0,1
BRDA:19,12,1,2
BRDA:20,13,0,2
BRDA:20,13,1,1
BRDA:21,14,0,1
BRDA:21,14,1,2
BRDA:22,15,0,1
BRDA:22,15,1,2
BRDA:22,16,0,3
BRDA:22,16,1,3
BRF:33
BRH:33
end_of_record
TN:
SF:src/models/leadModel.js
FN:2,(anonymous_0)
FN:15,(anonymous_1)
FN:29,(anonymous_2)
FNF:3
FNH:3
FNDA:13,(anonymous_0)
FNDA:6,(anonymous_1)
FNDA:7,(anonymous_2)
DA:3,13
DA:4,13
DA:5,13
DA:6,13
DA:7,13
DA:8,13
DA:9,13
DA:10,13
DA:11,13
DA:12,13
DA:16,6
DA:18,6
DA:19,6
DA:20,6
DA:21,6
DA:22,6
DA:23,1
DA:26,6
DA:30,7
DA:34,3
LF:20
LH:20
BRDA:2,0,0,0
BRDA:3,1,0,13
BRDA:3,1,1,4
BRDA:4,2,0,13
BRDA:4,2,1,3
BRDA:5,3,0,13
BRDA:5,3,1,13
BRDA:6,4,0,13
BRDA:6,4,1,12
BRDA:7,5,0,13
BRDA:7,5,1,12
BRDA:8,6,0,13
BRDA:8,6,1,13
BRDA:9,7,0,13
BRDA:9,7,1,13
BRDA:10,8,0,13
BRDA:10,8,1,13
BRDA:11,9,0,13
BRDA:11,9,1,13
BRDA:12,10,0,13
BRDA:12,10,1,11
BRDA:18,11,0,5
BRDA:18,11,1,1
BRDA:19,12,0,0
BRDA:19,12,1,6
BRDA:20,13,0,1
BRDA:20,13,1,5
BRDA:21,14,0,1
BRDA:21,14,1,5
BRDA:22,15,0,1
BRDA:22,15,1,5
BRDA:22,16,0,6
BRDA:22,16,1,6
BRF:33
BRH:31
end_of_record
TN:
SF:src/services/contactService.js
FN:5,(anonymous_0)
FN:9,(anonymous_1)
FN:18,(anonymous_2)
FN:21,(anonymous_3)
FN:22,(anonymous_4)
FN:60,(anonymous_5)
FNF:6
FNH:4
FNDA:9,(anonymous_0)
FNDA:5,(anonymous_1)
FNDA:3,(anonymous_2)
FNDA:0,(anonymous_3)
FNDA:0,(anonymous_4)
FNDA:3,(anonymous_5)
DA:1,2
DA:2,2
DA:6,9
DA:10,5
DA:11,5
DA:12,4
DA:14,1
DA:19,3
DA:20,3
DA:21,0
DA:22,0
DA:24,0
DA:25,0
DA:27,0
DA:28,0
DA:29,0
DA:30,0
DA:33,0
DA:35,0
DA:39,0
DA:44,3
DA:45,3
DA:47,2
DA:51,1
DA:54,1
DA:56,2
DA:61,3
DA:62,3
DA:64,3
DA:65,3
DA:67,2
DA:71,1
DA:74,1
DA:76,2
DA:81,2
LF:35
LH:24
BRDA:20,0,0,0
BRDA:20,0,1,3
BRDA:24,1,0,0
BRDA:24,1,1,0
BRDA:24,2,0,0
BRDA:24,2,1,0
BRDA:27,3,0,0
BRDA:27,3,1,0
BRDA:29,4,0,0
BRDA:29,4,1,0
BRDA:35,5,0,0
BRDA:35,5,1,0
BRDA:35,6,0,0
BRDA:35,6,1,0
BRDA:35,6,2,0
BRDA:35,6,3,0
BRDA:47,7,0,1
BRDA:47,7,1,1
BRDA:47,8,0,2
BRDA:47,8,1,2
BRDA:47,8,2,1
BRDA:47,8,3,1
BRDA:67,9,0,1
BRDA:67,9,1,1
BRDA:67,10,0,2
BRDA:67,10,1,2
BRDA:67,10,2,1
BRDA:67,10,3,1
BRF:28
BRH:13
end_of_record
TN:
SF:src/services/leadService.js
FN:5,(anonymous_0)
FN:9,(anonymous_1)
FN:18,(anonymous_2)
FN:48,(anonymous_3)
FNF:4
FNH:4
FNDA:7,(anonymous_0)
FNDA:4,(anonymous_1)
FNDA:3,(anonymous_2)
FNDA:2,(anonymous_3)
DA:1,2
DA:2,2
DA:6,7
DA:10,4
DA:11,4
DA:12,3
DA:14,1
DA:19,3
DA:20,3
DA:21,3
DA:22,3
DA:24,3
DA:28,1
DA:32,2
DA:33,2
DA:35,2
DA:39,1
DA:42,1
DA:44,1
DA:49,2
DA:50,2
DA:52,2
DA:53,2
DA:55,2
DA:59,1
DA:62,1
DA:64,1
DA:69,2
LF:28
LH:28
BRDA:20,0,0,3
BRDA:20,0,1,0
BRDA:24,1,0,1
BRDA:24,1,1,2
BRDA:24,2,0,3
BRDA:24,2,1,3
BRDA:24,2,2,3
BRDA:24,2,3,3
BRDA:35,3,0,1
BRDA:35,3,1,1
BRDA:35,4,0,2
BRDA:35,4,1,2
BRDA:35,4,2,2
BRDA:35,4,3,2
BRDA:55,5,0,1
BRDA:55,5,1,1
BRDA:55,6,0,2
BRDA:55,6,1,2
BRDA:55,6,2,2
BRDA:55,6,3,2
BRF:20
BRH:19
end_of_record
TN:
SF:src/services/linkService.js
FN:4,(anonymous_0)
FN:10,(anonymous_1)
FN:22,(anonymous_2)
FNF:3
FNH:3
FNDA:9,(anonymous_0)
FNDA:4,(anonymous_1)
FNDA:4,(anonymous_2)
DA:1,2
DA:5,9
DA:6,9
DA:7,9
DA:11,4
DA:12,4
DA:13,3
DA:15,2
DA:16,1
DA:18,3
DA:23,4
DA:24,4
DA:25,3
DA:27,2
DA:28,1
DA:30,3
DA:35,2
LF:17
LH:17
BRF:0
BRH:0
end_of_record
TN:
SF:src/utils/amoApi.js
FN:7,(anonymous_0)
FN:19,(anonymous_1)
FN:23,(anonymous_2)
FN:30,(anonymous_3)
FN:36,(anonymous_4)
FN:44,(anonymous_5)
FN:55,(anonymous_6)
FN:62,(anonymous_7)
FN:68,(anonymous_8)
FN:76,(anonymous_9)
FN:89,(anonymous_10)
FN:102,(anonymous_11)
FNF:12
FNH:12
FNDA:14,(anonymous_0)
FNDA:1,(anonymous_1)
FNDA:1,(anonymous_2)
FNDA:1,(anonymous_3)
FNDA:1,(anonymous_4)
FNDA:1,(anonymous_5)
FNDA:1,(anonymous_6)
FNDA:1,(anonymous_7)
FNDA:1,(anonymous_8)
FNDA:2,(anonymous_9)
FNDA:1,(anonymous_10)
FNDA:1,(anonymous_11)
DA:1,1
DA:2,1
DA:3,1
DA:4,1
DA:8,14
DA:9,14
DA:10,14
DA:16,14
DA:20,1
DA:24,1
DA:31,1
DA:37,1
DA:45,1
DA:46,1
DA:47,1
DA:49,1
DA:56,1
DA:63,1
DA:69,1
DA:77,2
DA:78,2
DA:79,1
DA:80,1
DA:81,1
DA:83,2
DA:90,1
DA:103,1
DA:116,1
LF:28
LH:28
BRDA:46,0,0,1
BRDA:46,0,1,0
BRDA:78,1,0,1
BRDA:78,1,1,1
BRDA:80,2,0,1
BRDA:80,2,1,0
BRF:6
BRH:4
end_of_record
TN:
SF:src/utils/httpClient.js
FN:5,(anonymous_0)
FN:11,(anonymous_1)
FN:37,(anonymous_2)
FN:55,(anonymous_3)
FN:63,(anonymous_4)
FNF:5
FNH:5
FNDA:14,(anonymous_0)
FNDA:4,(anonymous_1)
FNDA:10,(anonymous_2)
FNDA:6,(anonymous_3)
FNDA:3,(anonymous_4)
DA:1,2
DA:2,2
DA:6,14
DA:7,14
DA:8,14
DA:12,4
DA:13,4
DA:14,4
DA:16,4
DA:22,4
DA:23,2
DA:25,2
DA:26,1
DA:29,1
DA:33,1
DA:38,10
DA:48,10
DA:49,3
DA:52,10
DA:56,6
DA:64,3
DA:65,3
DA:67,3
DA:73,3
DA:74,3
DA:78,2
LF:26
LH:26
BRDA:11,0,0,3
BRDA:25,1,0,1
BRDA:25,1,1,1
BRDA:31,2,0,0
BRDA:31,2,1,1
BRDA:48,3,0,3
BRDA:48,3,1,7
BRDA:57,4,0,6
BRDA:57,4,1,4
BRDA:57,4,2,2
BRF:10
BRH:9
end_of_record
TN:
SF:src/utils/oauthService.js
FN:5,(anonymous_0)
FN:13,(anonymous_1)
FN:29,(anonymous_2)
FN:37,(anonymous_3)
FN:80,(anonymous_4)
FN:128,(anonymous_5)
FNF:6
FNH:6
FNDA:15,(anonymous_0)
FNDA:4,(anonymous_1)
FNDA:8,(anonymous_2)
FNDA:4,(anonymous_3)
FNDA:4,(anonymous_4)
FNDA:1,(anonymous_5)
DA:1,2
DA:2,2
DA:6,15
DA:7,15
DA:8,15
DA:9,15
DA:10,15
DA:14,4
DA:15,1
DA:18,3
DA:19,1
DA:22,2
DA:23,1
DA:26,1
DA:30,8
DA:38,4
DA:39,4
DA:40,4
DA:41,4
DA:42,4
DA:46,4
DA:47,4
DA:49,4
DA:59,3
DA:69,3
DA:70,3
DA:72,1
DA:76,1
DA:81,4
DA:82,4
DA:83,4
DA:84,4
DA:85,4
DA:89,4
DA:90,4
DA:92,4
DA:102,2
DA:112,2
DA:113,2
DA:115,2
DA:120,2
DA:121,1
DA:122,1
DA:124,1
DA:129,1
DA:130,1
DA:135,1
DA:139,2
LF:48
LH:48
BRDA:14,0,0,1
BRDA:14,0,1,3
BRDA:18,1,0,1
BRDA:18,1,1,2
BRDA:22,2,0,1
BRDA:22,2,1,1
BRDA:31,3,0,8
BRDA:31,3,1,5
BRDA:31,3,2,4
BRDA:74,4,0,1
BRDA:74,4,1,0
BRDA:117,5,0,2
BRDA:117,5,1,0
BRDA:120,6,0,1
BRDA:120,6,1,1
BRF:15
BRH:13
end_of_record
TN:
SF:src/utils/tokenManager.js
FN:6,(anonymous_0)
FN:11,(anonymous_1)
FN:18,(anonymous_2)
FN:31,(anonymous_3)
FN:39,(anonymous_4)
FN:48,(anonymous_5)
FNF:6
FNH:6
FNDA:12,(anonymous_0)
FNDA:12,(anonymous_1)
FNDA:3,(anonymous_2)
FNDA:4,(anonymous_3)
FNDA:3,(anonymous_4)
FNDA:2,(anonymous_5)
DA:1,2
DA:2,2
DA:3,2
DA:7,12
DA:8,12
DA:12,12
DA:13,12
DA:14,4
DA:19,3
DA:20,3
DA:21,2
DA:22,1
DA:24,1
DA:26,1
DA:27,1
DA:32,4
DA:33,4
DA:35,3
DA:40,3
DA:49,2
DA:50,2
DA:51,2
DA:55,2
LF:23
LH:23
BRDA:13,0,0,4
BRDA:13,0,1,8
BRDA:20,1,0,2
BRDA:20,1,1,1
BRF:4
BRH:4
end_of_record
