{"/Users/mak/Desktop/vscode/test/TZ/autoRent/src/app.ts": {"path":"/Users/mak/Desktop/vscode/test/TZ/autoRent/src/app.ts","statementMap":{"0":{"start":{"line":1,"column":0},"end":{"line":1,"column":30}},"1":{"start":{"line":2,"column":0},"end":{"line":2,"column":null}},"2":{"start":{"line":3,"column":0},"end":{"line":3,"column":30}},"3":{"start":{"line":4,"column":0},"end":{"line":4,"column":37}},"4":{"start":{"line":8,"column":0},"end":{"line":8,"column":40}},"5":{"start":{"line":10,"column":26},"end":{"line":10,"column":35}},"6":{"start":{"line":24,"column":10},"end":{"line":24,"column":13}},"7":{"start":{"line":11,"column":0},"end":{"line":11,"column":27}},"8":{"start":{"line":12,"column":0},"end":{"line":17,"column":3}},"9":{"start":{"line":13,"column":4},"end":{"line":13,"column":90}},"10":{"start":{"line":14,"column":4},"end":{"line":14,"column":73}},"11":{"start":{"line":15,"column":4},"end":{"line":15,"column":63}},"12":{"start":{"line":16,"column":4},"end":{"line":16,"column":11}},"13":{"start":{"line":20,"column":0},"end":{"line":22,"column":3}},"14":{"start":{"line":21,"column":4},"end":{"line":21,"column":73}},"15":{"start":{"line":27,"column":0},"end":{"line":27,"column":28}},"16":{"start":{"line":28,"column":0},"end":{"line":28,"column":33}},"17":{"start":{"line":29,"column":0},"end":{"line":29,"column":43}},"18":{"start":{"line":30,"column":0},"end":{"line":38,"column":1}},"19":{"start":{"line":32,"column":5},"end":{"line":34,"column":8}},"20":{"start":{"line":33,"column":8},"end":{"line":33,"column":68}},"21":{"start":{"line":35,"column":4},"end":{"line":37,"column":5}},"22":{"start":{"line":36,"column":8},"end":{"line":36,"column":32}}},"fnMap":{"0":{"name":"(anonymous_10)","decl":{"start":{"line":12,"column":8},"end":{"line":12,"column":9}},"loc":{"start":{"line":12,"column":61},"end":{"line":17,"column":1}}},"1":{"name":"(anonymous_11)","decl":{"start":{"line":20,"column":19},"end":{"line":20,"column":20}},"loc":{"start":{"line":20,"column":32},"end":{"line":22,"column":1}}},"2":{"name":"(anonymous_12)","decl":{"start":{"line":32,"column":23},"end":{"line":32,"column":26}},"loc":{"start":{"line":32,"column":28},"end":{"line":34,"column":6}}},"3":{"name":"(anonymous_13)","decl":{"start":{"line":36,"column":8},"end":{"line":36,"column":16}},"loc":{"start":{"line":36,"column":8},"end":{"line":36,"column":32}}}},"branchMap":{"0":{"loc":{"start":{"line":30,"column":0},"end":{"line":38,"column":1}},"type":"if","locations":[{"start":{"line":30,"column":0},"end":{"line":38,"column":1}}]},"1":{"loc":{"start":{"line":30,"column":4},"end":{"line":30,"column":78}},"type":"binary-expr","locations":[{"start":{"line":30,"column":4},"end":{"line":30,"column":35}},{"start":{"line":30,"column":39},"end":{"line":30,"column":78}}]},"2":{"loc":{"start":{"line":35,"column":4},"end":{"line":37,"column":5}},"type":"if","locations":[{"start":{"line":35,"column":4},"end":{"line":37,"column":5}}]}},"s":{"0":0,"1":0,"2":0,"3":0,"4":0,"5":0,"6":0,"7":0,"8":0,"9":0,"10":0,"11":0,"12":0,"13":0,"14":0,"15":0,"16":0,"17":0,"18":0,"19":0,"20":0,"21":0,"22":0},"f":{"0":0,"1":0,"2":0,"3":0},"b":{"0":[0],"1":[0,0],"2":[0]}}
,"/Users/mak/Desktop/vscode/test/TZ/autoRent/src/constants.ts": {"path":"/Users/mak/Desktop/vscode/test/TZ/autoRent/src/constants.ts","statementMap":{"0":{"start":{"line":1,"column":13},"end":{"line":1,"column":53}},"1":{"start":{"line":2,"column":13},"end":{"line":2,"column":47}},"2":{"start":{"line":3,"column":13},"end":{"line":3,"column":37}},"3":{"start":{"line":4,"column":13},"end":{"line":4,"column":42}},"4":{"start":{"line":5,"column":13},"end":{"line":5,"column":44}},"5":{"start":{"line":6,"column":13},"end":{"line":6,"column":49}},"6":{"start":{"line":7,"column":13},"end":{"line":7,"column":69}},"7":{"start":{"line":8,"column":13},"end":{"line":8,"column":68}},"8":{"start":{"line":9,"column":13},"end":{"line":9,"column":92}},"9":{"start":{"line":10,"column":13},"end":{"line":10,"column":95}},"10":{"start":{"line":11,"column":13},"end":{"line":15,"column":2}},"11":{"start":{"line":16,"column":13},"end":{"line":18,"column":null}},"12":{"start":{"line":19,"column":13},"end":{"line":23,"column":null}},"13":{"start":{"line":24,"column":13},"end":{"line":24,"column":null}},"14":{"start":{"line":25,"column":13},"end":{"line":32,"column":null}}},"fnMap":{},"branchMap":{},"s":{"0":2,"1":2,"2":2,"3":2,"4":2,"5":2,"6":2,"7":2,"8":2,"9":2,"10":2,"11":2,"12":2,"13":2,"14":2},"f":{},"b":{}}
,"/Users/mak/Desktop/vscode/test/TZ/autoRent/src/middleware.ts": {"path":"/Users/mak/Desktop/vscode/test/TZ/autoRent/src/middleware.ts","statementMap":{"0":{"start":{"line":1,"column":27},"end":{"line":12,"column":1}},"1":{"start":{"line":2,"column":19},"end":{"line":2,"column":44}},"2":{"start":{"line":3,"column":4},"end":{"line":7,"column":5}},"3":{"start":{"line":4,"column":8},"end":{"line":6,"column":64}},"4":{"start":{"line":8,"column":4},"end":{"line":10,"column":5}},"5":{"start":{"line":9,"column":8},"end":{"line":9,"column":67}},"6":{"start":{"line":11,"column":4},"end":{"line":11,"column":11}},"7":{"start":{"line":14,"column":9},"end":{"line":14,"column":27}}},"fnMap":{"0":{"name":"(anonymous_0)","decl":{"start":{"line":1,"column":27},"end":{"line":1,"column":28}},"loc":{"start":{"line":1,"column":61},"end":{"line":12,"column":1}}}},"branchMap":{"0":{"loc":{"start":{"line":3,"column":4},"end":{"line":7,"column":5}},"type":"if","locations":[{"start":{"line":3,"column":4},"end":{"line":7,"column":5}}]},"1":{"loc":{"start":{"line":3,"column":8},"end":{"line":3,"column":39}},"type":"binary-expr","locations":[{"start":{"line":3,"column":8},"end":{"line":3,"column":15}},{"start":{"line":3,"column":19},"end":{"line":3,"column":39}}]},"2":{"loc":{"start":{"line":8,"column":4},"end":{"line":10,"column":5}},"type":"if","locations":[{"start":{"line":8,"column":4},"end":{"line":10,"column":5}}]}},"s":{"0":1,"1":13,"2":10,"3":3,"4":7,"5":3,"6":4,"7":1},"f":{"0":13},"b":{"0":[3],"1":[10,8],"2":[3]}}
,"/Users/mak/Desktop/vscode/test/TZ/autoRent/src/routes.ts": {"path":"/Users/mak/Desktop/vscode/test/TZ/autoRent/src/routes.ts","statementMap":{"0":{"start":{"line":1,"column":0},"end":{"line":1,"column":44}},"1":{"start":{"line":2,"column":0},"end":{"line":2,"column":52}},"2":{"start":{"line":3,"column":0},"end":{"line":3,"column":66}},"3":{"start":{"line":5,"column":15},"end":{"line":9,"column":2}},"4":{"start":{"line":11,"column":0},"end":{"line":11,"column":26}}},"fnMap":{},"branchMap":{},"s":{"0":0,"1":0,"2":0,"3":0,"4":0},"f":{},"b":{}}
,"/Users/mak/Desktop/vscode/test/TZ/autoRent/src/utils.ts": {"path":"/Users/mak/Desktop/vscode/test/TZ/autoRent/src/utils.ts","statementMap":{"0":{"start":{"line":1,"column":0},"end":{"line":1,"column":41}},"1":{"start":{"line":2,"column":0},"end":{"line":2,"column":49}},"2":{"start":{"line":3,"column":0},"end":{"line":3,"column":null}},"3":{"start":{"line":8,"column":18},"end":{"line":13,"column":2}},"4":{"start":{"line":8,"column":55},"end":{"line":13,"column":2}},"5":{"start":{"line":9,"column":21},"end":{"line":9,"column":56}},"6":{"start":{"line":10,"column":4},"end":{"line":12,"column":5}},"7":{"start":{"line":11,"column":8},"end":{"line":11,"column":40}},"8":{"start":{"line":15,"column":16},"end":{"line":23,"column":4}},"9":{"start":{"line":15,"column":53},"end":{"line":23,"column":4}},"10":{"start":{"line":16,"column":4},"end":{"line":16,"column":28}},"11":{"start":{"line":17,"column":17},"end":{"line":17,"column":52}},"12":{"start":{"line":18,"column":4},"end":{"line":22,"column":5}},"13":{"start":{"line":19,"column":8},"end":{"line":19,"column":null}},"14":{"start":{"line":21,"column":8},"end":{"line":21,"column":null}},"15":{"start":{"line":25,"column":21},"end":{"line":31,"column":2}},"16":{"start":{"line":25,"column":71},"end":{"line":31,"column":2}},"17":{"start":{"line":26,"column":4},"end":{"line":26,"column":28}},"18":{"start":{"line":27,"column":22},"end":{"line":27,"column":58}},"19":{"start":{"line":28,"column":4},"end":{"line":30,"column":5}},"20":{"start":{"line":29,"column":8},"end":{"line":29,"column":35}},"21":{"start":{"line":33,"column":25},"end":{"line":41,"column":2}},"22":{"start":{"line":33,"column":49},"end":{"line":41,"column":2}},"23":{"start":{"line":34,"column":4},"end":{"line":36,"column":5}},"24":{"start":{"line":35,"column":8},"end":{"line":35,"column":45}},"25":{"start":{"line":37,"column":22},"end":{"line":37,"column":58}},"26":{"start":{"line":38,"column":4},"end":{"line":40,"column":5}},"27":{"start":{"line":39,"column":8},"end":{"line":39,"column":37}},"28":{"start":{"line":43,"column":29},"end":{"line":49,"column":2}},"29":{"start":{"line":43,"column":66},"end":{"line":49,"column":2}},"30":{"start":{"line":44,"column":4},"end":{"line":44,"column":28}},"31":{"start":{"line":45,"column":23},"end":{"line":45,"column":58}},"32":{"start":{"line":46,"column":4},"end":{"line":48,"column":5}},"33":{"start":{"line":47,"column":8},"end":{"line":47,"column":38}},"34":{"start":{"line":51,"column":21},"end":{"line":56,"column":2}},"35":{"start":{"line":51,"column":54},"end":{"line":56,"column":2}},"36":{"start":{"line":52,"column":24},"end":{"line":52,"column":58}},"37":{"start":{"line":53,"column":4},"end":{"line":55,"column":5}},"38":{"start":{"line":54,"column":8},"end":{"line":54,"column":43}},"39":{"start":{"line":58,"column":0},"end":{"line":65,"column":2}}},"fnMap":{"0":{"name":"(anonymous_7)","decl":{"start":{"line":8,"column":18},"end":{"line":8,"column":25}},"loc":{"start":{"line":8,"column":55},"end":{"line":13,"column":2}}},"1":{"name":"(anonymous_8)","decl":{"start":{"line":8,"column":55},"end":{"line":8,"column":null}},"loc":{"start":{"line":8,"column":55},"end":{"line":13,"column":1}}},"2":{"name":"(anonymous_9)","decl":{"start":{"line":15,"column":16},"end":{"line":15,"column":23}},"loc":{"start":{"line":15,"column":53},"end":{"line":23,"column":4}}},"3":{"name":"(anonymous_10)","decl":{"start":{"line":15,"column":53},"end":{"line":15,"column":null}},"loc":{"start":{"line":15,"column":53},"end":{"line":23,"column":3}}},"4":{"name":"(anonymous_11)","decl":{"start":{"line":25,"column":21},"end":{"line":25,"column":28}},"loc":{"start":{"line":25,"column":71},"end":{"line":31,"column":2}}},"5":{"name":"(anonymous_12)","decl":{"start":{"line":25,"column":71},"end":{"line":25,"column":null}},"loc":{"start":{"line":25,"column":71},"end":{"line":31,"column":1}}},"6":{"name":"(anonymous_13)","decl":{"start":{"line":33,"column":25},"end":{"line":33,"column":32}},"loc":{"start":{"line":33,"column":49},"end":{"line":41,"column":2}}},"7":{"name":"(anonymous_14)","decl":{"start":{"line":33,"column":49},"end":{"line":33,"column":null}},"loc":{"start":{"line":33,"column":49},"end":{"line":41,"column":1}}},"8":{"name":"(anonymous_15)","decl":{"start":{"line":43,"column":29},"end":{"line":43,"column":36}},"loc":{"start":{"line":43,"column":66},"end":{"line":49,"column":2}}},"9":{"name":"(anonymous_16)","decl":{"start":{"line":43,"column":66},"end":{"line":43,"column":null}},"loc":{"start":{"line":43,"column":66},"end":{"line":49,"column":1}}},"10":{"name":"(anonymous_17)","decl":{"start":{"line":51,"column":21},"end":{"line":51,"column":28}},"loc":{"start":{"line":51,"column":54},"end":{"line":56,"column":2}}},"11":{"name":"(anonymous_18)","decl":{"start":{"line":51,"column":54},"end":{"line":51,"column":null}},"loc":{"start":{"line":51,"column":54},"end":{"line":56,"column":1}}}},"branchMap":{"0":{"loc":{"start":{"line":10,"column":4},"end":{"line":12,"column":5}},"type":"if","locations":[{"start":{"line":10,"column":4},"end":{"line":12,"column":5}}]},"1":{"loc":{"start":{"line":18,"column":4},"end":{"line":22,"column":5}},"type":"if","locations":[{"start":{"line":18,"column":4},"end":{"line":22,"column":5}},{"start":{"line":20,"column":11},"end":{"line":22,"column":5}}]},"2":{"loc":{"start":{"line":18,"column":8},"end":{"line":18,"column":21}},"type":"cond-expr","locations":[{"start":{"line":18,"column":12},"end":{"line":18,"column":14}},{"start":{"line":18,"column":8},"end":{"line":18,"column":21}}]},"3":{"loc":{"start":{"line":18,"column":8},"end":{"line":18,"column":14}},"type":"binary-expr","locations":[{"start":{"line":18,"column":8},"end":{"line":18,"column":14}},{"start":{"line":18,"column":8},"end":{"line":18,"column":14}}]},"4":{"loc":{"start":{"line":28,"column":4},"end":{"line":30,"column":5}},"type":"if","locations":[{"start":{"line":28,"column":4},"end":{"line":30,"column":5}}]},"5":{"loc":{"start":{"line":28,"column":8},"end":{"line":28,"column":57}},"type":"binary-expr","locations":[{"start":{"line":28,"column":8},"end":{"line":28,"column":18}},{"start":{"line":28,"column":22},"end":{"line":28,"column":40}},{"start":{"line":28,"column":44},"end":{"line":28,"column":57}}]},"6":{"loc":{"start":{"line":34,"column":4},"end":{"line":36,"column":5}},"type":"if","locations":[{"start":{"line":34,"column":4},"end":{"line":36,"column":5}}]},"7":{"loc":{"start":{"line":34,"column":8},"end":{"line":34,"column":37}},"type":"binary-expr","locations":[{"start":{"line":34,"column":8},"end":{"line":34,"column":14}},{"start":{"line":34,"column":18},"end":{"line":34,"column":37}}]},"8":{"loc":{"start":{"line":38,"column":4},"end":{"line":40,"column":5}},"type":"if","locations":[{"start":{"line":38,"column":4},"end":{"line":40,"column":5}}]},"9":{"loc":{"start":{"line":46,"column":4},"end":{"line":48,"column":5}},"type":"if","locations":[{"start":{"line":46,"column":4},"end":{"line":48,"column":5}}]},"10":{"loc":{"start":{"line":46,"column":8},"end":{"line":46,"column":74}},"type":"binary-expr","locations":[{"start":{"line":46,"column":8},"end":{"line":46,"column":19}},{"start":{"line":46,"column":24},"end":{"line":46,"column":41}},{"start":{"line":46,"column":45},"end":{"line":46,"column":73}}]},"11":{"loc":{"start":{"line":53,"column":4},"end":{"line":55,"column":5}},"type":"if","locations":[{"start":{"line":53,"column":4},"end":{"line":55,"column":5}}]}},"s":{"0":1,"1":1,"2":1,"3":1,"4":42,"5":42,"6":23,"7":3,"8":1,"9":10,"10":10,"11":4,"12":3,"13":1,"14":2,"15":1,"16":12,"17":12,"18":10,"19":9,"20":7,"21":1,"22":10,"23":10,"24":3,"25":7,"26":4,"27":1,"28":1,"29":10,"30":10,"31":5,"32":4,"33":1,"34":1,"35":10,"36":10,"37":6,"38":5,"39":1},"f":{"0":42,"1":42,"2":10,"3":10,"4":12,"5":12,"6":10,"7":10,"8":10,"9":10,"10":10,"11":10},"b":{"0":[3],"1":[1,2],"2":[0,3],"3":[3,3],"4":[7],"5":[9,9,8],"6":[3],"7":[10,7],"8":[1],"9":[1],"10":[4,4,2],"11":[5]}}
,"/Users/mak/Desktop/vscode/test/TZ/autoRent/src/reservations/reservationsModel.ts": {"path":"/Users/mak/Desktop/vscode/test/TZ/autoRent/src/reservations/reservationsModel.ts","statementMap":{"0":{"start":{"line":1,"column":0},"end":{"line":1,"column":40}},"1":{"start":{"line":2,"column":0},"end":{"line":2,"column":71}},"2":{"start":{"line":4,"column":27},"end":{"line":21,"column":2}},"3":{"start":{"line":23,"column":21},"end":{"line":23,"column":71}},"4":{"start":{"line":25,"column":9},"end":{"line":25,"column":21}}},"fnMap":{},"branchMap":{},"s":{"0":0,"1":0,"2":0,"3":0,"4":0},"f":{},"b":{}}
,"/Users/mak/Desktop/vscode/test/TZ/autoRent/src/reservations/reservationsRoutes.ts": {"path":"/Users/mak/Desktop/vscode/test/TZ/autoRent/src/reservations/reservationsRoutes.ts","statementMap":{"0":{"start":{"line":1,"column":0},"end":{"line":1,"column":29}},"1":{"start":{"line":2,"column":0},"end":{"line":2,"column":51}},"2":{"start":{"line":3,"column":0},"end":{"line":3,"column":48}},"3":{"start":{"line":5,"column":0},"end":{"line":5,"column":66}},"4":{"start":{"line":6,"column":0},"end":{"line":6,"column":63}},"5":{"start":{"line":7,"column":0},"end":{"line":7,"column":80}},"6":{"start":{"line":9,"column":0},"end":{"line":9,"column":null}},"7":{"start":{"line":19,"column":0},"end":{"line":59,"column":2}},"8":{"start":{"line":26,"column":27},"end":{"line":26,"column":46}},"9":{"start":{"line":27,"column":31},"end":{"line":27,"column":51}},"10":{"start":{"line":28,"column":29},"end":{"line":28,"column":47}},"11":{"start":{"line":29,"column":33},"end":{"line":29,"column":62}},"12":{"start":{"line":30,"column":8},"end":{"line":32,"column":9}},"13":{"start":{"line":31,"column":12},"end":{"line":31,"column":null}},"14":{"start":{"line":33,"column":23},"end":{"line":33,"column":97}},"15":{"start":{"line":34,"column":8},"end":{"line":36,"column":9}},"16":{"start":{"line":35,"column":12},"end":{"line":35,"column":51}},"17":{"start":{"line":37,"column":27},"end":{"line":37,"column":81}},"18":{"start":{"line":38,"column":8},"end":{"line":40,"column":9}},"19":{"start":{"line":39,"column":12},"end":{"line":39,"column":55}},"20":{"start":{"line":41,"column":8},"end":{"line":41,"column":20}},"21":{"start":{"line":44,"column":42},"end":{"line":58,"column":null}},"22":{"start":{"line":45,"column":73},"end":{"line":45,"column":81}},"23":{"start":{"line":46,"column":23},"end":{"line":46,"column":44}},"24":{"start":{"line":47,"column":8},"end":{"line":57,"column":9}},"25":{"start":{"line":48,"column":12},"end":{"line":54,"column":13}},"26":{"start":{"line":49,"column":37},"end":{"line":49,"column":117}},"27":{"start":{"line":50,"column":16},"end":{"line":50,"column":67}},"28":{"start":{"line":52,"column":32},"end":{"line":52,"column":86}},"29":{"start":{"line":53,"column":16},"end":{"line":53,"column":76}},"30":{"start":{"line":56,"column":12},"end":{"line":56,"column":81}},"31":{"start":{"line":61,"column":0},"end":{"line":78,"column":2}},"32":{"start":{"line":63,"column":42},"end":{"line":77,"column":null}},"33":{"start":{"line":64,"column":23},"end":{"line":64,"column":48}},"34":{"start":{"line":65,"column":23},"end":{"line":65,"column":44}},"35":{"start":{"line":66,"column":8},"end":{"line":76,"column":9}},"36":{"start":{"line":67,"column":12},"end":{"line":73,"column":13}},"37":{"start":{"line":68,"column":34},"end":{"line":68,"column":81}},"38":{"start":{"line":69,"column":16},"end":{"line":69,"column":59}},"39":{"start":{"line":71,"column":32},"end":{"line":71,"column":86}},"40":{"start":{"line":72,"column":16},"end":{"line":72,"column":76}},"41":{"start":{"line":75,"column":12},"end":{"line":75,"column":81}},"42":{"start":{"line":80,"column":0},"end":{"line":98,"column":2}},"43":{"start":{"line":82,"column":42},"end":{"line":96,"column":null}},"44":{"start":{"line":83,"column":23},"end":{"line":83,"column":48}},"45":{"start":{"line":84,"column":23},"end":{"line":84,"column":44}},"46":{"start":{"line":85,"column":8},"end":{"line":95,"column":9}},"47":{"start":{"line":86,"column":12},"end":{"line":86,"column":81}},"48":{"start":{"line":88,"column":12},"end":{"line":94,"column":13}},"49":{"start":{"line":89,"column":34},"end":{"line":89,"column":65}},"50":{"start":{"line":90,"column":16},"end":{"line":90,"column":59}},"51":{"start":{"line":92,"column":32},"end":{"line":92,"column":86}},"52":{"start":{"line":93,"column":16},"end":{"line":93,"column":76}},"53":{"start":{"line":100,"column":0},"end":{"line":120,"column":2}},"54":{"start":{"line":104,"column":42},"end":{"line":119,"column":null}},"55":{"start":{"line":105,"column":30},"end":{"line":105,"column":40}},"56":{"start":{"line":106,"column":41},"end":{"line":106,"column":49}},"57":{"start":{"line":107,"column":23},"end":{"line":107,"column":44}},"58":{"start":{"line":108,"column":8},"end":{"line":118,"column":9}},"59":{"start":{"line":109,"column":12},"end":{"line":115,"column":13}},"60":{"start":{"line":110,"column":37},"end":{"line":110,"column":107}},"61":{"start":{"line":111,"column":16},"end":{"line":111,"column":62}},"62":{"start":{"line":113,"column":32},"end":{"line":113,"column":86}},"63":{"start":{"line":114,"column":16},"end":{"line":114,"column":76}},"64":{"start":{"line":117,"column":12},"end":{"line":117,"column":81}},"65":{"start":{"line":122,"column":0},"end":{"line":139,"column":2}},"66":{"start":{"line":124,"column":42},"end":{"line":138,"column":null}},"67":{"start":{"line":125,"column":23},"end":{"line":125,"column":48}},"68":{"start":{"line":126,"column":23},"end":{"line":126,"column":44}},"69":{"start":{"line":127,"column":8},"end":{"line":137,"column":9}},"70":{"start":{"line":128,"column":12},"end":{"line":134,"column":13}},"71":{"start":{"line":129,"column":37},"end":{"line":129,"column":73}},"72":{"start":{"line":130,"column":16},"end":{"line":130,"column":62}},"73":{"start":{"line":132,"column":32},"end":{"line":132,"column":86}},"74":{"start":{"line":133,"column":16},"end":{"line":133,"column":76}},"75":{"start":{"line":136,"column":12},"end":{"line":136,"column":81}},"76":{"start":{"line":142,"column":0},"end":{"line":183,"column":2}},"77":{"start":{"line":148,"column":27},"end":{"line":148,"column":46}},"78":{"start":{"line":149,"column":31},"end":{"line":149,"column":51}},"79":{"start":{"line":150,"column":29},"end":{"line":150,"column":47}},"80":{"start":{"line":151,"column":33},"end":{"line":151,"column":62}},"81":{"start":{"line":152,"column":8},"end":{"line":154,"column":9}},"82":{"start":{"line":153,"column":12},"end":{"line":153,"column":null}},"83":{"start":{"line":155,"column":23},"end":{"line":155,"column":97}},"84":{"start":{"line":156,"column":8},"end":{"line":158,"column":9}},"85":{"start":{"line":157,"column":12},"end":{"line":157,"column":48}},"86":{"start":{"line":159,"column":27},"end":{"line":159,"column":81}},"87":{"start":{"line":160,"column":8},"end":{"line":162,"column":9}},"88":{"start":{"line":161,"column":12},"end":{"line":161,"column":54}},"89":{"start":{"line":163,"column":8},"end":{"line":163,"column":20}},"90":{"start":{"line":166,"column":42},"end":{"line":182,"column":null}},"91":{"start":{"line":167,"column":23},"end":{"line":167,"column":48}},"92":{"start":{"line":168,"column":35},"end":{"line":168,"column":45}},"93":{"start":{"line":169,"column":60},"end":{"line":169,"column":68}},"94":{"start":{"line":170,"column":23},"end":{"line":170,"column":44}},"95":{"start":{"line":171,"column":8},"end":{"line":181,"column":9}},"96":{"start":{"line":172,"column":12},"end":{"line":178,"column":13}},"97":{"start":{"line":173,"column":37},"end":{"line":173,"column":126}},"98":{"start":{"line":174,"column":16},"end":{"line":174,"column":62}},"99":{"start":{"line":176,"column":32},"end":{"line":176,"column":86}},"100":{"start":{"line":177,"column":16},"end":{"line":177,"column":76}},"101":{"start":{"line":180,"column":12},"end":{"line":180,"column":81}},"102":{"start":{"line":185,"column":0},"end":{"line":205,"column":2}},"103":{"start":{"line":188,"column":42},"end":{"line":204,"column":null}},"104":{"start":{"line":189,"column":23},"end":{"line":189,"column":48}},"105":{"start":{"line":190,"column":35},"end":{"line":190,"column":45}},"106":{"start":{"line":191,"column":23},"end":{"line":191,"column":31}},"107":{"start":{"line":192,"column":23},"end":{"line":192,"column":44}},"108":{"start":{"line":193,"column":8},"end":{"line":203,"column":9}},"109":{"start":{"line":194,"column":12},"end":{"line":200,"column":13}},"110":{"start":{"line":195,"column":37},"end":{"line":195,"column":93}},"111":{"start":{"line":196,"column":16},"end":{"line":196,"column":62}},"112":{"start":{"line":198,"column":32},"end":{"line":198,"column":86}},"113":{"start":{"line":199,"column":16},"end":{"line":199,"column":76}},"114":{"start":{"line":202,"column":12},"end":{"line":202,"column":81}},"115":{"start":{"line":207,"column":0},"end":{"line":207,"column":186}}},"fnMap":{"0":{"name":"(anonymous_7)","decl":{"start":{"line":25,"column":37},"end":{"line":25,"column":38}},"loc":{"start":{"line":25,"column":59},"end":{"line":42,"column":5}}},"1":{"name":"(anonymous_8)","decl":{"start":{"line":44,"column":4},"end":{"line":44,"column":11}},"loc":{"start":{"line":44,"column":42},"end":{"line":58,"column":null}}},"2":{"name":"(anonymous_9)","decl":{"start":{"line":44,"column":42},"end":{"line":44,"column":null}},"loc":{"start":{"line":44,"column":42},"end":{"line":58,"column":5}}},"3":{"name":"(anonymous_10)","decl":{"start":{"line":63,"column":4},"end":{"line":63,"column":11}},"loc":{"start":{"line":63,"column":42},"end":{"line":77,"column":null}}},"4":{"name":"(anonymous_11)","decl":{"start":{"line":63,"column":42},"end":{"line":63,"column":null}},"loc":{"start":{"line":63,"column":42},"end":{"line":77,"column":5}}},"5":{"name":"(anonymous_12)","decl":{"start":{"line":82,"column":4},"end":{"line":82,"column":11}},"loc":{"start":{"line":82,"column":42},"end":{"line":96,"column":null}}},"6":{"name":"(anonymous_13)","decl":{"start":{"line":82,"column":42},"end":{"line":82,"column":null}},"loc":{"start":{"line":82,"column":42},"end":{"line":96,"column":5}}},"7":{"name":"(anonymous_14)","decl":{"start":{"line":104,"column":4},"end":{"line":104,"column":11}},"loc":{"start":{"line":104,"column":42},"end":{"line":119,"column":null}}},"8":{"name":"(anonymous_15)","decl":{"start":{"line":104,"column":42},"end":{"line":104,"column":null}},"loc":{"start":{"line":104,"column":42},"end":{"line":119,"column":5}}},"9":{"name":"(anonymous_16)","decl":{"start":{"line":124,"column":4},"end":{"line":124,"column":11}},"loc":{"start":{"line":124,"column":42},"end":{"line":138,"column":null}}},"10":{"name":"(anonymous_17)","decl":{"start":{"line":124,"column":42},"end":{"line":124,"column":null}},"loc":{"start":{"line":124,"column":42},"end":{"line":138,"column":5}}},"11":{"name":"(anonymous_18)","decl":{"start":{"line":147,"column":37},"end":{"line":147,"column":38}},"loc":{"start":{"line":147,"column":59},"end":{"line":164,"column":5}}},"12":{"name":"(anonymous_19)","decl":{"start":{"line":166,"column":4},"end":{"line":166,"column":11}},"loc":{"start":{"line":166,"column":42},"end":{"line":182,"column":null}}},"13":{"name":"(anonymous_20)","decl":{"start":{"line":166,"column":42},"end":{"line":166,"column":null}},"loc":{"start":{"line":166,"column":42},"end":{"line":182,"column":5}}},"14":{"name":"(anonymous_21)","decl":{"start":{"line":188,"column":4},"end":{"line":188,"column":11}},"loc":{"start":{"line":188,"column":42},"end":{"line":204,"column":null}}},"15":{"name":"(anonymous_22)","decl":{"start":{"line":188,"column":42},"end":{"line":188,"column":null}},"loc":{"start":{"line":188,"column":42},"end":{"line":204,"column":5}}}},"branchMap":{"0":{"loc":{"start":{"line":30,"column":8},"end":{"line":32,"column":9}},"type":"if","locations":[{"start":{"line":30,"column":8},"end":{"line":32,"column":9}}]},"1":{"loc":{"start":{"line":33,"column":23},"end":{"line":33,"column":97}},"type":"binary-expr","locations":[{"start":{"line":33,"column":23},"end":{"line":33,"column":59}},{"start":{"line":33,"column":63},"end":{"line":33,"column":97}}]},"2":{"loc":{"start":{"line":34,"column":8},"end":{"line":36,"column":9}},"type":"if","locations":[{"start":{"line":34,"column":8},"end":{"line":36,"column":9}}]},"3":{"loc":{"start":{"line":38,"column":8},"end":{"line":40,"column":9}},"type":"if","locations":[{"start":{"line":38,"column":8},"end":{"line":40,"column":9}}]},"4":{"loc":{"start":{"line":47,"column":8},"end":{"line":57,"column":9}},"type":"if","locations":[{"start":{"line":47,"column":8},"end":{"line":57,"column":9}},{"start":{"line":55,"column":15},"end":{"line":57,"column":9}}]},"5":{"loc":{"start":{"line":52,"column":32},"end":{"line":52,"column":86}},"type":"cond-expr","locations":[{"start":{"line":52,"column":57},"end":{"line":52,"column":70}},{"start":{"line":52,"column":73},"end":{"line":52,"column":86}}]},"6":{"loc":{"start":{"line":66,"column":8},"end":{"line":76,"column":9}},"type":"if","locations":[{"start":{"line":66,"column":8},"end":{"line":76,"column":9}},{"start":{"line":74,"column":15},"end":{"line":76,"column":9}}]},"7":{"loc":{"start":{"line":71,"column":32},"end":{"line":71,"column":86}},"type":"cond-expr","locations":[{"start":{"line":71,"column":57},"end":{"line":71,"column":70}},{"start":{"line":71,"column":73},"end":{"line":71,"column":86}}]},"8":{"loc":{"start":{"line":85,"column":8},"end":{"line":95,"column":9}},"type":"if","locations":[{"start":{"line":85,"column":8},"end":{"line":95,"column":9}},{"start":{"line":87,"column":15},"end":{"line":95,"column":9}}]},"9":{"loc":{"start":{"line":92,"column":32},"end":{"line":92,"column":86}},"type":"cond-expr","locations":[{"start":{"line":92,"column":57},"end":{"line":92,"column":70}},{"start":{"line":92,"column":73},"end":{"line":92,"column":86}}]},"10":{"loc":{"start":{"line":108,"column":8},"end":{"line":118,"column":9}},"type":"if","locations":[{"start":{"line":108,"column":8},"end":{"line":118,"column":9}},{"start":{"line":116,"column":15},"end":{"line":118,"column":9}}]},"11":{"loc":{"start":{"line":113,"column":32},"end":{"line":113,"column":86}},"type":"cond-expr","locations":[{"start":{"line":113,"column":57},"end":{"line":113,"column":70}},{"start":{"line":113,"column":73},"end":{"line":113,"column":86}}]},"12":{"loc":{"start":{"line":127,"column":8},"end":{"line":137,"column":9}},"type":"if","locations":[{"start":{"line":127,"column":8},"end":{"line":137,"column":9}},{"start":{"line":135,"column":15},"end":{"line":137,"column":9}}]},"13":{"loc":{"start":{"line":132,"column":32},"end":{"line":132,"column":86}},"type":"cond-expr","locations":[{"start":{"line":132,"column":57},"end":{"line":132,"column":70}},{"start":{"line":132,"column":73},"end":{"line":132,"column":86}}]},"14":{"loc":{"start":{"line":152,"column":8},"end":{"line":154,"column":9}},"type":"if","locations":[{"start":{"line":152,"column":8},"end":{"line":154,"column":9}}]},"15":{"loc":{"start":{"line":155,"column":23},"end":{"line":155,"column":97}},"type":"binary-expr","locations":[{"start":{"line":155,"column":23},"end":{"line":155,"column":59}},{"start":{"line":155,"column":63},"end":{"line":155,"column":97}}]},"16":{"loc":{"start":{"line":156,"column":8},"end":{"line":158,"column":9}},"type":"if","locations":[{"start":{"line":156,"column":8},"end":{"line":158,"column":9}}]},"17":{"loc":{"start":{"line":160,"column":8},"end":{"line":162,"column":9}},"type":"if","locations":[{"start":{"line":160,"column":8},"end":{"line":162,"column":9}}]},"18":{"loc":{"start":{"line":171,"column":8},"end":{"line":181,"column":9}},"type":"if","locations":[{"start":{"line":171,"column":8},"end":{"line":181,"column":9}},{"start":{"line":179,"column":15},"end":{"line":181,"column":9}}]},"19":{"loc":{"start":{"line":176,"column":32},"end":{"line":176,"column":86}},"type":"cond-expr","locations":[{"start":{"line":176,"column":57},"end":{"line":176,"column":70}},{"start":{"line":176,"column":73},"end":{"line":176,"column":86}}]},"20":{"loc":{"start":{"line":193,"column":8},"end":{"line":203,"column":9}},"type":"if","locations":[{"start":{"line":193,"column":8},"end":{"line":203,"column":9}},{"start":{"line":201,"column":15},"end":{"line":203,"column":9}}]},"21":{"loc":{"start":{"line":198,"column":32},"end":{"line":198,"column":86}},"type":"cond-expr","locations":[{"start":{"line":198,"column":57},"end":{"line":198,"column":70}},{"start":{"line":198,"column":73},"end":{"line":198,"column":86}}]}},"s":{"0":0,"1":0,"2":0,"3":0,"4":0,"5":0,"6":0,"7":0,"8":0,"9":0,"10":0,"11":0,"12":0,"13":0,"14":0,"15":0,"16":0,"17":0,"18":0,"19":0,"20":0,"21":0,"22":0,"23":0,"24":0,"25":0,"26":0,"27":0,"28":0,"29":0,"30":0,"31":0,"32":0,"33":0,"34":0,"35":0,"36":0,"37":0,"38":0,"39":0,"40":0,"41":0,"42":0,"43":0,"44":0,"45":0,"46":0,"47":0,"48":0,"49":0,"50":0,"51":0,"52":0,"53":0,"54":0,"55":0,"56":0,"57":0,"58":0,"59":0,"60":0,"61":0,"62":0,"63":0,"64":0,"65":0,"66":0,"67":0,"68":0,"69":0,"70":0,"71":0,"72":0,"73":0,"74":0,"75":0,"76":0,"77":0,"78":0,"79":0,"80":0,"81":0,"82":0,"83":0,"84":0,"85":0,"86":0,"87":0,"88":0,"89":0,"90":0,"91":0,"92":0,"93":0,"94":0,"95":0,"96":0,"97":0,"98":0,"99":0,"100":0,"101":0,"102":0,"103":0,"104":0,"105":0,"106":0,"107":0,"108":0,"109":0,"110":0,"111":0,"112":0,"113":0,"114":0,"115":0},"f":{"0":0,"1":0,"2":0,"3":0,"4":0,"5":0,"6":0,"7":0,"8":0,"9":0,"10":0,"11":0,"12":0,"13":0,"14":0,"15":0},"b":{"0":[0],"1":[0,0],"2":[0],"3":[0],"4":[0,0],"5":[0,0],"6":[0,0],"7":[0,0],"8":[0,0],"9":[0,0],"10":[0,0],"11":[0,0],"12":[0,0],"13":[0,0],"14":[0],"15":[0,0],"16":[0],"17":[0],"18":[0,0],"19":[0,0],"20":[0,0],"21":[0,0]}}
,"/Users/mak/Desktop/vscode/test/TZ/autoRent/src/reservations/reservationsService.ts": {"path":"/Users/mak/Desktop/vscode/test/TZ/autoRent/src/reservations/reservationsService.ts","statementMap":{"0":{"start":{"line":1,"column":0},"end":{"line":1,"column":51}},"1":{"start":{"line":2,"column":0},"end":{"line":2,"column":29}},"2":{"start":{"line":5,"column":0},"end":{"line":5,"column":102}},"3":{"start":{"line":6,"column":34},"end":{"line":6,"column":39}},"4":{"start":{"line":8,"column":27},"end":{"line":17,"column":2}},"5":{"start":{"line":8,"column":138},"end":{"line":17,"column":2}},"6":{"start":{"line":9,"column":18},"end":{"line":9,"column":38}},"7":{"start":{"line":10,"column":16},"end":{"line":10,"column":34}},"8":{"start":{"line":11,"column":26},"end":{"line":11,"column":86}},"9":{"start":{"line":12,"column":4},"end":{"line":16,"column":5}},"10":{"start":{"line":13,"column":8},"end":{"line":13,"column":107}},"11":{"start":{"line":15,"column":8},"end":{"line":15,"column":47}},"12":{"start":{"line":151,"column":8},"end":{"line":151,"column":26}},"13":{"start":{"line":19,"column":29},"end":{"line":28,"column":2}},"14":{"start":{"line":19,"column":148},"end":{"line":28,"column":2}},"15":{"start":{"line":20,"column":18},"end":{"line":20,"column":38}},"16":{"start":{"line":21,"column":16},"end":{"line":21,"column":34}},"17":{"start":{"line":22,"column":26},"end":{"line":22,"column":86}},"18":{"start":{"line":23,"column":4},"end":{"line":27,"column":5}},"19":{"start":{"line":24,"column":8},"end":{"line":24,"column":101}},"20":{"start":{"line":26,"column":8},"end":{"line":26,"column":37}},"21":{"start":{"line":151,"column":28},"end":{"line":151,"column":48}},"22":{"start":{"line":30,"column":40},"end":{"line":47,"column":2}},"23":{"start":{"line":30,"column":146},"end":{"line":47,"column":2}},"24":{"start":{"line":31,"column":18},"end":{"line":31,"column":38}},"25":{"start":{"line":32,"column":16},"end":{"line":32,"column":34}},"26":{"start":{"line":33,"column":24},"end":{"line":40,"column":6}},"27":{"start":{"line":42,"column":4},"end":{"line":44,"column":5}},"28":{"start":{"line":43,"column":8},"end":{"line":43,"column":21}},"29":{"start":{"line":46,"column":4},"end":{"line":46,"column":16}},"30":{"start":{"line":151,"column":50},"end":{"line":151,"column":81}},"31":{"start":{"line":49,"column":39},"end":{"line":63,"column":2}},"32":{"start":{"line":49,"column":83},"end":{"line":63,"column":2}},"33":{"start":{"line":50,"column":18},"end":{"line":50,"column":38}},"34":{"start":{"line":51,"column":16},"end":{"line":51,"column":34}},"35":{"start":{"line":52,"column":25},"end":{"line":58,"column":6}},"36":{"start":{"line":59,"column":4},"end":{"line":61,"column":5}},"37":{"start":{"line":60,"column":8},"end":{"line":60,"column":47}},"38":{"start":{"line":62,"column":4},"end":{"line":62,"column":24}},"39":{"start":{"line":151,"column":83},"end":{"line":151,"column":113}},"40":{"start":{"line":65,"column":31},"end":{"line":67,"column":2}},"41":{"start":{"line":65,"column":68},"end":{"line":67,"column":2}},"42":{"start":{"line":66,"column":4},"end":{"line":66,"column":41}},"43":{"start":{"line":151,"column":168},"end":{"line":151,"column":190}},"44":{"start":{"line":69,"column":41},"end":{"line":86,"column":2}},"45":{"start":{"line":69,"column":78},"end":{"line":86,"column":2}},"46":{"start":{"line":70,"column":4},"end":{"line":70,"column":31}},"47":{"start":{"line":71,"column":22},"end":{"line":81,"column":6}},"48":{"start":{"line":82,"column":19},"end":{"line":83,"column":null}},"49":{"start":{"line":83,"column":8},"end":{"line":83,"column":78}},"50":{"start":{"line":85,"column":4},"end":{"line":85,"column":null}},"51":{"start":{"line":151,"column":115},"end":{"line":151,"column":147}},"52":{"start":{"line":88,"column":26},"end":{"line":109,"column":2}},"53":{"start":{"line":88,"column":52},"end":{"line":109,"column":2}},"54":{"start":{"line":89,"column":4},"end":{"line":89,"column":31}},"55":{"start":{"line":90,"column":22},"end":{"line":104,"column":6}},"56":{"start":{"line":105,"column":19},"end":{"line":106,"column":null}},"57":{"start":{"line":106,"column":8},"end":{"line":106,"column":99}},"58":{"start":{"line":108,"column":4},"end":{"line":108,"column":18}},"59":{"start":{"line":151,"column":149},"end":{"line":151,"column":166}},"60":{"start":{"line":111,"column":27},"end":{"line":124,"column":2}},"61":{"start":{"line":111,"column":157},"end":{"line":124,"column":2}},"62":{"start":{"line":112,"column":4},"end":{"line":112,"column":31}},"63":{"start":{"line":113,"column":18},"end":{"line":113,"column":38}},"64":{"start":{"line":114,"column":16},"end":{"line":114,"column":34}},"65":{"start":{"line":115,"column":19},"end":{"line":115,"column":79}},"66":{"start":{"line":116,"column":4},"end":{"line":118,"column":5}},"67":{"start":{"line":117,"column":8},"end":{"line":117,"column":47}},"68":{"start":{"line":119,"column":4},"end":{"line":123,"column":6}},"69":{"start":{"line":151,"column":192},"end":{"line":151,"column":210}},"70":{"start":{"line":126,"column":27},"end":{"line":149,"column":2}},"71":{"start":{"line":126,"column":104},"end":{"line":149,"column":2}},"72":{"start":{"line":127,"column":21},"end":{"line":127,"column":42}},"73":{"start":{"line":128,"column":4},"end":{"line":130,"column":5}},"74":{"start":{"line":129,"column":8},"end":{"line":129,"column":99}},"75":{"start":{"line":131,"column":4},"end":{"line":148,"column":5}},"76":{"start":{"line":132,"column":29},"end":{"line":132,"column":72}},"77":{"start":{"line":133,"column":26},"end":{"line":133,"column":46}},"78":{"start":{"line":134,"column":8},"end":{"line":136,"column":9}},"79":{"start":{"line":135,"column":12},"end":{"line":135,"column":44}},"80":{"start":{"line":137,"column":31},"end":{"line":137,"column":75}},"81":{"start":{"line":138,"column":28},"end":{"line":138,"column":38}},"82":{"start":{"line":139,"column":8},"end":{"line":147,"column":9}},"83":{"start":{"line":140,"column":12},"end":{"line":144,"column":14}},"84":{"start":{"line":146,"column":12},"end":{"line":146,"column":40}},"85":{"start":{"line":151,"column":212},"end":{"line":151,"column":230}}},"fnMap":{"0":{"name":"(anonymous_8)","decl":{"start":{"line":8,"column":27},"end":{"line":8,"column":35}},"loc":{"start":{"line":8,"column":138},"end":{"line":17,"column":2}}},"1":{"name":"(anonymous_9)","decl":{"start":{"line":8,"column":138},"end":{"line":8,"column":null}},"loc":{"start":{"line":8,"column":138},"end":{"line":17,"column":1}}},"2":{"name":"(anonymous_10)","decl":{"start":{"line":19,"column":29},"end":{"line":19,"column":37}},"loc":{"start":{"line":19,"column":148},"end":{"line":28,"column":2}}},"3":{"name":"(anonymous_11)","decl":{"start":{"line":19,"column":148},"end":{"line":19,"column":null}},"loc":{"start":{"line":19,"column":148},"end":{"line":28,"column":1}}},"4":{"name":"(anonymous_12)","decl":{"start":{"line":30,"column":40},"end":{"line":30,"column":47}},"loc":{"start":{"line":30,"column":146},"end":{"line":47,"column":2}}},"5":{"name":"(anonymous_13)","decl":{"start":{"line":30,"column":146},"end":{"line":30,"column":null}},"loc":{"start":{"line":30,"column":146},"end":{"line":47,"column":1}}},"6":{"name":"(anonymous_14)","decl":{"start":{"line":49,"column":39},"end":{"line":49,"column":47}},"loc":{"start":{"line":49,"column":83},"end":{"line":63,"column":2}}},"7":{"name":"(anonymous_15)","decl":{"start":{"line":49,"column":83},"end":{"line":49,"column":null}},"loc":{"start":{"line":49,"column":83},"end":{"line":63,"column":1}}},"8":{"name":"(anonymous_16)","decl":{"start":{"line":65,"column":31},"end":{"line":65,"column":38}},"loc":{"start":{"line":65,"column":68},"end":{"line":67,"column":2}}},"9":{"name":"(anonymous_17)","decl":{"start":{"line":65,"column":68},"end":{"line":65,"column":null}},"loc":{"start":{"line":65,"column":68},"end":{"line":67,"column":1}}},"10":{"name":"(anonymous_18)","decl":{"start":{"line":69,"column":41},"end":{"line":69,"column":48}},"loc":{"start":{"line":69,"column":78},"end":{"line":86,"column":2}}},"11":{"name":"(anonymous_19)","decl":{"start":{"line":69,"column":78},"end":{"line":69,"column":null}},"loc":{"start":{"line":69,"column":78},"end":{"line":86,"column":1}}},"12":{"name":"(anonymous_20)","decl":{"start":{"line":82,"column":33},"end":{"line":82,"column":37}},"loc":{"start":{"line":83,"column":8},"end":{"line":83,"column":78}}},"13":{"name":"(anonymous_21)","decl":{"start":{"line":88,"column":26},"end":{"line":88,"column":33}},"loc":{"start":{"line":88,"column":52},"end":{"line":109,"column":2}}},"14":{"name":"(anonymous_22)","decl":{"start":{"line":88,"column":52},"end":{"line":88,"column":null}},"loc":{"start":{"line":88,"column":52},"end":{"line":109,"column":1}}},"15":{"name":"(anonymous_23)","decl":{"start":{"line":105,"column":33},"end":{"line":105,"column":37}},"loc":{"start":{"line":106,"column":8},"end":{"line":106,"column":99}}},"16":{"name":"(anonymous_24)","decl":{"start":{"line":111,"column":27},"end":{"line":111,"column":34}},"loc":{"start":{"line":111,"column":157},"end":{"line":124,"column":2}}},"17":{"name":"(anonymous_25)","decl":{"start":{"line":111,"column":157},"end":{"line":111,"column":null}},"loc":{"start":{"line":111,"column":157},"end":{"line":124,"column":1}}},"18":{"name":"(anonymous_26)","decl":{"start":{"line":126,"column":27},"end":{"line":126,"column":34}},"loc":{"start":{"line":126,"column":104},"end":{"line":149,"column":2}}},"19":{"name":"(anonymous_27)","decl":{"start":{"line":126,"column":104},"end":{"line":126,"column":null}},"loc":{"start":{"line":126,"column":104},"end":{"line":149,"column":1}}}},"branchMap":{"0":{"loc":{"start":{"line":12,"column":4},"end":{"line":16,"column":5}},"type":"if","locations":[{"start":{"line":12,"column":4},"end":{"line":16,"column":5}},{"start":{"line":14,"column":11},"end":{"line":16,"column":5}}]},"1":{"loc":{"start":{"line":23,"column":4},"end":{"line":27,"column":5}},"type":"if","locations":[{"start":{"line":23,"column":4},"end":{"line":27,"column":5}},{"start":{"line":25,"column":11},"end":{"line":27,"column":5}}]},"2":{"loc":{"start":{"line":42,"column":4},"end":{"line":44,"column":5}},"type":"if","locations":[{"start":{"line":42,"column":4},"end":{"line":44,"column":5}}]},"3":{"loc":{"start":{"line":59,"column":4},"end":{"line":61,"column":5}},"type":"if","locations":[{"start":{"line":59,"column":4},"end":{"line":61,"column":5}}]},"4":{"loc":{"start":{"line":116,"column":4},"end":{"line":118,"column":5}},"type":"if","locations":[{"start":{"line":116,"column":4},"end":{"line":118,"column":5}}]},"5":{"loc":{"start":{"line":128,"column":4},"end":{"line":130,"column":5}},"type":"if","locations":[{"start":{"line":128,"column":4},"end":{"line":130,"column":5}}]},"6":{"loc":{"start":{"line":131,"column":4},"end":{"line":148,"column":5}},"type":"if","locations":[{"start":{"line":131,"column":4},"end":{"line":148,"column":5}}]},"7":{"loc":{"start":{"line":133,"column":26},"end":{"line":133,"column":46}},"type":"cond-expr","locations":[{"start":{"line":133,"column":38},"end":{"line":133,"column":40}},{"start":{"line":133,"column":26},"end":{"line":133,"column":46}}]},"8":{"loc":{"start":{"line":133,"column":26},"end":{"line":133,"column":40}},"type":"binary-expr","locations":[{"start":{"line":133,"column":26},"end":{"line":133,"column":40}},{"start":{"line":133,"column":26},"end":{"line":133,"column":40}}]},"9":{"loc":{"start":{"line":134,"column":8},"end":{"line":136,"column":9}},"type":"if","locations":[{"start":{"line":134,"column":8},"end":{"line":136,"column":9}}]},"10":{"loc":{"start":{"line":134,"column":12},"end":{"line":134,"column":33}},"type":"cond-expr","locations":[{"start":{"line":134,"column":21},"end":{"line":134,"column":23}},{"start":{"line":134,"column":12},"end":{"line":134,"column":33}}]},"11":{"loc":{"start":{"line":134,"column":12},"end":{"line":134,"column":23}},"type":"binary-expr","locations":[{"start":{"line":134,"column":12},"end":{"line":134,"column":23}},{"start":{"line":134,"column":12},"end":{"line":134,"column":23}}]},"12":{"loc":{"start":{"line":137,"column":31},"end":{"line":137,"column":75}},"type":"cond-expr","locations":[{"start":{"line":137,"column":43},"end":{"line":137,"column":45}},{"start":{"line":137,"column":31},"end":{"line":137,"column":75}}]},"13":{"loc":{"start":{"line":137,"column":31},"end":{"line":137,"column":45}},"type":"binary-expr","locations":[{"start":{"line":137,"column":31},"end":{"line":137,"column":45}},{"start":{"line":137,"column":31},"end":{"line":137,"column":45}}]},"14":{"loc":{"start":{"line":139,"column":8},"end":{"line":147,"column":9}},"type":"if","locations":[{"start":{"line":139,"column":8},"end":{"line":147,"column":9}},{"start":{"line":145,"column":15},"end":{"line":147,"column":9}}]},"15":{"loc":{"start":{"line":139,"column":12},"end":{"line":139,"column":60}},"type":"binary-expr","locations":[{"start":{"line":139,"column":12},"end":{"line":139,"column":27}},{"start":{"line":139,"column":31},"end":{"line":139,"column":60}}]}},"s":{"0":1,"1":1,"2":1,"3":1,"4":1,"5":11,"6":11,"7":11,"8":11,"9":11,"10":10,"11":1,"12":1,"13":1,"14":11,"15":11,"16":11,"17":11,"18":9,"19":8,"20":1,"21":1,"22":1,"23":40,"24":40,"25":40,"26":40,"27":34,"28":4,"29":30,"30":1,"31":1,"32":9,"33":9,"34":9,"35":9,"36":6,"37":1,"38":5,"39":1,"40":1,"41":8,"42":8,"43":1,"44":1,"45":8,"46":8,"47":4,"48":2,"49":1,"50":2,"51":1,"52":1,"53":8,"54":8,"55":4,"56":2,"57":1,"58":2,"59":1,"60":1,"61":10,"62":10,"63":8,"64":8,"65":8,"66":7,"67":1,"68":6,"69":1,"70":1,"71":13,"72":13,"73":12,"74":7,"75":5,"76":5,"77":4,"78":4,"79":2,"80":2,"81":2,"82":2,"83":1,"84":1,"85":1},"f":{"0":11,"1":11,"2":11,"3":11,"4":40,"5":40,"6":9,"7":9,"8":8,"9":8,"10":8,"11":8,"12":1,"13":8,"14":8,"15":1,"16":10,"17":10,"18":13,"19":13},"b":{"0":[10,1],"1":[8,1],"2":[4],"3":[1],"4":[1],"5":[7],"6":[5],"7":[1,3],"8":[4,3],"9":[2],"10":[1,3],"11":[4,4],"12":[0,2],"13":[2,2],"14":[1,1],"15":[2,2]}}
,"/Users/mak/Desktop/vscode/test/TZ/autoRent/src/users/userModel.ts": {"path":"/Users/mak/Desktop/vscode/test/TZ/autoRent/src/users/userModel.ts","statementMap":{"0":{"start":{"line":1,"column":0},"end":{"line":1,"column":40}},"1":{"start":{"line":3,"column":19},"end":{"line":12,"column":2}},"2":{"start":{"line":14,"column":13},"end":{"line":14,"column":47}},"3":{"start":{"line":16,"column":9},"end":{"line":16,"column":13}}},"fnMap":{},"branchMap":{},"s":{"0":0,"1":0,"2":0,"3":0},"f":{},"b":{}}
,"/Users/mak/Desktop/vscode/test/TZ/autoRent/src/users/userRoutes.ts": {"path":"/Users/mak/Desktop/vscode/test/TZ/autoRent/src/users/userRoutes.ts","statementMap":{"0":{"start":{"line":1,"column":0},"end":{"line":1,"column":47}},"1":{"start":{"line":3,"column":0},"end":{"line":3,"column":29}},"2":{"start":{"line":4,"column":0},"end":{"line":4,"column":51}},"3":{"start":{"line":5,"column":0},"end":{"line":5,"column":66}},"4":{"start":{"line":6,"column":0},"end":{"line":6,"column":null}},"5":{"start":{"line":14,"column":0},"end":{"line":35,"column":2}},"6":{"start":{"line":20,"column":42},"end":{"line":34,"column":null}},"7":{"start":{"line":21,"column":53},"end":{"line":21,"column":61}},"8":{"start":{"line":22,"column":23},"end":{"line":22,"column":44}},"9":{"start":{"line":23,"column":8},"end":{"line":33,"column":9}},"10":{"start":{"line":24,"column":12},"end":{"line":30,"column":13}},"11":{"start":{"line":25,"column":29},"end":{"line":25,"column":79}},"12":{"start":{"line":26,"column":16},"end":{"line":26,"column":59}},"13":{"start":{"line":28,"column":32},"end":{"line":28,"column":86}},"14":{"start":{"line":29,"column":16},"end":{"line":29,"column":87}},"15":{"start":{"line":32,"column":12},"end":{"line":32,"column":81}},"16":{"start":{"line":37,"column":0},"end":{"line":58,"column":2}},"17":{"start":{"line":42,"column":42},"end":{"line":57,"column":null}},"18":{"start":{"line":43,"column":23},"end":{"line":43,"column":48}},"19":{"start":{"line":44,"column":60},"end":{"line":44,"column":68}},"20":{"start":{"line":45,"column":23},"end":{"line":45,"column":44}},"21":{"start":{"line":46,"column":8},"end":{"line":56,"column":9}},"22":{"start":{"line":47,"column":12},"end":{"line":53,"column":13}},"23":{"start":{"line":48,"column":31},"end":{"line":48,"column":98}},"24":{"start":{"line":49,"column":16},"end":{"line":49,"column":56}},"25":{"start":{"line":51,"column":32},"end":{"line":51,"column":86}},"26":{"start":{"line":52,"column":16},"end":{"line":52,"column":87}},"27":{"start":{"line":55,"column":12},"end":{"line":55,"column":81}},"28":{"start":{"line":60,"column":0},"end":{"line":80,"column":2}},"29":{"start":{"line":64,"column":42},"end":{"line":79,"column":null}},"30":{"start":{"line":65,"column":23},"end":{"line":65,"column":33}},"31":{"start":{"line":66,"column":23},"end":{"line":66,"column":48}},"32":{"start":{"line":67,"column":23},"end":{"line":67,"column":44}},"33":{"start":{"line":68,"column":8},"end":{"line":78,"column":9}},"34":{"start":{"line":69,"column":12},"end":{"line":75,"column":13}},"35":{"start":{"line":70,"column":29},"end":{"line":70,"column":54}},"36":{"start":{"line":71,"column":16},"end":{"line":71,"column":54}},"37":{"start":{"line":73,"column":32},"end":{"line":73,"column":86}},"38":{"start":{"line":74,"column":16},"end":{"line":74,"column":87}},"39":{"start":{"line":77,"column":12},"end":{"line":77,"column":81}},"40":{"start":{"line":82,"column":0},"end":{"line":121,"column":2}},"41":{"start":{"line":90,"column":67},"end":{"line":90,"column":75}},"42":{"start":{"line":91,"column":8},"end":{"line":93,"column":9}},"43":{"start":{"line":92,"column":12},"end":{"line":92,"column":78}},"44":{"start":{"line":94,"column":8},"end":{"line":94,"column":20}},"45":{"start":{"line":96,"column":42},"end":{"line":120,"column":null}},"46":{"start":{"line":97,"column":23},"end":{"line":97,"column":48}},"47":{"start":{"line":98,"column":23},"end":{"line":98,"column":33}},"48":{"start":{"line":100,"column":20},"end":{"line":100,"column":28}},"49":{"start":{"line":101,"column":23},"end":{"line":101,"column":44}},"50":{"start":{"line":102,"column":8},"end":{"line":119,"column":9}},"51":{"start":{"line":103,"column":12},"end":{"line":116,"column":13}},"52":{"start":{"line":104,"column":29},"end":{"line":110,"column":null}},"53":{"start":{"line":112,"column":16},"end":{"line":112,"column":54}},"54":{"start":{"line":114,"column":32},"end":{"line":114,"column":86}},"55":{"start":{"line":115,"column":16},"end":{"line":115,"column":87}},"56":{"start":{"line":118,"column":12},"end":{"line":118,"column":81}},"57":{"start":{"line":123,"column":0},"end":{"line":143,"column":2}},"58":{"start":{"line":127,"column":42},"end":{"line":142,"column":null}},"59":{"start":{"line":128,"column":23},"end":{"line":128,"column":48}},"60":{"start":{"line":129,"column":23},"end":{"line":129,"column":33}},"61":{"start":{"line":130,"column":23},"end":{"line":130,"column":44}},"62":{"start":{"line":131,"column":8},"end":{"line":141,"column":9}},"63":{"start":{"line":132,"column":12},"end":{"line":138,"column":13}},"64":{"start":{"line":133,"column":29},"end":{"line":133,"column":57}},"65":{"start":{"line":134,"column":16},"end":{"line":134,"column":54}},"66":{"start":{"line":136,"column":32},"end":{"line":136,"column":86}},"67":{"start":{"line":137,"column":16},"end":{"line":137,"column":87}},"68":{"start":{"line":140,"column":12},"end":{"line":140,"column":81}},"69":{"start":{"line":145,"column":0},"end":{"line":151,"column":2}}},"fnMap":{"0":{"name":"(anonymous_7)","decl":{"start":{"line":20,"column":4},"end":{"line":20,"column":11}},"loc":{"start":{"line":20,"column":42},"end":{"line":34,"column":null}}},"1":{"name":"(anonymous_8)","decl":{"start":{"line":20,"column":42},"end":{"line":20,"column":null}},"loc":{"start":{"line":20,"column":42},"end":{"line":34,"column":5}}},"2":{"name":"(anonymous_9)","decl":{"start":{"line":42,"column":4},"end":{"line":42,"column":11}},"loc":{"start":{"line":42,"column":42},"end":{"line":57,"column":null}}},"3":{"name":"(anonymous_10)","decl":{"start":{"line":42,"column":42},"end":{"line":42,"column":null}},"loc":{"start":{"line":42,"column":42},"end":{"line":57,"column":5}}},"4":{"name":"(anonymous_11)","decl":{"start":{"line":64,"column":4},"end":{"line":64,"column":11}},"loc":{"start":{"line":64,"column":42},"end":{"line":79,"column":null}}},"5":{"name":"(anonymous_12)","decl":{"start":{"line":64,"column":42},"end":{"line":64,"column":null}},"loc":{"start":{"line":64,"column":42},"end":{"line":79,"column":5}}},"6":{"name":"(anonymous_13)","decl":{"start":{"line":89,"column":18},"end":{"line":89,"column":19}},"loc":{"start":{"line":89,"column":37},"end":{"line":95,"column":5}}},"7":{"name":"(anonymous_14)","decl":{"start":{"line":96,"column":4},"end":{"line":96,"column":11}},"loc":{"start":{"line":96,"column":42},"end":{"line":120,"column":null}}},"8":{"name":"(anonymous_15)","decl":{"start":{"line":96,"column":42},"end":{"line":96,"column":null}},"loc":{"start":{"line":96,"column":42},"end":{"line":120,"column":5}}},"9":{"name":"(anonymous_16)","decl":{"start":{"line":127,"column":4},"end":{"line":127,"column":11}},"loc":{"start":{"line":127,"column":42},"end":{"line":142,"column":null}}},"10":{"name":"(anonymous_17)","decl":{"start":{"line":127,"column":42},"end":{"line":127,"column":null}},"loc":{"start":{"line":127,"column":42},"end":{"line":142,"column":5}}}},"branchMap":{"0":{"loc":{"start":{"line":23,"column":8},"end":{"line":33,"column":9}},"type":"if","locations":[{"start":{"line":23,"column":8},"end":{"line":33,"column":9}},{"start":{"line":31,"column":15},"end":{"line":33,"column":9}}]},"1":{"loc":{"start":{"line":28,"column":32},"end":{"line":28,"column":86}},"type":"cond-expr","locations":[{"start":{"line":28,"column":57},"end":{"line":28,"column":70}},{"start":{"line":28,"column":73},"end":{"line":28,"column":86}}]},"2":{"loc":{"start":{"line":46,"column":8},"end":{"line":56,"column":9}},"type":"if","locations":[{"start":{"line":46,"column":8},"end":{"line":56,"column":9}},{"start":{"line":54,"column":15},"end":{"line":56,"column":9}}]},"3":{"loc":{"start":{"line":51,"column":32},"end":{"line":51,"column":86}},"type":"cond-expr","locations":[{"start":{"line":51,"column":57},"end":{"line":51,"column":70}},{"start":{"line":51,"column":73},"end":{"line":51,"column":86}}]},"4":{"loc":{"start":{"line":68,"column":8},"end":{"line":78,"column":9}},"type":"if","locations":[{"start":{"line":68,"column":8},"end":{"line":78,"column":9}},{"start":{"line":76,"column":15},"end":{"line":78,"column":9}}]},"5":{"loc":{"start":{"line":73,"column":32},"end":{"line":73,"column":86}},"type":"cond-expr","locations":[{"start":{"line":73,"column":57},"end":{"line":73,"column":70}},{"start":{"line":73,"column":73},"end":{"line":73,"column":86}}]},"6":{"loc":{"start":{"line":91,"column":8},"end":{"line":93,"column":9}},"type":"if","locations":[{"start":{"line":91,"column":8},"end":{"line":93,"column":9}}]},"7":{"loc":{"start":{"line":91,"column":12},"end":{"line":91,"column":68}},"type":"binary-expr","locations":[{"start":{"line":91,"column":12},"end":{"line":91,"column":18}},{"start":{"line":91,"column":22},"end":{"line":91,"column":35}},{"start":{"line":91,"column":39},"end":{"line":91,"column":51}},{"start":{"line":91,"column":55},"end":{"line":91,"column":68}}]},"8":{"loc":{"start":{"line":102,"column":8},"end":{"line":119,"column":9}},"type":"if","locations":[{"start":{"line":102,"column":8},"end":{"line":119,"column":9}},{"start":{"line":117,"column":15},"end":{"line":119,"column":9}}]},"9":{"loc":{"start":{"line":114,"column":32},"end":{"line":114,"column":86}},"type":"cond-expr","locations":[{"start":{"line":114,"column":57},"end":{"line":114,"column":70}},{"start":{"line":114,"column":73},"end":{"line":114,"column":86}}]},"10":{"loc":{"start":{"line":131,"column":8},"end":{"line":141,"column":9}},"type":"if","locations":[{"start":{"line":131,"column":8},"end":{"line":141,"column":9}},{"start":{"line":139,"column":15},"end":{"line":141,"column":9}}]},"11":{"loc":{"start":{"line":136,"column":32},"end":{"line":136,"column":86}},"type":"cond-expr","locations":[{"start":{"line":136,"column":57},"end":{"line":136,"column":70}},{"start":{"line":136,"column":73},"end":{"line":136,"column":86}}]}},"s":{"0":0,"1":0,"2":0,"3":0,"4":0,"5":0,"6":0,"7":0,"8":0,"9":0,"10":0,"11":0,"12":0,"13":0,"14":0,"15":0,"16":0,"17":0,"18":0,"19":0,"20":0,"21":0,"22":0,"23":0,"24":0,"25":0,"26":0,"27":0,"28":0,"29":0,"30":0,"31":0,"32":0,"33":0,"34":0,"35":0,"36":0,"37":0,"38":0,"39":0,"40":0,"41":0,"42":0,"43":0,"44":0,"45":0,"46":0,"47":0,"48":0,"49":0,"50":0,"51":0,"52":0,"53":0,"54":0,"55":0,"56":0,"57":0,"58":0,"59":0,"60":0,"61":0,"62":0,"63":0,"64":0,"65":0,"66":0,"67":0,"68":0,"69":0},"f":{"0":0,"1":0,"2":0,"3":0,"4":0,"5":0,"6":0,"7":0,"8":0,"9":0,"10":0},"b":{"0":[0,0],"1":[0,0],"2":[0,0],"3":[0,0],"4":[0,0],"5":[0,0],"6":[0],"7":[0,0,0,0],"8":[0,0],"9":[0,0],"10":[0,0],"11":[0,0]}}
,"/Users/mak/Desktop/vscode/test/TZ/autoRent/src/users/userService.ts": {"path":"/Users/mak/Desktop/vscode/test/TZ/autoRent/src/users/userService.ts","statementMap":{"0":{"start":{"line":1,"column":0},"end":{"line":1,"column":35}},"1":{"start":{"line":2,"column":0},"end":{"line":2,"column":32}},"2":{"start":{"line":3,"column":65},"end":{"line":3,"column":73}},"3":{"start":{"line":5,"column":19},"end":{"line":8,"column":2}},"4":{"start":{"line":5,"column":99},"end":{"line":8,"column":2}},"5":{"start":{"line":6,"column":4},"end":{"line":6,"column":34}},"6":{"start":{"line":7,"column":4},"end":{"line":7,"column":63}},"7":{"start":{"line":48,"column":9},"end":{"line":48,"column":19}},"8":{"start":{"line":10,"column":21},"end":{"line":21,"column":2}},"9":{"start":{"line":15,"column":4},"end":{"line":21,"column":2}},"10":{"start":{"line":16,"column":4},"end":{"line":16,"column":39}},"11":{"start":{"line":17,"column":4},"end":{"line":20,"column":6}},"12":{"start":{"line":48,"column":21},"end":{"line":48,"column":33}},"13":{"start":{"line":23,"column":16},"end":{"line":26,"column":2}},"14":{"start":{"line":23,"column":65},"end":{"line":26,"column":2}},"15":{"start":{"line":24,"column":4},"end":{"line":24,"column":35}},"16":{"start":{"line":25,"column":4},"end":{"line":25,"column":37}},"17":{"start":{"line":48,"column":35},"end":{"line":48,"column":42}},"18":{"start":{"line":28,"column":17},"end":{"line":41,"column":2}},"19":{"start":{"line":35,"column":4},"end":{"line":41,"column":2}},"20":{"start":{"line":36,"column":4},"end":{"line":36,"column":35}},"21":{"start":{"line":37,"column":4},"end":{"line":40,"column":6}},"22":{"start":{"line":48,"column":44},"end":{"line":48,"column":52}},"23":{"start":{"line":43,"column":19},"end":{"line":46,"column":2}},"24":{"start":{"line":43,"column":68},"end":{"line":46,"column":2}},"25":{"start":{"line":44,"column":4},"end":{"line":44,"column":31}},"26":{"start":{"line":45,"column":4},"end":{"line":45,"column":38}},"27":{"start":{"line":48,"column":54},"end":{"line":48,"column":64}}},"fnMap":{"0":{"name":"(anonymous_8)","decl":{"start":{"line":5,"column":19},"end":{"line":5,"column":27}},"loc":{"start":{"line":5,"column":99},"end":{"line":8,"column":2}}},"1":{"name":"(anonymous_9)","decl":{"start":{"line":5,"column":99},"end":{"line":5,"column":null}},"loc":{"start":{"line":5,"column":99},"end":{"line":8,"column":1}}},"2":{"name":"(anonymous_10)","decl":{"start":{"line":10,"column":21},"end":{"line":10,"column":null}},"loc":{"start":{"line":15,"column":4},"end":{"line":21,"column":2}}},"3":{"name":"(anonymous_11)","decl":{"start":{"line":15,"column":4},"end":{"line":15,"column":null}},"loc":{"start":{"line":15,"column":4},"end":{"line":21,"column":1}}},"4":{"name":"(anonymous_12)","decl":{"start":{"line":23,"column":16},"end":{"line":23,"column":23}},"loc":{"start":{"line":23,"column":65},"end":{"line":26,"column":2}}},"5":{"name":"(anonymous_13)","decl":{"start":{"line":23,"column":65},"end":{"line":23,"column":null}},"loc":{"start":{"line":23,"column":65},"end":{"line":26,"column":1}}},"6":{"name":"(anonymous_14)","decl":{"start":{"line":28,"column":17},"end":{"line":28,"column":null}},"loc":{"start":{"line":35,"column":4},"end":{"line":41,"column":2}}},"7":{"name":"(anonymous_15)","decl":{"start":{"line":35,"column":4},"end":{"line":35,"column":null}},"loc":{"start":{"line":35,"column":4},"end":{"line":41,"column":1}}},"8":{"name":"(anonymous_16)","decl":{"start":{"line":43,"column":19},"end":{"line":43,"column":26}},"loc":{"start":{"line":43,"column":68},"end":{"line":46,"column":2}}},"9":{"name":"(anonymous_17)","decl":{"start":{"line":43,"column":68},"end":{"line":43,"column":null}},"loc":{"start":{"line":43,"column":68},"end":{"line":46,"column":1}}}},"branchMap":{},"s":{"0":1,"1":1,"2":1,"3":1,"4":9,"5":9,"6":8,"7":1,"8":1,"9":9,"10":9,"11":8,"12":1,"13":1,"14":8,"15":8,"16":7,"17":1,"18":1,"19":9,"20":9,"21":8,"22":1,"23":1,"24":8,"25":8,"26":7,"27":1},"f":{"0":9,"1":9,"2":9,"3":9,"4":8,"5":8,"6":9,"7":9,"8":8,"9":8},"b":{}}
,"/Users/mak/Desktop/vscode/test/TZ/autoRent/src/vehicle/vehicleModel.ts": {"path":"/Users/mak/Desktop/vscode/test/TZ/autoRent/src/vehicle/vehicleModel.ts","statementMap":{"0":{"start":{"line":1,"column":0},"end":{"line":1,"column":40}},"1":{"start":{"line":3,"column":22},"end":{"line":9,"column":2}},"2":{"start":{"line":11,"column":16},"end":{"line":11,"column":56}},"3":{"start":{"line":13,"column":9},"end":{"line":13,"column":16}}},"fnMap":{},"branchMap":{},"s":{"0":0,"1":0,"2":0,"3":0},"f":{},"b":{}}
,"/Users/mak/Desktop/vscode/test/TZ/autoRent/src/vehicle/vehicleRoutes.ts": {"path":"/Users/mak/Desktop/vscode/test/TZ/autoRent/src/vehicle/vehicleRoutes.ts","statementMap":{"0":{"start":{"line":1,"column":0},"end":{"line":1,"column":47}},"1":{"start":{"line":3,"column":0},"end":{"line":3,"column":29}},"2":{"start":{"line":4,"column":0},"end":{"line":4,"column":51}},"3":{"start":{"line":5,"column":0},"end":{"line":5,"column":73}},"4":{"start":{"line":6,"column":0},"end":{"line":6,"column":66}},"5":{"start":{"line":8,"column":0},"end":{"line":8,"column":null}},"6":{"start":{"line":16,"column":0},"end":{"line":42,"column":2}},"7":{"start":{"line":22,"column":42},"end":{"line":41,"column":null}},"8":{"start":{"line":23,"column":23},"end":{"line":23,"column":48}},"9":{"start":{"line":24,"column":52},"end":{"line":24,"column":60}},"10":{"start":{"line":25,"column":23},"end":{"line":25,"column":44}},"11":{"start":{"line":26,"column":8},"end":{"line":40,"column":9}},"12":{"start":{"line":27,"column":12},"end":{"line":37,"column":13}},"13":{"start":{"line":28,"column":32},"end":{"line":28,"column":92}},"14":{"start":{"line":29,"column":16},"end":{"line":29,"column":62}},"15":{"start":{"line":31,"column":32},"end":{"line":31,"column":86}},"16":{"start":{"line":32,"column":16},"end":{"line":36,"column":17}},"17":{"start":{"line":33,"column":20},"end":{"line":33,"column":82}},"18":{"start":{"line":35,"column":20},"end":{"line":35,"column":91}},"19":{"start":{"line":39,"column":12},"end":{"line":39,"column":81}},"20":{"start":{"line":44,"column":0},"end":{"line":68,"column":2}},"21":{"start":{"line":48,"column":42},"end":{"line":67,"column":null}},"22":{"start":{"line":49,"column":23},"end":{"line":49,"column":48}},"23":{"start":{"line":50,"column":34},"end":{"line":50,"column":44}},"24":{"start":{"line":51,"column":23},"end":{"line":51,"column":44}},"25":{"start":{"line":52,"column":8},"end":{"line":66,"column":9}},"26":{"start":{"line":53,"column":12},"end":{"line":63,"column":13}},"27":{"start":{"line":54,"column":32},"end":{"line":54,"column":71}},"28":{"start":{"line":55,"column":16},"end":{"line":55,"column":57}},"29":{"start":{"line":57,"column":32},"end":{"line":57,"column":86}},"30":{"start":{"line":58,"column":16},"end":{"line":62,"column":17}},"31":{"start":{"line":59,"column":20},"end":{"line":59,"column":91}},"32":{"start":{"line":61,"column":20},"end":{"line":61,"column":91}},"33":{"start":{"line":65,"column":12},"end":{"line":65,"column":81}},"34":{"start":{"line":70,"column":0},"end":{"line":115,"column":2}},"35":{"start":{"line":75,"column":24},"end":{"line":75,"column":41}},"36":{"start":{"line":76,"column":22},"end":{"line":76,"column":37}},"37":{"start":{"line":77,"column":26},"end":{"line":77,"column":42}},"38":{"start":{"line":78,"column":29},"end":{"line":78,"column":47}},"39":{"start":{"line":79,"column":8},"end":{"line":81,"column":9}},"40":{"start":{"line":80,"column":12},"end":{"line":80,"column":45}},"41":{"start":{"line":82,"column":8},"end":{"line":82,"column":20}},"42":{"start":{"line":87,"column":57},"end":{"line":87,"column":66}},"43":{"start":{"line":88,"column":8},"end":{"line":90,"column":9}},"44":{"start":{"line":89,"column":12},"end":{"line":89,"column":72}},"45":{"start":{"line":91,"column":8},"end":{"line":93,"column":9}},"46":{"start":{"line":92,"column":12},"end":{"line":92,"column":70}},"47":{"start":{"line":94,"column":8},"end":{"line":94,"column":20}},"48":{"start":{"line":96,"column":42},"end":{"line":114,"column":null}},"49":{"start":{"line":97,"column":73},"end":{"line":97,"column":82}},"50":{"start":{"line":98,"column":23},"end":{"line":98,"column":44}},"51":{"start":{"line":99,"column":8},"end":{"line":113,"column":9}},"52":{"start":{"line":100,"column":12},"end":{"line":110,"column":13}},"53":{"start":{"line":101,"column":32},"end":{"line":101,"column":108}},"54":{"start":{"line":102,"column":16},"end":{"line":102,"column":57}},"55":{"start":{"line":104,"column":32},"end":{"line":104,"column":86}},"56":{"start":{"line":105,"column":16},"end":{"line":109,"column":17}},"57":{"start":{"line":106,"column":20},"end":{"line":106,"column":82}},"58":{"start":{"line":108,"column":20},"end":{"line":108,"column":91}},"59":{"start":{"line":112,"column":12},"end":{"line":112,"column":81}},"60":{"start":{"line":118,"column":0},"end":{"line":120,"column":3}},"61":{"start":{"line":119,"column":4},"end":{"line":119,"column":80}},"62":{"start":{"line":122,"column":0},"end":{"line":150,"column":2}},"63":{"start":{"line":129,"column":42},"end":{"line":149,"column":null}},"64":{"start":{"line":130,"column":23},"end":{"line":130,"column":48}},"65":{"start":{"line":131,"column":34},"end":{"line":131,"column":44}},"66":{"start":{"line":132,"column":52},"end":{"line":132,"column":60}},"67":{"start":{"line":133,"column":23},"end":{"line":133,"column":44}},"68":{"start":{"line":134,"column":8},"end":{"line":148,"column":9}},"69":{"start":{"line":135,"column":12},"end":{"line":145,"column":13}},"70":{"start":{"line":136,"column":32},"end":{"line":136,"column":104}},"71":{"start":{"line":137,"column":16},"end":{"line":137,"column":57}},"72":{"start":{"line":139,"column":32},"end":{"line":139,"column":86}},"73":{"start":{"line":140,"column":16},"end":{"line":144,"column":17}},"74":{"start":{"line":141,"column":20},"end":{"line":141,"column":91}},"75":{"start":{"line":143,"column":20},"end":{"line":143,"column":91}},"76":{"start":{"line":147,"column":12},"end":{"line":147,"column":81}},"77":{"start":{"line":153,"column":0},"end":{"line":155,"column":3}},"78":{"start":{"line":154,"column":4},"end":{"line":154,"column":80}},"79":{"start":{"line":157,"column":0},"end":{"line":181,"column":2}},"80":{"start":{"line":161,"column":42},"end":{"line":180,"column":null}},"81":{"start":{"line":162,"column":23},"end":{"line":162,"column":48}},"82":{"start":{"line":163,"column":34},"end":{"line":163,"column":44}},"83":{"start":{"line":164,"column":23},"end":{"line":164,"column":44}},"84":{"start":{"line":165,"column":8},"end":{"line":179,"column":9}},"85":{"start":{"line":166,"column":12},"end":{"line":176,"column":13}},"86":{"start":{"line":167,"column":32},"end":{"line":167,"column":70}},"87":{"start":{"line":168,"column":16},"end":{"line":168,"column":57}},"88":{"start":{"line":170,"column":32},"end":{"line":170,"column":86}},"89":{"start":{"line":171,"column":16},"end":{"line":175,"column":17}},"90":{"start":{"line":172,"column":20},"end":{"line":172,"column":91}},"91":{"start":{"line":174,"column":20},"end":{"line":174,"column":91}},"92":{"start":{"line":178,"column":12},"end":{"line":178,"column":81}},"93":{"start":{"line":183,"column":0},"end":{"line":189,"column":2}}},"fnMap":{"0":{"name":"(anonymous_7)","decl":{"start":{"line":22,"column":4},"end":{"line":22,"column":11}},"loc":{"start":{"line":22,"column":42},"end":{"line":41,"column":null}}},"1":{"name":"(anonymous_8)","decl":{"start":{"line":22,"column":42},"end":{"line":22,"column":null}},"loc":{"start":{"line":22,"column":42},"end":{"line":41,"column":5}}},"2":{"name":"(anonymous_9)","decl":{"start":{"line":48,"column":4},"end":{"line":48,"column":11}},"loc":{"start":{"line":48,"column":42},"end":{"line":67,"column":null}}},"3":{"name":"(anonymous_10)","decl":{"start":{"line":48,"column":42},"end":{"line":48,"column":null}},"loc":{"start":{"line":48,"column":42},"end":{"line":67,"column":5}}},"4":{"name":"(anonymous_11)","decl":{"start":{"line":74,"column":40},"end":{"line":74,"column":41}},"loc":{"start":{"line":74,"column":61},"end":{"line":83,"column":5}}},"5":{"name":"(anonymous_12)","decl":{"start":{"line":86,"column":19},"end":{"line":86,"column":20}},"loc":{"start":{"line":86,"column":40},"end":{"line":95,"column":5}}},"6":{"name":"(anonymous_13)","decl":{"start":{"line":96,"column":4},"end":{"line":96,"column":11}},"loc":{"start":{"line":96,"column":42},"end":{"line":114,"column":null}}},"7":{"name":"(anonymous_14)","decl":{"start":{"line":96,"column":42},"end":{"line":96,"column":null}},"loc":{"start":{"line":96,"column":42},"end":{"line":114,"column":5}}},"8":{"name":"(anonymous_15)","decl":{"start":{"line":118,"column":21},"end":{"line":118,"column":22}},"loc":{"start":{"line":118,"column":53},"end":{"line":120,"column":1}}},"9":{"name":"(anonymous_16)","decl":{"start":{"line":129,"column":4},"end":{"line":129,"column":11}},"loc":{"start":{"line":129,"column":42},"end":{"line":149,"column":null}}},"10":{"name":"(anonymous_17)","decl":{"start":{"line":129,"column":42},"end":{"line":129,"column":null}},"loc":{"start":{"line":129,"column":42},"end":{"line":149,"column":5}}},"11":{"name":"(anonymous_18)","decl":{"start":{"line":153,"column":24},"end":{"line":153,"column":25}},"loc":{"start":{"line":153,"column":56},"end":{"line":155,"column":1}}},"12":{"name":"(anonymous_19)","decl":{"start":{"line":161,"column":4},"end":{"line":161,"column":11}},"loc":{"start":{"line":161,"column":42},"end":{"line":180,"column":null}}},"13":{"name":"(anonymous_20)","decl":{"start":{"line":161,"column":42},"end":{"line":161,"column":null}},"loc":{"start":{"line":161,"column":42},"end":{"line":180,"column":5}}}},"branchMap":{"0":{"loc":{"start":{"line":26,"column":8},"end":{"line":40,"column":9}},"type":"if","locations":[{"start":{"line":26,"column":8},"end":{"line":40,"column":9}},{"start":{"line":38,"column":15},"end":{"line":40,"column":9}}]},"1":{"loc":{"start":{"line":31,"column":32},"end":{"line":31,"column":86}},"type":"cond-expr","locations":[{"start":{"line":31,"column":57},"end":{"line":31,"column":70}},{"start":{"line":31,"column":73},"end":{"line":31,"column":86}}]},"2":{"loc":{"start":{"line":32,"column":16},"end":{"line":36,"column":17}},"type":"if","locations":[{"start":{"line":32,"column":16},"end":{"line":36,"column":17}},{"start":{"line":34,"column":23},"end":{"line":36,"column":17}}]},"3":{"loc":{"start":{"line":52,"column":8},"end":{"line":66,"column":9}},"type":"if","locations":[{"start":{"line":52,"column":8},"end":{"line":66,"column":9}},{"start":{"line":64,"column":15},"end":{"line":66,"column":9}}]},"4":{"loc":{"start":{"line":57,"column":32},"end":{"line":57,"column":86}},"type":"cond-expr","locations":[{"start":{"line":57,"column":57},"end":{"line":57,"column":70}},{"start":{"line":57,"column":73},"end":{"line":57,"column":86}}]},"5":{"loc":{"start":{"line":58,"column":16},"end":{"line":62,"column":17}},"type":"if","locations":[{"start":{"line":58,"column":16},"end":{"line":62,"column":17}},{"start":{"line":60,"column":23},"end":{"line":62,"column":17}}]},"6":{"loc":{"start":{"line":58,"column":20},"end":{"line":58,"column":96}},"type":"binary-expr","locations":[{"start":{"line":58,"column":20},"end":{"line":58,"column":57}},{"start":{"line":58,"column":61},"end":{"line":58,"column":96}}]},"7":{"loc":{"start":{"line":77,"column":26},"end":{"line":77,"column":42}},"type":"binary-expr","locations":[{"start":{"line":77,"column":26},"end":{"line":77,"column":33}},{"start":{"line":77,"column":37},"end":{"line":77,"column":42}}]},"8":{"loc":{"start":{"line":78,"column":29},"end":{"line":78,"column":47}},"type":"binary-expr","locations":[{"start":{"line":78,"column":29},"end":{"line":78,"column":37}},{"start":{"line":78,"column":41},"end":{"line":78,"column":47}}]},"9":{"loc":{"start":{"line":79,"column":8},"end":{"line":81,"column":9}},"type":"if","locations":[{"start":{"line":79,"column":8},"end":{"line":81,"column":9}}]},"10":{"loc":{"start":{"line":79,"column":12},"end":{"line":79,"column":40}},"type":"binary-expr","locations":[{"start":{"line":79,"column":12},"end":{"line":79,"column":22}},{"start":{"line":79,"column":26},"end":{"line":79,"column":40}}]},"11":{"loc":{"start":{"line":88,"column":8},"end":{"line":90,"column":9}},"type":"if","locations":[{"start":{"line":88,"column":8},"end":{"line":90,"column":9}}]},"12":{"loc":{"start":{"line":88,"column":12},"end":{"line":88,"column":79}},"type":"binary-expr","locations":[{"start":{"line":88,"column":12},"end":{"line":88,"column":20}},{"start":{"line":88,"column":24},"end":{"line":88,"column":32}},{"start":{"line":88,"column":36},"end":{"line":88,"column":79}}]},"13":{"loc":{"start":{"line":91,"column":8},"end":{"line":93,"column":9}},"type":"if","locations":[{"start":{"line":91,"column":8},"end":{"line":93,"column":9}}]},"14":{"loc":{"start":{"line":91,"column":12},"end":{"line":91,"column":71}},"type":"binary-expr","locations":[{"start":{"line":91,"column":12},"end":{"line":91,"column":19}},{"start":{"line":91,"column":23},"end":{"line":91,"column":30}},{"start":{"line":91,"column":34},"end":{"line":91,"column":71}}]},"15":{"loc":{"start":{"line":99,"column":8},"end":{"line":113,"column":9}},"type":"if","locations":[{"start":{"line":99,"column":8},"end":{"line":113,"column":9}},{"start":{"line":111,"column":15},"end":{"line":113,"column":9}}]},"16":{"loc":{"start":{"line":104,"column":32},"end":{"line":104,"column":86}},"type":"cond-expr","locations":[{"start":{"line":104,"column":57},"end":{"line":104,"column":70}},{"start":{"line":104,"column":73},"end":{"line":104,"column":86}}]},"17":{"loc":{"start":{"line":105,"column":16},"end":{"line":109,"column":17}},"type":"if","locations":[{"start":{"line":105,"column":16},"end":{"line":109,"column":17}},{"start":{"line":107,"column":23},"end":{"line":109,"column":17}}]},"18":{"loc":{"start":{"line":134,"column":8},"end":{"line":148,"column":9}},"type":"if","locations":[{"start":{"line":134,"column":8},"end":{"line":148,"column":9}},{"start":{"line":146,"column":15},"end":{"line":148,"column":9}}]},"19":{"loc":{"start":{"line":139,"column":32},"end":{"line":139,"column":86}},"type":"cond-expr","locations":[{"start":{"line":139,"column":57},"end":{"line":139,"column":70}},{"start":{"line":139,"column":73},"end":{"line":139,"column":86}}]},"20":{"loc":{"start":{"line":140,"column":16},"end":{"line":144,"column":17}},"type":"if","locations":[{"start":{"line":140,"column":16},"end":{"line":144,"column":17}},{"start":{"line":142,"column":23},"end":{"line":144,"column":17}}]},"21":{"loc":{"start":{"line":140,"column":20},"end":{"line":140,"column":96}},"type":"binary-expr","locations":[{"start":{"line":140,"column":20},"end":{"line":140,"column":57}},{"start":{"line":140,"column":61},"end":{"line":140,"column":96}}]},"22":{"loc":{"start":{"line":165,"column":8},"end":{"line":179,"column":9}},"type":"if","locations":[{"start":{"line":165,"column":8},"end":{"line":179,"column":9}},{"start":{"line":177,"column":15},"end":{"line":179,"column":9}}]},"23":{"loc":{"start":{"line":170,"column":32},"end":{"line":170,"column":86}},"type":"cond-expr","locations":[{"start":{"line":170,"column":57},"end":{"line":170,"column":70}},{"start":{"line":170,"column":73},"end":{"line":170,"column":86}}]},"24":{"loc":{"start":{"line":171,"column":16},"end":{"line":175,"column":17}},"type":"if","locations":[{"start":{"line":171,"column":16},"end":{"line":175,"column":17}},{"start":{"line":173,"column":23},"end":{"line":175,"column":17}}]},"25":{"loc":{"start":{"line":171,"column":20},"end":{"line":171,"column":96}},"type":"binary-expr","locations":[{"start":{"line":171,"column":20},"end":{"line":171,"column":57}},{"start":{"line":171,"column":61},"end":{"line":171,"column":96}}]}},"s":{"0":0,"1":0,"2":0,"3":0,"4":0,"5":0,"6":0,"7":0,"8":0,"9":0,"10":0,"11":0,"12":0,"13":0,"14":0,"15":0,"16":0,"17":0,"18":0,"19":0,"20":0,"21":0,"22":0,"23":0,"24":0,"25":0,"26":0,"27":0,"28":0,"29":0,"30":0,"31":0,"32":0,"33":0,"34":0,"35":0,"36":0,"37":0,"38":0,"39":0,"40":0,"41":0,"42":0,"43":0,"44":0,"45":0,"46":0,"47":0,"48":0,"49":0,"50":0,"51":0,"52":0,"53":0,"54":0,"55":0,"56":0,"57":0,"58":0,"59":0,"60":0,"61":0,"62":0,"63":0,"64":0,"65":0,"66":0,"67":0,"68":0,"69":0,"70":0,"71":0,"72":0,"73":0,"74":0,"75":0,"76":0,"77":0,"78":0,"79":0,"80":0,"81":0,"82":0,"83":0,"84":0,"85":0,"86":0,"87":0,"88":0,"89":0,"90":0,"91":0,"92":0,"93":0},"f":{"0":0,"1":0,"2":0,"3":0,"4":0,"5":0,"6":0,"7":0,"8":0,"9":0,"10":0,"11":0,"12":0,"13":0},"b":{"0":[0,0],"1":[0,0],"2":[0,0],"3":[0,0],"4":[0,0],"5":[0,0],"6":[0,0],"7":[0,0],"8":[0,0],"9":[0],"10":[0,0],"11":[0],"12":[0,0,0],"13":[0],"14":[0,0,0],"15":[0,0],"16":[0,0],"17":[0,0],"18":[0,0],"19":[0,0],"20":[0,0],"21":[0,0],"22":[0,0],"23":[0,0],"24":[0,0],"25":[0,0]}}
,"/Users/mak/Desktop/vscode/test/TZ/autoRent/src/vehicle/vehicleService.ts": {"path":"/Users/mak/Desktop/vscode/test/TZ/autoRent/src/vehicle/vehicleService.ts","statementMap":{"0":{"start":{"line":1,"column":0},"end":{"line":1,"column":41}},"1":{"start":{"line":2,"column":0},"end":{"line":2,"column":32}},"2":{"start":{"line":3,"column":0},"end":{"line":3,"column":117}},"3":{"start":{"line":4,"column":50},"end":{"line":4,"column":58}},"4":{"start":{"line":6,"column":22},"end":{"line":29,"column":2}},"5":{"start":{"line":6,"column":133},"end":{"line":29,"column":2}},"6":{"start":{"line":8,"column":4},"end":{"line":10,"column":5}},"7":{"start":{"line":9,"column":8},"end":{"line":9,"column":48}},"8":{"start":{"line":11,"column":4},"end":{"line":13,"column":5}},"9":{"start":{"line":12,"column":8},"end":{"line":12,"column":44}},"10":{"start":{"line":14,"column":4},"end":{"line":16,"column":5}},"11":{"start":{"line":15,"column":8},"end":{"line":15,"column":45}},"12":{"start":{"line":17,"column":4},"end":{"line":19,"column":5}},"13":{"start":{"line":18,"column":8},"end":{"line":18,"column":50}},"14":{"start":{"line":20,"column":4},"end":{"line":22,"column":5}},"15":{"start":{"line":21,"column":8},"end":{"line":21,"column":51}},"16":{"start":{"line":23,"column":4},"end":{"line":25,"column":5}},"17":{"start":{"line":24,"column":8},"end":{"line":24,"column":49}},"18":{"start":{"line":27,"column":4},"end":{"line":27,"column":31}},"19":{"start":{"line":28,"column":4},"end":{"line":28,"column":63}},"20":{"start":{"line":206,"column":9},"end":{"line":206,"column":22}},"21":{"start":{"line":31,"column":23},"end":{"line":49,"column":2}},"22":{"start":{"line":31,"column":79},"end":{"line":49,"column":2}},"23":{"start":{"line":33,"column":4},"end":{"line":35,"column":5}},"24":{"start":{"line":34,"column":8},"end":{"line":34,"column":47}},"25":{"start":{"line":36,"column":4},"end":{"line":38,"column":5}},"26":{"start":{"line":37,"column":8},"end":{"line":37,"column":50}},"27":{"start":{"line":40,"column":4},"end":{"line":40,"column":28}},"28":{"start":{"line":41,"column":4},"end":{"line":41,"column":34}},"29":{"start":{"line":44,"column":4},"end":{"line":46,"column":5}},"30":{"st
[...]
7":{"start":{"line":172,"column":8},"end":{"line":172,"column":53}},"108":{"start":{"line":174,"column":4},"end":{"line":176,"column":5}},"109":{"start":{"line":175,"column":8},"end":{"line":175,"column":51}},"110":{"start":{"line":177,"column":4},"end":{"line":179,"column":5}},"111":{"start":{"line":178,"column":8},"end":{"line":178,"column":62}},"112":{"start":{"line":181,"column":25},"end":{"line":181,"column":45}},"113":{"start":{"line":182,"column":21},"end":{"line":188,"column":3}},"114":{"start":{"line":182,"column":72},"end":{"line":188,"column":2}},"115":{"start":{"line":183,"column":27},"end":{"line":183,"column":100}},"116":{"start":{"line":184,"column":4},"end":{"line":186,"column":5}},"117":{"start":{"line":185,"column":8},"end":{"line":185,"column":null}},"118":{"start":{"line":187,"column":4},"end":{"line":187,"column":null}},"119":{"start":{"line":190,"column":30},"end":{"line":190,"column":74}},"120":{"start":{"line":190,"column":57},"end":{"line":190,"column":73}},"121":{"start":{"line":191,"column":19},"end":{"line":193,"column":17}},"122":{"start":{"line":192,"column":8},"end":{"line":192,"column":64}},"123":{"start":{"line":195,"column":4},"end":{"line":195,"column":18}},"124":{"start":{"line":206,"column":87},"end":{"line":206,"column":101}},"125":{"start":{"line":198,"column":23},"end":{"line":204,"column":null}},"126":{"start":{"line":198,"column":34},"end":{"line":204,"column":null}},"127":{"start":{"line":199,"column":20},"end":{"line":199,"column":40}},"128":{"start":{"line":200,"column":19},"end":{"line":201,"column":null}},"129":{"start":{"line":201,"column":8},"end":{"line":201,"column":42}},"130":{"start":{"line":203,"column":4},"end":{"line":203,"column":null}},"131":{"start":{"line":206,"column":103},"end":{"line":206,"column":117}}},"fnMap":{"0":{"name":"(anonymous_8)","decl":{"start":{"line":6,"column":22},"end":{"line":6,"column":29}},"loc":{"start":{"line":6,"column":133},"end":{"line":29,"column":2}}},"1":{"name":"(anonymous_9)","decl":{"start":{"line":6,"column":133},"end":{"line":6,"column":null}},"loc":{"start":{"line":6,"column":133},"end":{"line":29,"column":1}}},"2":{"name":"(anonymous_10)","decl":{"start":{"line":31,"column":23},"end":{"line":31,"column":30}},"loc":{"start":{"line":31,"column":79},"end":{"line":49,"column":2}}},"3":{"name":"(anonymous_11)","decl":{"start":{"line":31,"column":79},"end":{"line":31,"column":null}},"loc":{"start":{"line":31,"column":79},"end":{"line":49,"column":1}}},"4":{"name":"(anonymous_12)","decl":{"start":{"line":51,"column":23},"end":{"line":51,"column":30}},"loc":{"start":{"line":51,"column":122},"end":{"line":95,"column":2}}},"5":{"name":"(anonymous_13)","decl":{"start":{"line":51,"column":122},"end":{"line":51,"column":null}},"loc":{"start":{"line":51,"column":122},"end":{"line":95,"column":1}}},"6":{"name":"(anonymous_14)","decl":{"start":{"line":97,"column":23},"end":{"line":97,"column":null}},"loc":{"start":{"line":101,"column":4},"end":{"line":133,"column":2}}},"7":{"name":"(anonymous_15)","decl":{"start":{"line":101,"column":4},"end":{"line":101,"column":null}},"loc":{"start":{"line":101,"column":4},"end":{"line":133,"column":1}}},"8":{"name":"(anonymous_16)","decl":{"start":{"line":135,"column":22},"end":{"line":135,"column":29}},"loc":{"start":{"line":135,"column":71},"end":{"line":156,"column":2}}},"9":{"name":"(anonymous_17)","decl":{"start":{"line":135,"column":71},"end":{"line":135,"column":null}},"loc":{"start":{"line":135,"column":71},"end":{"line":156,"column":1}}},"10":{"name":"(anonymous_18)","decl":{"start":{"line":158,"column":23},"end":{"line":158,"column":29}},"loc":{"start":{"line":158,"column":73},"end":{"line":196,"column":null}}},"11":{"name":"(anonymous_19)","decl":{"start":{"line":158,"column":73},"end":{"line":158,"column":null}},"loc":{"start":{"line":158,"column":73},"end":{"line":196,"column":1}}},"12":{"name":"(anonymous_20)","decl":{"start":{"line":182,"column":55},"end":{"line":182,"column":61}},"loc":{"start":{"line":182,"column":72},"end":{"line":188,"column":2}}},"13":{"name":"(anonymous_21)","decl":{"start":{"line":182,"column":72},"end":{"line":182,"column":null}},"loc":{"start":{"line":182,"column":72},"end":{"line":188,"column":1}}},"14":{"name":"(anonymous_22)","decl":{"start":{"line":190,"column":46},"end":{"line":190,"column":53}},"loc":{"start":{"line":190,"column":57},"end":{"line":190,"column":73}}},"15":{"name":"(anonymous_23)","decl":{"start":{"line":191,"column":41},"end":{"line":191,"column":42}},"loc":{"start":{"line":191,"column":60},"end":{"line":193,"column":5}}},"16":{"name":"(anonymous_24)","decl":{"start":{"line":198,"column":23},"end":{"line":198,"column":32}},"loc":{"start":{"line":198,"column":34},"end":{"line":204,"column":null}}},"17":{"name":"(anonymous_25)","decl":{"start":{"line":198,"column":34},"end":{"line":198,"column":null}},"loc":{"start":{"line":198,"column":34},"end":{"line":204,"column":1}}},"18":{"name":"(anonymous_26)","decl":{"start":{"line":200,"column":31},"end":{"line":200,"column":32}},"loc":{"start":{"line":201,"column":8},"end":{"line":201,"column":42}}}},"branchMap":{"0":{"loc":{"start":{"line":8,"column":4},"end":{"line":10,"column":5}},"type":"if","locations":[{"start":{"line":8,"column":4},"end":{"line":10,"column":5}}]},"1":{"loc":{"start":{"line":8,"column":8},"end":{"line":8,"column":39}},"type":"binary-expr","locations":[{"start":{"line":8,"column":8},"end":{"line":8,"column":15}},{"start":{"line":8,"column":19},"end":{"line":8,"column":39}}]},"2":{"loc":{"start":{"line":11,"column":4},"end":{"line":13,"column":5}},"type":"if","locations":[{"start":{"line":11,"column":4},"end":{"line":13,"column":5}}]},"3":{"loc":{"start":{"line":11,"column":8},"end":{"line":11,"column":35}},"type":"binary-expr","locations":[{"start":{"line":11,"column":8},"end":{"line":11,"column":13}},{"start":{"line":11,"column":17},"end":{"line":11,"column":35}}]},"4":{"loc":{"start":{"line":14,"column":4},"end":{"line":16,"column":5}},"type":"if","locations":[{"start":{"line":14,"column":4},"end":{"line":16,"column":5}}]},"5":{"loc":{"start":{"line":14,"column":8},"end":{"line":14,"column":37}},"type":"binary-expr","locations":[{"start":{"line":14,"column":8},"end":{"line":14,"column":14}},{"start":{"line":14,"column":18},"end":{"line":14,"column":37}}]},"6":{"loc":{"start":{"line":17,"column":4},"end":{"line":19,"column":5}},"type":"if","locations":[{"start":{"line":17,"column":4},"end":{"line":19,"column":5}}]},"7":{"loc":{"start":{"line":17,"column":8},"end":{"line":17,"column":25}},"type":"binary-expr","locations":[{"start":{"line":17,"column":8},"end":{"line":17,"column":13}},{"start":{"line":17,"column":17},"end":{"line":17,"column":25}}]},"8":{"loc":{"start":{"line":20,"column":4},"end":{"line":22,"column":5}},"type":"if","locations":[{"start":{"line":20,"column":4},"end":{"line":22,"column":5}}]},"9":{"loc":{"start":{"line":20,"column":8},"end":{"line":20,"column":27}},"type":"binary-expr","locations":[{"start":{"line":20,"column":8},"end":{"line":20,"column":14}},{"start":{"line":20,"column":18},"end":{"line":20,"column":27}}]},"10":{"loc":{"start":{"line":23,"column":4},"end":{"line":25,"column":5}},"type":"if","locations":[{"start":{"line":23,"column":4},"end":{"line":25,"column":5}}]},"11":{"loc":{"start":{"line":23,"column":8},"end":{"line":23,"column":37}},"type":"binary-expr","locations":[{"start":{"line":23,"column":8},"end":{"line":23,"column":14}},{"start":{"line":23,"column":18},"end":{"line":23,"column":37}}]},"12":{"loc":{"start":{"line":33,"column":4},"end":{"line":35,"column":5}},"type":"if","locations":[{"start":{"line":33,"column":4},"end":{"line":35,"column":5}}]},"13":{"loc":{"start":{"line":33,"column":8},"end":{"line":33,"column":39}},"type":"binary-expr","locations":[{"start":{"line":33,"column":8},"end":{"line":33,"column":15}},{"start":{"line":33,"column":19},"end":{"line":33,"column":39}}]},"14":{"loc":{"start":{"line":36,"column":4},"end":{"line":38,"column":5}},"type":"if","locations":[{"start":{"line":36,"column":4},"end":{"line":38,"column":5}}]},"15":{"loc":{"start":{"line":36,"column":8},"end":{"line":36,"column":45}},"type":"binary-expr","locations":[{"start":{"line":36,"column":8},"end":{"line":36,"column":18}},{"start":{"line":36,"column":22},"end":{"line":36,"column":45}}]},"16":{"loc":{"start":{"line":44,"column":4},"end":{"line":46,"column":5}},"type":"if","locations":[{"start":{"line":44,"column":4},"end":{"line":46,"column":5}}]},"17":{"loc":{"start":{"line":53,"column":4},"end":{"line":55,"column":5}},"type":"if","locations":[{"start":{"line":53,"column":4},"end":{"line":55,"column":5}}]},"18":{"loc":{"start":{"line":53,"column":8},"end":{"line":53,"column":72}},"type":"binary-expr","locations":[{"start":{"line":53,"column":8},"end":{"line":53,"column":15}},{"start":{"line":53,"column":19},"end":{"line":53,"column":72}}]},"19":{"loc":{"start":{"line":56,"column":4},"end":{"line":58,"column":5}},"type":"if","locations":[{"start":{"line":56,"column":4},"end":{"line":58,"column":5}}]},"20":{"loc":{"start":{"line":56,"column":8},"end":{"line":56,"column":49}},"type":"binary-expr","locations":[{"start":{"line":56,"column":8},"end":{"line":56,"column":13}},{"start":{"line":56,"column":17},"end":{"line":56,"column":49}}]},"21":{"loc":{"start":{"line":59,"column":4},"end":{"line":61,"column":5}},"type":"if","locations":[{"start":{"line":59,"column":4},"end":{"line":61,"column":5}}]},"22":{"loc":{"start":{"line":59,"column":8},"end":{"line":59,"column":46}},"type":"binary-expr","locations":[{"start":{"line":59,"column":8},"end":{"line":59,"column":30}},{"start":{"line":59,"column":34},"end":{"line":59,"column":46}}]},"23":{"loc":{"start":{"line":62,"column":4},"end":{"line":64,"column":5}},"type":"if","locations":[{"start":{"line":62,"column":4},"end":{"line":64,"column":5}}]},"24":{"loc":{"start":{"line":62,"column":8},"end":{"line":62,"column":46}},"type":"binary-expr","locations":[{"start":{"line":62,"column":8},"end":{"line":62,"column":30}},{"start":{"line":62,"column":34},"end":{"line":62,"column":46}}]},"25":{"loc":{"start":{"line":65,"column":4},"end":{"line":67,"column":5}},"type":"if","locations":[{"start":{"line":65,"column":4},"end":{"line":67,"column":5}}]},"26":{"loc":{"start":{"line":65,"column":8},"end":{"line":65,"column":79}},"type":"binary-expr","locations":[{"start":{"line":65,"column":8},"end":{"line":65,"column":30}},{"start":{"line":65,"column":34},"end":{"line":65,"column":56}},{"start":{"line":65,"column":60},"end":{"line":65,"column":79}}]},"27":{"loc":{"start":{"line":68,"column":4},"end":{"line":70,"column":5}},"type":"if","locations":[{"start":{"line":68,"column":4},"end":{"line":70,"column":5}}]},"28":{"loc":{"start":{"line":68,"column":8},"end":{"line":68,"column":44}},"type":"binary-expr","locations":[{"start":{"line":68,"column":8},"end":{"line":68,"column":29}},{"start":{"line":68,"column":33},"end":{"line":68,"column":44}}]},"29":{"loc":{"start":{"line":71,"column":4},"end":{"line":73,"column":5}},"type":"if","locations":[{"start":{"line":71,"column":4},"end":{"line":73,"column":5}}]},"30":{"loc":{"start":{"line":71,"column":8},"end":{"line":71,"column":44}},"type":"binary-expr","locations":[{"start":{"line":71,"column":8},"end":{"line":71,"column":29}},{"start":{"line":71,"column":33},"end":{"line":71,"column":44}}]},"31":{"loc":{"start":{"line":74,"column":4},"end":{"line":76,"column":5}},"type":"if","locations":[{"start":{"line":74,"column":4},"end":{"line":76,"column":5}}]},"32":{"loc":{"start":{"line":74,"column":8},"end":{"line":74,"column":75}},"type":"binary-expr","locations":[{"start":{"line":74,"column":8},"end":{"line":74,"column":29}},{"start":{"line":74,"column":33},"end":{"line":74,"column":54}},{"start":{"line":74,"column":58},"end":{"line":74,"column":75}}]},"33":{"loc":{"start":{"line":78,"column":22},"end":{"line":78,"column":46}},"type":"cond-expr","locations":[{"start":{"line":78,"column":40},"end":{"line":78,"column":41}},{"start":{"line":78,"column":44},"end":{"line":78,"column":46}}]},"34":{"loc":{"start":{"line":80,"column":4},"end":{"line":82,"column":5}},"type":"if","locations":[{"start":{"line":80,"column":4},"end":{"line":82,"column":5}}]},"35":{"loc":{"start":{"line":83,"column":4},"end":{"line":85,"column":5}},"type":"if","locations":[{"start":{"line":83,"column":4},"end":{"line":85,"column":5}}]},"36":{"loc":{"start":{"line":86,"column":4},"end":{"line":88,"column":5}},"type":"if","locations":[{"start":{"line":86,"column":4},"end":{"line":88,"column":5}}]},"37":{"loc":{"start":{"line":89,"column":4},"end":{"line":91,"column":5}},"type":"if","locations":[{"start":{"line":89,"column":4},"end":{"line":91,"column":5}}]},"38":{"loc":{"start":{"line":94,"column":27},"end":{"line":94,"column":66}},"type":"cond-expr","locations":[{"start":{"line":94,"column":37},"end":{"line":94,"column":61}},{"start":{"line":94,"column":64},"end":{"line":94,"column":66}}]},"39":{"loc":{"start":{"line":103,"column":4},"end":{"line":105,"column":5}},"type":"if","locations":[{"start":{"line":103,"column":4},"end":{"line":105,"column":5}}]},"40":{"loc":{"start":{"line":103,"column":8},"end":{"line":103,"column":39}},"type":"binary-expr","locations":[{"start":{"line":103,"column":8},"end":{"line":103,"column":15}},{"start":{"line":103,"column":19},"end":{"line":103,"column":39}}]},"41":{"loc":{"start":{"line":106,"column":4},"end":{"line":108,"column":5}},"type":"if","locations":[{"start":{"line":106,"column":4},"end":{"line":108,"column":5}}]},"42":{"loc":{"start":{"line":106,"column":8},"end":{"line":106,"column":31}},"type":"binary-expr","locations":[{"start":{"line":106,"column":8},"end":{"line":106,"column":11}},{"start":{"line":106,"column":15},"end":{"line":106,"column":31}}]},"43":{"loc":{"start":{"line":109,"column":4},"end":{"line":111,"column":5}},"type":"if","locations":[{"start":{"line":109,"column":4},"end":{"line":111,"column":5}}]},"44":{"loc":{"start":{"line":109,"column":8},"end":{"line":109,"column":35}},"type":"binary-expr","locations":[{"start":{"line":109,"column":8},"end":{"line":109,"column":13}},{"start":{"line":109,"column":17},"end":{"line":109,"column":35}}]},"45":{"loc":{"start":{"line":112,"column":4},"end":{"line":114,"column":5}},"type":"if","locations":[{"start":{"line":112,"column":4},"end":{"line":114,"column":5}}]},"46":{"loc":{"start":{"line":112,"column":8},"end":{"line":112,"column":37}},"type":"binary-expr","locations":[{"start":{"line":112,"column":8},"end":{"line":112,"column":14}},{"start":{"line":112,"column":18},"end":{"line":112,"column":37}}]},"47":{"loc":{"start":{"line":115,"column":4},"end":{"line":117,"column":5}},"type":"if","locations":[{"start":{"line":115,"column":4},"end":{"line":117,"column":5}}]},"48":{"loc":{"start":{"line":115,"column":8},"end":{"line":115,"column":25}},"type":"binary-expr","locations":[{"start":{"line":115,"column":8},"end":{"line":115,"column":13}},{"start":{"line":115,"column":17},"end":{"line":115,"column":25}}]},"49":{"loc":{"start":{"line":118,"column":4},"end":{"line":120,"column":5}},"type":"if","locations":[{"start":{"line":118,"column":4},"end":{"line":120,"column":5}}]},"50":{"loc":{"start":{"line":118,"column":8},"end":{"line":118,"column":27}},"type":"binary-expr","locations":[{"start":{"line":118,"column":8},"end":{"line":118,"column":14}},{"start":{"line":118,"column":18},"end":{"line":118,"column":27}}]},"51":{"loc":{"start":{"line":128,"column":4},"end":{"line":130,"column":5}},"type":"if","locations":[{"start":{"line":128,"column":4},"end":{"line":130,"column":5}}]},"52":{"loc":{"start":{"line":137,"column":4},"end":{"line":139,"column":5}},"type":"if","locations":[{"start":{"line":137,"column":4},"end":{"line":139,"column":5}}]},"53":{"loc":{"start":{"line":137,"column":8},"end":{"line":137,"column":39}},"type":"binary-expr","locations":[{"start":{"line":137,"column":8},"end":{"line":137,"column":15}},{"start":{"line":137,"column":19},"end":{"line":137,"column":39}}]},"54":{"loc":{"start":{"line":140,"column":4},"end":{"line":142,"column":5}},"type":"if","locations":[{"start":{"line":140,"column":4},"end":{"line":142,"column":5}}]},"55":{"loc":{"start":{"line":140,"column":8},"end":{"line":140,"column":31}},"type":"binary-expr","locations":[{"start":{"line":140,"column":8},"end":{"line":140,"column":11}},{"start":{"line":140,"column":15},"end":{"line":140,"column":31}}]},"56":{"loc":{"start":{"line":147,"column":4},"end":{"line":153,"column":5}},"type":"if","locations":[{"start":{"line":147,"column":4},"end":{"line":153,"column":5}}]},"57":{"loc":{"start":{"line":149,"column":8},"end":{"line":151,"column":9}},"type":"if","locations":[{"start":{"line":149,"column":8},"end":{"line":151,"column":9}}]},"58":{"loc":{"start":{"line":160,"column":4},"end":{"line":162,"column":5}},"type":"if","locations":[{"start":{"line":160,"column":4},"end":{"line":162,"column":5}}]},"59":{"loc":{"start":{"line":160,"column":8},"end":{"line":160,"column":53}},"type":"binary-expr","locations":[{"start":{"line":160,"column":8},"end":{"line":160,"column":22}},{"start":{"line":160,"column":26},"end":{"line":160,"column":53}}]},"60":{"loc":{"start":{"line":163,"column":4},"end":{"line":165,"column":5}},"type":"if","locations":[{"start":{"line":163,"column":4},"end":{"line":165,"column":5}}]},"61":{"loc":{"start":{"line":163,"column":8},"end":{"line":163,"column":49}},"type":"binary-expr","locations":[{"start":{"line":163,"column":8},"end":{"line":163,"column":20}},{"start":{"line":163,"column":24},"end":{"line":163,"column":49}}]},"62":{"loc":{"start":{"line":171,"column":4},"end":{"line":173,"column":5}},"type":"if","locations":[{"start":{"line":171,"column":4},"end":{"line":173,"column":5}}]},"63":{"loc":{"start":{"line":174,"column":4},"end":{"line":176,"column":5}},"type":"if","locations":[{"start":{"line":174,"column":4},"end":{"line":176,"column":5}}]},"64":{"loc":{"start":{"line":177,"column":4},"end":{"line":179,"column":5}},"type":"if","locations":[{"start":{"line":177,"column":4},"end":{"line":179,"column":5}}]},"65":{"loc":{"start":{"line":184,"column":4},"end":{"line":186,"column":5}},"type":"if","locations":[{"start":{"line":184,"column":4},"end":{"line":186,"column":5}}]}},"s":{"0":1,"1":1,"2":1,"3":1,"4":1,"5":11,"6":11,"7":2,"8":9,"9":1,"10":8,"11":1,"12":7,"13":1,"14":6,"15":1,"16":5,"17":1,"18":4,"19":3,"20":1,"21":1,"22":10,"23":10,"24":2,"25":8,"26":2,"27":6,"28":5,"29":4,"30":1,"31":3,"32":1,"33":1,"34":12,"35":12,"36":1,"37":11,"38":1,"39":10,"40":1,"41":9,"42":0,"43":9,"44":1,"45":8,"46":1,"47":7,"48":0,"49":7,"50":1,"51":6,"52":6,"53":6,"54":4,"55":6,"56":4,"57":6,"58":1,"59":6,"60":1,"61":6,"62":4,"63":1,"64":1,"65":12,"66":12,"67":2,"68":10,"69":1,"70":9,"71":1,"72":8,"73":1,"74":7,"75":1,"76":6,"77":1,"78":5,"79":4,"80":2,"81":1,"82":1,"83":1,"84":1,"85":10,"86":10,"87":2,"88":8,"89":2,"90":6,"91":5,"92":3,"93":2,"94":1,"95":1,"96":1,"97":1,"98":1,"99":11,"100":11,"101":2,"102":9,"103":1,"104":8,"105":8,"106":8,"107":1,"108":7,"109":0,"110":7,"111":1,"112":6,"113":4,"114":3,"115":3,"116":2,"117":1,"118":1,"119":3,"120":2,"121":3,"122":1,"123":3,"124":1,"125":1,"126":9,"127":9,"128":6,"129":10,"130":6,"131":1},"f":{"0":11,"1":11,"2":10,"3":10,"4":12,"5":12,"6":12,"7":12,"8":10,"9":10,"10":11,"11":11,"12":3,"13":3,"14":2,"15":1,"16":9,"17":9,"18":10},"b":{"0":[2],"1":[11,9],"2":[1],"3":[9,8],"4":[1],"5":[8,7],"6":[1],"7":[7,7],"8":[1],"9":[6,6],"10":[1],"11":[5,4],"12":[2],"13":[10,8],"14":[2],"15":[8,6],"16":[1],"17":[1],"18":[12,8],"19":[1],"20":[11,10],"21":[1],"22":[10,6],"23":[0],"24":[9,5],"25":[1],"26":[9,5,5],"27":[1],"28":[8,3],"29":[0],"30":[7,2],"31":[1],"32":[7,2,2],"33":[4,2],"34":[4],"35":[4],"36":[1],"37":[1],"38":[2,2],"39":[2],"40":[12,10],"41":[1],"42":[10,9],"43":[1],"44":[9,8],"45":[1],"46":[8,7],"47":[1],"48":[7,7],"49":[1],"50":[6,6],"51":[1],"52":[2],"53":[10,8],"54":[2],"55":[8,6],"56":[2],"57":[1],"58":[2],"59":[11,9],"60":[1],"61":[9,8],"62":[1],"63":[0],"64":[1],"65":[1]}}
}
