TN:
SF:src/app.ts
FN:12,(anonymous_10)
FN:20,(anonymous_11)
FN:32,(anonymous_12)
FN:36,(anonymous_13)
FNF:4
FNH:0
FNDA:0,(anonymous_10)
FNDA:0,(anonymous_11)
FNDA:0,(anonymous_12)
FNDA:0,(anonymous_13)
DA:1,0
DA:2,0
DA:3,0
DA:4,0
DA:8,0
DA:10,0
DA:11,0
DA:12,0
DA:13,0
DA:14,0
DA:15,0
DA:16,0
DA:20,0
DA:21,0
DA:24,0
DA:27,0
DA:28,0
DA:29,0
DA:30,0
DA:32,0
DA:33,0
DA:35,0
DA:36,0
LF:23
LH:0
BRDA:30,0,0,0
BRDA:30,1,0,0
BRDA:30,1,1,0
BRDA:35,2,0,0
BRF:4
BRH:0
end_of_record
TN:
SF:src/constants.ts
FNF:0
FNH:0
DA:1,2
DA:2,2
DA:3,2
DA:4,2
DA:5,2
DA:6,2
DA:7,2
DA:8,2
DA:9,2
DA:10,2
DA:11,2
DA:16,2
DA:19,2
DA:24,2
DA:25,2
LF:15
LH:15
BRF:0
BRH:0
end_of_record
TN:
SF:src/middleware.ts
FN:1,(anonymous_0)
FNF:1
FNH:1
FNDA:13,(anonymous_0)
DA:1,1
DA:2,13
DA:3,10
DA:4,3
DA:8,7
DA:9,3
DA:11,4
DA:14,1
LF:8
LH:8
BRDA:3,0,0,3
BRDA:3,1,0,10
BRDA:3,1,1,8
BRDA:8,2,0,3
BRF:4
BRH:4
end_of_record
TN:
SF:src/routes.ts
FNF:0
FNH:0
DA:1,0
DA:2,0
DA:3,0
DA:5,0
DA:11,0
LF:5
LH:0
BRF:0
BRH:0
end_of_record
TN:
SF:src/utils.ts
FN:8,(anonymous_7)
FN:8,(anonymous_8)
FN:15,(anonymous_9)
FN:15,(anonymous_10)
FN:25,(anonymous_11)
FN:25,(anonymous_12)
FN:33,(anonymous_13)
FN:33,(anonymous_14)
FN:43,(anonymous_15)
FN:43,(anonymous_16)
FN:51,(anonymous_17)
FN:51,(anonymous_18)
FNF:12
FNH:12
FNDA:42,(anonymous_7)
FNDA:42,(anonymous_8)
FNDA:10,(anonymous_9)
FNDA:10,(anonymous_10)
FNDA:12,(anonymous_11)
FNDA:12,(anonymous_12)
FNDA:10,(anonymous_13)
FNDA:10,(anonymous_14)
FNDA:10,(anonymous_15)
FNDA:10,(anonymous_16)
FNDA:10,(anonymous_17)
FNDA:10,(anonymous_18)
DA:1,1
DA:2,1
DA:3,1
DA:8,42
DA:9,42
DA:10,23
DA:11,3
DA:15,10
DA:16,10
DA:17,4
DA:18,3
DA:19,1
DA:21,2
DA:25,12
DA:26,12
DA:27,10
DA:28,9
DA:29,7
DA:33,10
DA:34,10
DA:35,3
DA:37,7
DA:38,4
DA:39,1
DA:43,10
DA:44,10
DA:45,5
DA:46,4
DA:47,1
DA:51,10
DA:52,10
DA:53,6
DA:54,5
DA:58,1
LF:34
LH:34
BRDA:10,0,0,3
BRDA:18,1,0,1
BRDA:18,1,1,2
BRDA:18,2,0,0
BRDA:18,2,1,3
BRDA:18,3,0,3
BRDA:18,3,1,3
BRDA:28,4,0,7
BRDA:28,5,0,9
BRDA:28,5,1,9
BRDA:28,5,2,8
BRDA:34,6,0,3
BRDA:34,7,0,10
BRDA:34,7,1,7
BRDA:38,8,0,1
BRDA:46,9,0,1
BRDA:46,10,0,4
BRDA:46,10,1,4
BRDA:46,10,2,2
BRDA:53,11,0,5
BRF:20
BRH:19
end_of_record
TN:
SF:src/reservations/reservationsModel.ts
FNF:0
FNH:0
DA:1,0
DA:2,0
DA:4,0
DA:23,0
DA:25,0
LF:5
LH:0
BRF:0
BRH:0
end_of_record
TN:
SF:src/reservations/reservationsRoutes.ts
FN:25,(anonymous_7)
FN:44,(anonymous_8)
FN:44,(anonymous_9)
FN:63,(anonymous_10)
FN:63,(anonymous_11)
FN:82,(anonymous_12)
FN:82,(anonymous_13)
FN:104,(anonymous_14)
FN:104,(anonymous_15)
FN:124,(anonymous_16)
FN:124,(anonymous_17)
FN:147,(anonymous_18)
FN:166,(anonymous_19)
FN:166,(anonymous_20)
FN:188,(anonymous_21)
FN:188,(anonymous_22)
FNF:16
FNH:0
FNDA:0,(anonymous_7)
FNDA:0,(anonymous_8)
FNDA:0,(anonymous_9)
FNDA:0,(anonymous_10)
FNDA:0,(anonymous_11)
FNDA:0,(anonymous_12)
FNDA:0,(anonymous_13)
FNDA:0,(anonymous_14)
FNDA:0,(anonymous_15)
FNDA:0,(anonymous_16)
FNDA:0,(anonymous_17)
FNDA:0,(anonymous_18)
FNDA:0,(anonymous_19)
FNDA:0,(anonymous_20)
FNDA:0,(anonymous_21)
FNDA:0,(anonymous_22)
DA:1,0
DA:2,0
DA:3,0
DA:5,0
DA:6,0
DA:7,0
DA:9,0
DA:19,0
DA:26,0
DA:27,0
DA:28,0
DA:29,0
DA:30,0
DA:31,0
DA:33,0
DA:34,0
DA:35,0
DA:37,0
DA:38,0
DA:39,0
DA:41,0
DA:44,0
DA:45,0
DA:46,0
DA:47,0
DA:48,0
DA:49,0
DA:50,0
DA:52,0
DA:53,0
DA:56,0
DA:61,0
DA:63,0
DA:64,0
DA:65,0
DA:66,0
DA:67,0
DA:68,0
DA:69,0
DA:71,0
DA:72,0
DA:75,0
DA:80,0
DA:82,0
DA:83,0
DA:84,0
DA:85,0
DA:86,0
DA:88,0
DA:89,0
DA:90,0
DA:92,0
DA:93,0
DA:100,0
DA:104,0
DA:105,0
DA:106,0
DA:107,0
DA:108,0
DA:109,0
DA:110,0
DA:111,0
DA:113,0
DA:114,0
DA:117,0
DA:122,0
DA:124,0
DA:125,0
DA:126,0
DA:127,0
DA:128,0
DA:129,0
DA:130,0
DA:132,0
DA:133,0
DA:136,0
DA:142,0
DA:148,0
DA:149,0
DA:150,0
DA:151,0
DA:152,0
DA:153,0
DA:155,0
DA:156,0
DA:157,0
DA:159,0
DA:160,0
DA:161,0
DA:163,0
DA:166,0
DA:167,0
DA:168,0
DA:169,0
DA:170,0
DA:171,0
DA:172,0
DA:173,0
DA:174,0
DA:176,0
DA:177,0
DA:180,0
DA:185,0
DA:188,0
DA:189,0
DA:190,0
DA:191,0
DA:192,0
DA:193,0
DA:194,0
DA:195,0
DA:196,0
DA:198,0
DA:199,0
DA:202,0
DA:207,0
LF:116
LH:0
BRDA:30,0,0,0
BRDA:33,1,0,0
BRDA:33,1,1,0
BRDA:34,2,0,0
BRDA:38,3,0,0
BRDA:47,4,0,0
BRDA:47,4,1,0
BRDA:52,5,0,0
BRDA:52,5,1,0
BRDA:66,6,0,0
BRDA:66,6,1,0
BRDA:71,7,0,0
BRDA:71,7,1,0
BRDA:85,8,0,0
BRDA:85,8,1,0
BRDA:92,9,0,0
BRDA:92,9,1,0
BRDA:108,10,0,0
BRDA:108,10,1,0
BRDA:113,11,0,0
BRDA:113,11,1,0
BRDA:127,12,0,0
BRDA:127,12,1,0
BRDA:132,13,0,0
BRDA:132,13,1,0
BRDA:152,14,0,0
BRDA:155,15,0,0
BRDA:155,15,1,0
BRDA:156,16,0,0
BRDA:160,17,0,0
BRDA:171,18,0,0
BRDA:171,18,1,0
BRDA:176,19,0,0
BRDA:176,19,1,0
BRDA:193,20,0,0
BRDA:193,20,1,0
BRDA:198,21,0,0
BRDA:198,21,1,0
BRF:38
BRH:0
end_of_record
TN:
SF:src/reservations/reservationsService.ts
FN:8,(anonymous_8)
FN:8,(anonymous_9)
FN:19,(anonymous_10)
FN:19,(anonymous_11)
FN:30,(anonymous_12)
FN:30,(anonymous_13)
FN:49,(anonymous_14)
FN:49,(anonymous_15)
FN:65,(anonymous_16)
FN:65,(anonymous_17)
FN:69,(anonymous_18)
FN:69,(anonymous_19)
FN:82,(anonymous_20)
FN:88,(anonymous_21)
FN:88,(anonymous_22)
FN:105,(anonymous_23)
FN:111,(anonymous_24)
FN:111,(anonymous_25)
FN:126,(anonymous_26)
FN:126,(anonymous_27)
FNF:20
FNH:20
FNDA:11,(anonymous_8)
FNDA:11,(anonymous_9)
FNDA:11,(anonymous_10)
FNDA:11,(anonymous_11)
FNDA:40,(anonymous_12)
FNDA:40,(anonymous_13)
FNDA:9,(anonymous_14)
FNDA:9,(anonymous_15)
FNDA:8,(anonymous_16)
FNDA:8,(anonymous_17)
FNDA:8,(anonymous_18)
FNDA:8,(anonymous_19)
FNDA:1,(anonymous_20)
FNDA:8,(anonymous_21)
FNDA:8,(anonymous_22)
FNDA:1,(anonymous_23)
FNDA:10,(anonymous_24)
FNDA:10,(anonymous_25)
FNDA:13,(anonymous_26)
FNDA:13,(anonymous_27)
DA:1,1
DA:2,1
DA:5,1
DA:6,1
DA:8,11
DA:9,11
DA:10,11
DA:11,11
DA:12,11
DA:13,10
DA:15,1
DA:19,11
DA:20,11
DA:21,11
DA:22,11
DA:23,9
DA:24,8
DA:26,1
DA:30,40
DA:31,40
DA:32,40
DA:33,40
DA:42,34
DA:43,4
DA:46,30
DA:49,9
DA:50,9
DA:51,9
DA:52,9
DA:59,6
DA:60,1
DA:62,5
DA:65,8
DA:66,8
DA:69,8
DA:70,8
DA:71,4
DA:82,2
DA:83,1
DA:85,2
DA:88,8
DA:89,8
DA:90,4
DA:105,2
DA:106,1
DA:108,2
DA:111,10
DA:112,10
DA:113,8
DA:114,8
DA:115,8
DA:116,7
DA:117,1
DA:119,6
DA:126,13
DA:127,13
DA:128,12
DA:129,7
DA:131,5
DA:132,5
DA:133,4
DA:134,4
DA:135,2
DA:137,2
DA:138,2
DA:139,2
DA:140,1
DA:146,1
DA:151,1
LF:69
LH:69
BRDA:12,0,0,10
BRDA:12,0,1,1
BRDA:23,1,0,8
BRDA:23,1,1,1
BRDA:42,2,0,4
BRDA:59,3,0,1
BRDA:116,4,0,1
BRDA:128,5,0,7
BRDA:131,6,0,5
BRDA:133,7,0,1
BRDA:133,7,1,3
BRDA:133,8,0,4
BRDA:133,8,1,3
BRDA:134,9,0,2
BRDA:134,10,0,1
BRDA:134,10,1,3
BRDA:134,11,0,4
BRDA:134,11,1,4
BRDA:137,12,0,0
BRDA:137,12,1,2
BRDA:137,13,0,2
BRDA:137,13,1,2
BRDA:139,14,0,1
BRDA:139,14,1,1
BRDA:139,15,0,2
BRDA:139,15,1,2
BRF:26
BRH:25
end_of_record
TN:
SF:src/users/userModel.ts
FNF:0
FNH:0
DA:1,0
DA:3,0
DA:14,0
DA:16,0
LF:4
LH:0
BRF:0
BRH:0
end_of_record
TN:
SF:src/users/userRoutes.ts
FN:20,(anonymous_7)
FN:20,(anonymous_8)
FN:42,(anonymous_9)
FN:42,(anonymous_10)
FN:64,(anonymous_11)
FN:64,(anonymous_12)
FN:89,(anonymous_13)
FN:96,(anonymous_14)
FN:96,(anonymous_15)
FN:127,(anonymous_16)
FN:127,(anonymous_17)
FNF:11
FNH:0
FNDA:0,(anonymous_7)
FNDA:0,(anonymous_8)
FNDA:0,(anonymous_9)
FNDA:0,(anonymous_10)
FNDA:0,(anonymous_11)
FNDA:0,(anonymous_12)
FNDA:0,(anonymous_13)
FNDA:0,(anonymous_14)
FNDA:0,(anonymous_15)
FNDA:0,(anonymous_16)
FNDA:0,(anonymous_17)
DA:1,0
DA:3,0
DA:4,0
DA:5,0
DA:6,0
DA:14,0
DA:20,0
DA:21,0
DA:22,0
DA:23,0
DA:24,0
DA:25,0
DA:26,0
DA:28,0
DA:29,0
DA:32,0
DA:37,0
DA:42,0
DA:43,0
DA:44,0
DA:45,0
DA:46,0
DA:47,0
DA:48,0
DA:49,0
DA:51,0
DA:52,0
DA:55,0
DA:60,0
DA:64,0
DA:65,0
DA:66,0
DA:67,0
DA:68,0
DA:69,0
DA:70,0
DA:71,0
DA:73,0
DA:74,0
DA:77,0
DA:82,0
DA:90,0
DA:91,0
DA:92,0
DA:94,0
DA:96,0
DA:97,0
DA:98,0
DA:100,0
DA:101,0
DA:102,0
DA:103,0
DA:104,0
DA:112,0
DA:114,0
DA:115,0
DA:118,0
DA:123,0
DA:127,0
DA:128,0
DA:129,0
DA:130,0
DA:131,0
DA:132,0
DA:133,0
DA:134,0
DA:136,0
DA:137,0
DA:140,0
DA:145,0
LF:70
LH:0
BRDA:23,0,0,0
BRDA:23,0,1,0
BRDA:28,1,0,0
BRDA:28,1,1,0
BRDA:46,2,0,0
BRDA:46,2,1,0
BRDA:51,3,0,0
BRDA:51,3,1,0
BRDA:68,4,0,0
BRDA:68,4,1,0
BRDA:73,5,0,0
BRDA:73,5,1,0
BRDA:91,6,0,0
BRDA:91,7,0,0
BRDA:91,7,1,0
BRDA:91,7,2,0
BRDA:91,7,3,0
BRDA:102,8,0,0
BRDA:102,8,1,0
BRDA:114,9,0,0
BRDA:114,9,1,0
BRDA:131,10,0,0
BRDA:131,10,1,0
BRDA:136,11,0,0
BRDA:136,11,1,0
BRF:25
BRH:0
end_of_record
TN:
SF:src/users/userService.ts
FN:5,(anonymous_8)
FN:5,(anonymous_9)
FN:10,(anonymous_10)
FN:15,(anonymous_11)
FN:23,(anonymous_12)
FN:23,(anonymous_13)
FN:28,(anonymous_14)
FN:35,(anonymous_15)
FN:43,(anonymous_16)
FN:43,(anonymous_17)
FNF:10
FNH:10
FNDA:9,(anonymous_8)
FNDA:9,(anonymous_9)
FNDA:9,(anonymous_10)
FNDA:9,(anonymous_11)
FNDA:8,(anonymous_12)
FNDA:8,(anonymous_13)
FNDA:9,(anonymous_14)
FNDA:9,(anonymous_15)
FNDA:8,(anonymous_16)
FNDA:8,(anonymous_17)
DA:1,1
DA:2,1
DA:3,1
DA:5,9
DA:6,9
DA:7,8
DA:10,1
DA:15,9
DA:16,9
DA:17,8
DA:23,8
DA:24,8
DA:25,7
DA:28,1
DA:35,9
DA:36,9
DA:37,8
DA:43,8
DA:44,8
DA:45,7
DA:48,1
LF:21
LH:21
BRF:0
BRH:0
end_of_record
TN:
SF:src/vehicle/vehicleModel.ts
FNF:0
FNH:0
DA:1,0
DA:3,0
DA:11,0
DA:13,0
LF:4
LH:0
BRF:0
BRH:0
end_of_record
TN:
SF:src/vehicle/vehicleRoutes.ts
FN:22,(anonymous_7)
FN:22,(anonymous_8)
FN:48,(anonymous_9)
FN:48,(anonymous_10)
FN:74,(anonymous_11)
FN:86,(anonymous_12)
FN:96,(anonymous_13)
FN:96,(anonymous_14)
FN:118,(anonymous_15)
FN:129,(anonymous_16)
FN:129,(anonymous_17)
FN:153,(anonymous_18)
FN:161,(anonymous_19)
FN:161,(anonymous_20)
FNF:14
FNH:0
FNDA:0,(anonymous_7)
FNDA:0,(anonymous_8)
FNDA:0,(anonymous_9)
FNDA:0,(anonymous_10)
FNDA:0,(anonymous_11)
FNDA:0,(anonymous_12)
FNDA:0,(anonymous_13)
FNDA:0,(anonymous_14)
FNDA:0,(anonymous_15)
FNDA:0,(anonymous_16)
FNDA:0,(anonymous_17)
FNDA:0,(anonymous_18)
FNDA:0,(anonymous_19)
FNDA:0,(anonymous_20)
DA:1,0
DA:3,0
DA:4,0
DA:5,0
DA:6,0
DA:8,0
DA:16,0
DA:22,0
DA:23,0
DA:24,0
DA:25,0
DA:26,0
DA:27,0
DA:28,0
DA:29,0
DA:31,0
DA:32,0
DA:33,0
DA:35,0
DA:39,0
DA:44,0
DA:48,0
DA:49,0
DA:50,0
DA:51,0
DA:52,0
DA:53,0
DA:54,0
DA:55,0
DA:57,0
DA:58,0
DA:59,0
DA:61,0
DA:65,0
DA:70,0
DA:75,0
DA:76,0
DA:77,0
DA:78,0
DA:79,0
DA:80,0
DA:82,0
DA:87,0
DA:88,0
DA:89,0
DA:91,0
DA:92,0
DA:94,0
DA:96,0
DA:97,0
DA:98,0
DA:99,0
DA:100,0
DA:101,0
DA:102,0
DA:104,0
DA:105,0
DA:106,0
DA:108,0
DA:112,0
DA:118,0
DA:119,0
DA:122,0
DA:129,0
DA:130,0
DA:131,0
DA:132,0
DA:133,0
DA:134,0
DA:135,0
DA:136,0
DA:137,0
DA:139,0
DA:140,0
DA:141,0
DA:143,0
DA:147,0
DA:153,0
DA:154,0
DA:157,0
DA:161,0
DA:162,0
DA:163,0
DA:164,0
DA:165,0
DA:166,0
DA:167,0
DA:168,0
DA:170,0
DA:171,0
DA:172,0
DA:174,0
DA:178,0
DA:183,0
LF:94
LH:0
BRDA:26,0,0,0
BRDA:26,0,1,0
BRDA:31,1,0,0
BRDA:31,1,1,0
BRDA:32,2,0,0
BRDA:32,2,1,0
BRDA:52,3,0,0
BRDA:52,3,1,0
BRDA:57,4,0,0
BRDA:57,4,1,0
BRDA:58,5,0,0
BRDA:58,5,1,0
BRDA:58,6,0,0
BRDA:58,6,1,0
BRDA:77,7,0,0
BRDA:77,7,1,0
BRDA:78,8,0,0
BRDA:78,8,1,0
BRDA:79,9,0,0
BRDA:79,10,0,0
BRDA:79,10,1,0
BRDA:88,11,0,0
BRDA:88,12,0,0
BRDA:88,12,1,0
BRDA:88,12,2,0
BRDA:91,13,0,0
BRDA:91,14,0,0
BRDA:91,14,1,0
BRDA:91,14,2,0
BRDA:99,15,0,0
BRDA:99,15,1,0
BRDA:104,16,0,0
BRDA:104,16,1,0
BRDA:105,17,0,0
BRDA:105,17,1,0
BRDA:134,18,0,0
BRDA:134,18,1,0
BRDA:139,19,0,0
BRDA:139,19,1,0
BRDA:140,20,0,0
BRDA:140,20,1,0
BRDA:140,21,0,0
BRDA:140,21,1,0
BRDA:165,22,0,0
BRDA:165,22,1,0
BRDA:170,23,0,0
BRDA:170,23,1,0
BRDA:171,24,0,0
BRDA:171,24,1,0
BRDA:171,25,0,0
BRDA:171,25,1,0
BRF:51
BRH:0
end_of_record
TN:
SF:src/vehicle/vehicleService.ts
FN:6,(anonymous_8)
FN:6,(anonymous_9)
FN:31,(anonymous_10)
FN:31,(anonymous_11)
FN:51,(anonymous_12)
FN:51,(anonymous_13)
FN:97,(anonymous_14)
FN:101,(anonymous_15)
FN:135,(anonymous_16)
FN:135,(anonymous_17)
FN:158,(anonymous_18)
FN:158,(anonymous_19)
FN:182,(anonymous_20)
FN:182,(anonymous_21)
FN:190,(anonymous_22)
FN:191,(anonymous_23)
FN:198,(anonymous_24)
FN:198,(anonymous_25)
FN:200,(anonymous_26)
FNF:19
FNH:19
FNDA:11,(anonymous_8)
FNDA:11,(anonymous_9)
FNDA:10,(anonymous_10)
FNDA:10,(anonymous_11)
FNDA:12,(anonymous_12)
FNDA:12,(anonymous_13)
FNDA:12,(anonymous_14)
FNDA:12,(anonymous_15)
FNDA:10,(anonymous_16)
FNDA:10,(anonymous_17)
FNDA:11,(anonymous_18)
FNDA:11,(anonymous_19)
FNDA:3,(anonymous_20)
FNDA:3,(anonymous_21)
FNDA:2,(anonymous_22)
FNDA:1,(anonymous_23)
FNDA:9,(anonymous_24)
FNDA:9,(anonymous_25)
FNDA:10,(anonymous_26)
DA:1,1
DA:2,1
DA:3,1
DA:4,1
DA:6,11
DA:8,11
DA:9,2
DA:11,9
DA:12,1
DA:14,8
DA:15,1
DA:17,7
DA:18,1
DA:20,6
DA:21,1
DA:23,5
DA:24,1
DA:27,4
DA:28,3
DA:31,10
DA:33,10
DA:34,2
DA:36,8
DA:37,2
DA:40,6
DA:41,5
DA:44,4
DA:45,1
DA:48,3
DA:51,12
DA:53,12
DA:54,1
DA:56,11
DA:57,1
DA:59,10
DA:60,1
DA:62,9
DA:63,0
DA:65,9
DA:66,1
DA:68,8
DA:69,1
DA:71,7
DA:72,0
DA:74,7
DA:75,1
DA:78,6
DA:79,6
DA:80,6
DA:81,4
DA:83,6
DA:84,4
DA:86,6
DA:87,1
DA:89,6
DA:90,1
DA:93,6
DA:94,4
DA:97,1
DA:101,12
DA:103,12
DA:104,2
DA:106,10
DA:107,1
DA:109,9
DA:110,1
DA:112,8
DA:113,1
DA:115,7
DA:116,1
DA:118,6
DA:119,1
DA:122,5
DA:123,4
DA:128,2
DA:129,1
DA:132,1
DA:135,10
DA:137,10
DA:138,2
DA:140,8
DA:141,2
DA:144,6
DA:145,5
DA:147,3
DA:149,2
DA:150,1
DA:152,1
DA:155,1
DA:158,11
DA:160,11
DA:161,2
DA:163,9
DA:164,1
DA:167,8
DA:168,8
DA:171,8
DA:172,1
DA:174,7
DA:175,0
DA:177,7
DA:178,1
DA:181,6
DA:182,4
DA:183,3
DA:184,2
DA:185,1
DA:187,1
DA:190,3
DA:191,3
DA:192,1
DA:195,3
DA:198,9
DA:199,9
DA:200,6
DA:201,10
DA:203,6
DA:206,1
LF:118
LH:115
BRDA:8,0,0,2
BRDA:8,1,0,11
BRDA:8,1,1,9
BRDA:11,2,0,1
BRDA:11,3,0,9
BRDA:11,3,1,8
BRDA:14,4,0,1
BRDA:14,5,0,8
BRDA:14,5,1,7
BRDA:17,6,0,1
BRDA:17,7,0,7
BRDA:17,7,1,7
BRDA:20,8,0,1
BRDA:20,9,0,6
BRDA:20,9,1,6
BRDA:23,10,0,1
BRDA:23,11,0,5
BRDA:23,11,1,4
BRDA:33,12,0,2
BRDA:33,13,0,10
BRDA:33,13,1,8
BRDA:36,14,0,2
BRDA:36,15,0,8
BRDA:36,15,1,6
BRDA:44,16,0,1
BRDA:53,17,0,1
BRDA:53,18,0,12
BRDA:53,18,1,8
BRDA:56,19,0,1
BRDA:56,20,0,11
BRDA:56,20,1,10
BRDA:59,21,0,1
BRDA:59,22,0,10
BRDA:59,22,1,6
BRDA:62,23,0,0
BRDA:62,24,0,9
BRDA:62,24,1,5
BRDA:65,25,0,1
BRDA:65,26,0,9
BRDA:65,26,1,5
BRDA:65,26,2,5
BRDA:68,27,0,1
BRDA:68,28,0,8
BRDA:68,28,1,3
BRDA:71,29,0,0
BRDA:71,30,0,7
BRDA:71,30,1,2
BRDA:74,31,0,1
BRDA:74,32,0,7
BRDA:74,32,1,2
BRDA:74,32,2,2
BRDA:78,33,0,4
BRDA:78,33,1,2
BRDA:80,34,0,4
BRDA:83,35,0,4
BRDA:86,36,0,1
BRDA:89,37,0,1
BRDA:94,38,0,2
BRDA:94,38,1,2
BRDA:103,39,0,2
BRDA:103,40,0,12
BRDA:103,40,1,10
BRDA:106,41,0,1
BRDA:106,42,0,10
BRDA:106,42,1,9
BRDA:109,43,0,1
BRDA:109,44,0,9
BRDA:109,44,1,8
BRDA:112,45,0,1
BRDA:112,46,0,8
BRDA:112,46,1,7
BRDA:115,47,0,1
BRDA:115,48,0,7
BRDA:115,48,1,7
BRDA:118,49,0,1
BRDA:118,50,0,6
BRDA:118,50,1,6
BRDA:128,51,0,1
BRDA:137,52,0,2
BRDA:137,53,0,10
BRDA:137,53,1,8
BRDA:140,54,0,2
BRDA:140,55,0,8
BRDA:140,55,1,6
BRDA:147,56,0,2
BRDA:149,57,0,1
BRDA:160,58,0,2
BRDA:160,59,0,11
BRDA:160,59,1,9
BRDA:163,60,0,1
BRDA:163,61,0,9
BRDA:163,61,1,8
BRDA:171,62,0,1
BRDA:174,63,0,0
BRDA:177,64,0,1
BRDA:184,65,0,1
BRF:96
BRH:93
end_of_record
